<?xml version="1.0" encoding="UTF-8"?>
<!-- Generated by org.testng.reporters.JUnitXMLReporter -->
<testsuite hostname="Rajitha" ignored="1" name="Test" tests="68" failures="20" timestamp="02 Apr 2018 18:42:52 GMT" time="18359.532" errors="0">
  <testcase name="CRe4_1213_to_1220" time="135.572" classname="com.create4.execution.Int_docstat_msdcsn_TS_81"/>
  <testcase name="CRe4_1302_05_07_09" time="207.69" classname="com.create4.execution.Amnd_docstat_msdcsn_TS_82">
    <failure type="org.openqa.selenium.WebDriverException" message="Element is not clickable at point (532.0499877929688, 403.29998779296875). Other element would receive the click: &amp;lt;div class=&amp;quot;blockUI blockOverlay&amp;quot; style=&amp;quot;z-index: 1000; border: medium none; margin: 0px; padding: 0px; width: 100%; height: 100%; top: 0px; left: 0px; background-color: rgb(0, 0, 0); opacity: 0.294139; cursor: default; position: fixed;&amp;quot;&amp;gt;&amp;lt;/div&amp;gt;
Command duration or timeout: 72 milliseconds
Build info: version: &amp;apos;2.53.1&amp;apos;, revision: &amp;apos;a36b8b1cd5757287168e54b817830adce9b0158d&amp;apos;, time: &amp;apos;2016-06-30 19:26:09&amp;apos;
System info: host: &amp;apos;Rajitha&amp;apos;, ip: &amp;apos;192.168.56.1&amp;apos;, os.name: &amp;apos;Windows 10&amp;apos;, os.arch: &amp;apos;amd64&amp;apos;, os.version: &amp;apos;10.0&amp;apos;, java.version: &amp;apos;1.8.0_111&amp;apos;
Driver info: org.openqa.selenium.firefox.FirefoxDriver
Capabilities [{applicationCacheEnabled=true, rotatable=false, handlesAlerts=true, databaseEnabled=true, version=47.0.1, platform=WINDOWS, nativeEvents=false, acceptSslCerts=true, webStorageEnabled=true, locationContextEnabled=true, browserName=firefox, takesScreenshot=true, javascriptEnabled=true, cssSelectorsEnabled=true}]
Session ID: 23193be9-cdf4-4fd0-9727-5d4a2862849e">
      <![CDATA[org.openqa.selenium.WebDriverException: Element is not clickable at point (532.0499877929688, 403.29998779296875). Other element would receive the click: <div class="blockUI blockOverlay" style="z-index: 1000; border: medium none; margin: 0px; padding: 0px; width: 100%; height: 100%; top: 0px; left: 0px; background-color: rgb(0, 0, 0); opacity: 0.294139; cursor: default; position: fixed;"></div>
Command duration or timeout: 72 milliseconds
Build info: version: '2.53.1', revision: 'a36b8b1cd5757287168e54b817830adce9b0158d', time: '2016-06-30 19:26:09'
System info: host: 'Rajitha', ip: '192.168.56.1', os.name: 'Windows 10', os.arch: 'amd64', os.version: '10.0', java.version: '1.8.0_111'
Driver info: org.openqa.selenium.firefox.FirefoxDriver
Capabilities [{applicationCacheEnabled=true, rotatable=false, handlesAlerts=true, databaseEnabled=true, version=47.0.1, platform=WINDOWS, nativeEvents=false, acceptSslCerts=true, webStorageEnabled=true, locationContextEnabled=true, browserName=firefox, takesScreenshot=true, javascriptEnabled=true, cssSelectorsEnabled=true}]
Session ID: 23193be9-cdf4-4fd0-9727-5d4a2862849e
	at org.openqa.selenium.remote.ErrorHandler.createThrowable(ErrorHandler.java:206)
	at org.openqa.selenium.remote.ErrorHandler.throwIfResponseFailed(ErrorHandler.java:158)
	at org.openqa.selenium.remote.RemoteWebDriver.execute(RemoteWebDriver.java:678)
	at org.openqa.selenium.remote.RemoteWebElement.execute(RemoteWebElement.java:327)
	at org.openqa.selenium.remote.RemoteWebElement.click(RemoteWebElement.java:85)
	at com.create4.scenarios.TS_82.CRe4_1302_05_07_09(TS_82.java:530)
	at com.create4.execution.Amnd_docstat_msdcsn_TS_82.CRe4_1302_05_07_09(Amnd_docstat_msdcsn_TS_82.java:38)
... Removed 29 stack frames]]>
    </failure>
  </testcase> <!-- CRe4_1302_05_07_09 -->
  <testcase name="CRe4_1381_84_86_88" time="207.105" classname="com.create4.execution.Dev_docstat_msdcsn_TS_83">
    <failure type="org.openqa.selenium.WebDriverException" message="Element is not clickable at point (532.0499877929688, 403.29998779296875). Other element would receive the click: &amp;lt;div class=&amp;quot;blockUI blockOverlay&amp;quot; style=&amp;quot;z-index: 1000; border: medium none; margin: 0px; padding: 0px; width: 100%; height: 100%; top: 0px; left: 0px; background-color: rgb(0, 0, 0); opacity: 0.00315375; cursor: default; position: fixed;&amp;quot;&amp;gt;&amp;lt;/div&amp;gt;
Command duration or timeout: 89 milliseconds
Build info: version: &amp;apos;2.53.1&amp;apos;, revision: &amp;apos;a36b8b1cd5757287168e54b817830adce9b0158d&amp;apos;, time: &amp;apos;2016-06-30 19:26:09&amp;apos;
System info: host: &amp;apos;Rajitha&amp;apos;, ip: &amp;apos;192.168.56.1&amp;apos;, os.name: &amp;apos;Windows 10&amp;apos;, os.arch: &amp;apos;amd64&amp;apos;, os.version: &amp;apos;10.0&amp;apos;, java.version: &amp;apos;1.8.0_111&amp;apos;
Driver info: org.openqa.selenium.firefox.FirefoxDriver
Capabilities [{applicationCacheEnabled=true, rotatable=false, handlesAlerts=true, databaseEnabled=true, version=47.0.1, platform=WINDOWS, nativeEvents=false, acceptSslCerts=true, webStorageEnabled=true, locationContextEnabled=true, browserName=firefox, takesScreenshot=true, javascriptEnabled=true, cssSelectorsEnabled=true}]
Session ID: a8426286-29b7-4191-8d9a-5fd056f8dae2">
      <![CDATA[org.openqa.selenium.WebDriverException: Element is not clickable at point (532.0499877929688, 403.29998779296875). Other element would receive the click: <div class="blockUI blockOverlay" style="z-index: 1000; border: medium none; margin: 0px; padding: 0px; width: 100%; height: 100%; top: 0px; left: 0px; background-color: rgb(0, 0, 0); opacity: 0.00315375; cursor: default; position: fixed;"></div>
Command duration or timeout: 89 milliseconds
Build info: version: '2.53.1', revision: 'a36b8b1cd5757287168e54b817830adce9b0158d', time: '2016-06-30 19:26:09'
System info: host: 'Rajitha', ip: '192.168.56.1', os.name: 'Windows 10', os.arch: 'amd64', os.version: '10.0', java.version: '1.8.0_111'
Driver info: org.openqa.selenium.firefox.FirefoxDriver
Capabilities [{applicationCacheEnabled=true, rotatable=false, handlesAlerts=true, databaseEnabled=true, version=47.0.1, platform=WINDOWS, nativeEvents=false, acceptSslCerts=true, webStorageEnabled=true, locationContextEnabled=true, browserName=firefox, takesScreenshot=true, javascriptEnabled=true, cssSelectorsEnabled=true}]
Session ID: a8426286-29b7-4191-8d9a-5fd056f8dae2
	at org.openqa.selenium.remote.ErrorHandler.createThrowable(ErrorHandler.java:206)
	at org.openqa.selenium.remote.ErrorHandler.throwIfResponseFailed(ErrorHandler.java:158)
	at org.openqa.selenium.remote.RemoteWebDriver.execute(RemoteWebDriver.java:678)
	at org.openqa.selenium.remote.RemoteWebElement.execute(RemoteWebElement.java:327)
	at org.openqa.selenium.remote.RemoteWebElement.click(RemoteWebElement.java:85)
	at org.openqa.selenium.support.pagefactory.internal.LocatingElementHandler.invoke(LocatingElementHandler.java:51)
	at com.sun.proxy.$Proxy7.click(Unknown Source)
	at com.create4.scenarios.TS_83.CRe4_1381_84_86_88(TS_83.java:588)
	at com.create4.execution.Dev_docstat_msdcsn_TS_83.CRe4_1381_84_86_88(Dev_docstat_msdcsn_TS_83.java:39)
... Removed 33 stack frames]]>
    </failure>
  </testcase> <!-- CRe4_1381_84_86_88 -->
  <testcase name="CRe4_1435_38_40_42" time="363.661" classname="com.create4.execution.Cont_docstat_msdcsn_TS_84"/>
  <testcase name="CRe4_1514_17_19_21" time="338.818" classname="com.create4.execution.Comp_docstat_msdcsn_TS_85"/>
  <testcase name="CRe4_1593_96_98_60" time="328.154" classname="com.create4.execution.Term_docstat_msdcsn_TS_86"/>
  <testcase name="CRe4_1672_75_77_79" time="349.833" classname="com.create4.execution.Saeint_docstat_msdcsn_TS_87"/>
  <testcase name="CRe4_1741_44_46_48" time="374.812" classname="com.create4.execution.Saefllw_docstat_msdcsn_TS_88"/>
  <testcase name="CRe4_1820_23_25_27" time="339.736" classname="com.create4.execution.Saeothr_docstat_msdcsn_TS_89"/>
  <testcase name="CRe4_1891_94_96_98" time="226.912" classname="com.create4.execution.With_docstat_msdcsn_TS_90">
    <failure type="org.openqa.selenium.TimeoutException" message="Timed out after 180 seconds waiting for com.global.methods.GlobalWait$2@6009cd34
Build info: version: &amp;apos;2.53.1&amp;apos;, revision: &amp;apos;a36b8b1cd5757287168e54b817830adce9b0158d&amp;apos;, time: &amp;apos;2016-06-30 19:26:09&amp;apos;
System info: host: &amp;apos;Rajitha&amp;apos;, ip: &amp;apos;192.168.56.1&amp;apos;, os.name: &amp;apos;Windows 10&amp;apos;, os.arch: &amp;apos;amd64&amp;apos;, os.version: &amp;apos;10.0&amp;apos;, java.version: &amp;apos;1.8.0_111&amp;apos;
Driver info: driver.version: unknown">
      <![CDATA[org.openqa.selenium.TimeoutException: Timed out after 180 seconds waiting for com.global.methods.GlobalWait$2@6009cd34
Build info: version: '2.53.1', revision: 'a36b8b1cd5757287168e54b817830adce9b0158d', time: '2016-06-30 19:26:09'
System info: host: 'Rajitha', ip: '192.168.56.1', os.name: 'Windows 10', os.arch: 'amd64', os.version: '10.0', java.version: '1.8.0_111'
Driver info: driver.version: unknown
	at org.openqa.selenium.support.ui.FluentWait.timeoutException(FluentWait.java:292)
	at org.openqa.selenium.support.ui.FluentWait.until(FluentWait.java:261)
	at com.global.methods.GlobalWait.Wait_GetElementById(GlobalWait.java:52)
	at com.create4.scenarios.TS_90.CRe4_1891_94_96_98(TS_90.java:517)
	at com.create4.execution.With_docstat_msdcsn_TS_90.CRe4_1891_94_96_98(With_docstat_msdcsn_TS_90.java:37)
Caused by: org.openqa.selenium.NoSuchElementException: Unable to locate element: {"method":"id","selector":"submitid"}
Command duration or timeout: 12 milliseconds
For documentation on this error, please visit: http://seleniumhq.org/exceptions/no_such_element.html
Build info: version: '2.53.1', revision: 'a36b8b1cd5757287168e54b817830adce9b0158d', time: '2016-06-30 19:26:09'
System info: host: 'Rajitha', ip: '192.168.56.1', os.name: 'Windows 10', os.arch: 'amd64', os.version: '10.0', java.version: '1.8.0_111'
Driver info: org.openqa.selenium.firefox.FirefoxDriver
Capabilities [{applicationCacheEnabled=true, rotatable=false, handlesAlerts=true, databaseEnabled=true, version=47.0.1, platform=WINDOWS, nativeEvents=false, acceptSslCerts=true, webStorageEnabled=true, locationContextEnabled=true, browserName=firefox, takesScreenshot=true, javascriptEnabled=true, cssSelectorsEnabled=true}]
Session ID: f279055e-4d8d-4ad0-8f8c-66cfa699bd81
*** Element info: {Using=id, value=submitid}
	at org.openqa.selenium.remote.ErrorHandler.createThrowable(ErrorHandler.java:206)
	at org.openqa.selenium.remote.ErrorHandler.throwIfResponseFailed(ErrorHandler.java:158)
	at org.openqa.selenium.remote.RemoteWebDriver.execute(RemoteWebDriver.java:678)
	at org.openqa.selenium.remote.RemoteWebDriver.findElement(RemoteWebDriver.java:363)
	at org.openqa.selenium.remote.RemoteWebDriver.findElementById(RemoteWebDriver.java:413)
	at org.openqa.selenium.By$ById.findElement(By.java:218)
	at org.openqa.selenium.remote.RemoteWebDriver.findElement(RemoteWebDriver.java:355)
	at com.global.methods.GlobalWait$2.apply(GlobalWait.java:55)
	at org.openqa.selenium.support.ui.FluentWait.until(FluentWait.java:238)
	... 28 more
Caused by: org.openqa.selenium.NoSuchElementException: Unable to locate element: {"method":"id","selector":"submitid"}
For documentation on this error, please visit: http://seleniumhq.org/exceptions/no_such_element.html
Build info: version: '2.53.1', revision: 'a36b8b1cd5757287168e54b817830adce9b0158d', time: '2016-06-30 19:26:09'
System info: host: 'Rajitha', ip: '192.168.56.1', os.name: 'Windows 10', os.arch: 'amd64', os.version: '10.0', java.version: '1.8.0_111'
Driver info: driver.version: unknown
	at <anonymous class>.FirefoxDriver.prototype.findElementInternal_(file:///C:/Users/rajitha.g/AppData/Local/Temp/anonymous1224555820525064466webdriver-profile/extensions/fxdriver@googlecode.com/components/driver-component.js:10770)
	at <anonymous class>.FirefoxDriver.prototype.findElement(file:///C:/Users/rajitha.g/AppData/Local/Temp/anonymous1224555820525064466webdriver-profile/extensions/fxdriver@googlecode.com/components/driver-component.js:10779)
	at <anonymous class>.DelayedCommand.prototype.executeInternal_/h(file:///C:/Users/rajitha.g/AppData/Local/Temp/anonymous1224555820525064466webdriver-profile/extensions/fxdriver@googlecode.com/components/command-processor.js:12661)
	at <anonymous class>.DelayedCommand.prototype.executeInternal_(file:///C:/Users/rajitha.g/AppData/Local/Temp/anonymous1224555820525064466webdriver-profile/extensions/fxdriver@googlecode.com/components/command-processor.js:12666)
	at <anonymous class>.DelayedCommand.prototype.execute/<(file:///C:/Users/rajitha.g/AppData/Local/Temp/anonymous1224555820525064466webdriver-profile/extensions/fxdriver@googlecode.com/components/command-processor.js:12608)
... Removed 28 stack frames]]>
    </failure>
  </testcase> <!-- CRe4_1891_94_96_98 -->
  <testcase name="CRe4_1221" time="202.979" classname="com.create4.execution.Withexp_prjctstatus4_msdcsn_TS_51"/>
  <testcase name="CRe4_1226" time="205.504" classname="com.create4.execution.Withexp_prjctstatus4_msdcsn_TS_51"/>
  <testcase name="CRe4_1231" time="214.018" classname="com.create4.execution.Withexp_prjctstatus4_msdcsn_TS_51"/>
  <testcase name="CRe4_1236" time="204.579" classname="com.create4.execution.Withexp_prjctstatus4_msdcsn_TS_51"/>
  <testcase name="CRe4_1241" time="236.738" classname="com.create4.execution.Withexp_prjctstatus4_msdcsn_TS_51"/>
  <testcase name="CRe4_1246" time="216.548" classname="com.create4.execution.Withexp_prjctstatus4_msdcsn_TS_51"/>
  <testcase name="CRe4_1251" time="209.232" classname="com.create4.execution.Withexp_prjctstatus4_msdcsn_TS_51"/>
  <testcase name="CRe4_1310" time="162.557" classname="com.create4.execution.Amndexp_prjctstatus4_msdcsn_TS_52">
    <failure type="org.openqa.selenium.WebDriverException" message="Element is not clickable at point (532.0499877929688, 403.29998779296875). Other element would receive the click: &amp;lt;div class=&amp;quot;blockUI blockOverlay&amp;quot; style=&amp;quot;z-index: 1000; border: medium none; margin: 0px; padding: 0px; width: 100%; height: 100%; top: 0px; left: 0px; background-color: rgb(0, 0, 0); opacity: 0.270478; cursor: default; position: fixed;&amp;quot;&amp;gt;&amp;lt;/div&amp;gt;
Command duration or timeout: 69 milliseconds
Build info: version: &amp;apos;2.53.1&amp;apos;, revision: &amp;apos;a36b8b1cd5757287168e54b817830adce9b0158d&amp;apos;, time: &amp;apos;2016-06-30 19:26:09&amp;apos;
System info: host: &amp;apos;Rajitha&amp;apos;, ip: &amp;apos;192.168.56.1&amp;apos;, os.name: &amp;apos;Windows 10&amp;apos;, os.arch: &amp;apos;amd64&amp;apos;, os.version: &amp;apos;10.0&amp;apos;, java.version: &amp;apos;1.8.0_111&amp;apos;
Driver info: org.openqa.selenium.firefox.FirefoxDriver
Capabilities [{applicationCacheEnabled=true, rotatable=false, handlesAlerts=true, databaseEnabled=true, version=47.0.1, platform=WINDOWS, nativeEvents=false, acceptSslCerts=true, webStorageEnabled=true, locationContextEnabled=true, browserName=firefox, takesScreenshot=true, javascriptEnabled=true, cssSelectorsEnabled=true}]
Session ID: 875a0df4-3319-4c88-9244-efe11125d06a">
      <![CDATA[org.openqa.selenium.WebDriverException: Element is not clickable at point (532.0499877929688, 403.29998779296875). Other element would receive the click: <div class="blockUI blockOverlay" style="z-index: 1000; border: medium none; margin: 0px; padding: 0px; width: 100%; height: 100%; top: 0px; left: 0px; background-color: rgb(0, 0, 0); opacity: 0.270478; cursor: default; position: fixed;"></div>
Command duration or timeout: 69 milliseconds
Build info: version: '2.53.1', revision: 'a36b8b1cd5757287168e54b817830adce9b0158d', time: '2016-06-30 19:26:09'
System info: host: 'Rajitha', ip: '192.168.56.1', os.name: 'Windows 10', os.arch: 'amd64', os.version: '10.0', java.version: '1.8.0_111'
Driver info: org.openqa.selenium.firefox.FirefoxDriver
Capabilities [{applicationCacheEnabled=true, rotatable=false, handlesAlerts=true, databaseEnabled=true, version=47.0.1, platform=WINDOWS, nativeEvents=false, acceptSslCerts=true, webStorageEnabled=true, locationContextEnabled=true, browserName=firefox, takesScreenshot=true, javascriptEnabled=true, cssSelectorsEnabled=true}]
Session ID: 875a0df4-3319-4c88-9244-efe11125d06a
	at org.openqa.selenium.remote.ErrorHandler.createThrowable(ErrorHandler.java:206)
	at org.openqa.selenium.remote.ErrorHandler.throwIfResponseFailed(ErrorHandler.java:158)
	at org.openqa.selenium.remote.RemoteWebDriver.execute(RemoteWebDriver.java:678)
	at org.openqa.selenium.remote.RemoteWebElement.execute(RemoteWebElement.java:327)
	at org.openqa.selenium.remote.RemoteWebElement.click(RemoteWebElement.java:85)
	at com.create4.scenarios.TS_52.CRe4_1310(TS_52.java:534)
	at com.create4.execution.Amndexp_prjctstatus4_msdcsn_TS_52.CRe4_1310(Amndexp_prjctstatus4_msdcsn_TS_52.java:38)
... Removed 29 stack frames]]>
    </failure>
  </testcase> <!-- CRe4_1310 -->
  <testcase name="CRe4_1315" time="167.583" classname="com.create4.execution.Amndexp_prjctstatus4_msdcsn_TS_52">
    <failure type="org.openqa.selenium.WebDriverException" message="Element is not clickable at point (532.0499877929688, 403.29998779296875). Other element would receive the click: &amp;lt;div class=&amp;quot;blockUI blockOverlay&amp;quot; style=&amp;quot;z-index: 1000; border: medium none; margin: 0px; padding: 0px; width: 100%; height: 100%; top: 0px; left: 0px; background-color: rgb(0, 0, 0); opacity: 0.251283; cursor: default; position: fixed;&amp;quot;&amp;gt;&amp;lt;/div&amp;gt;
Command duration or timeout: 69 milliseconds
Build info: version: &amp;apos;2.53.1&amp;apos;, revision: &amp;apos;a36b8b1cd5757287168e54b817830adce9b0158d&amp;apos;, time: &amp;apos;2016-06-30 19:26:09&amp;apos;
System info: host: &amp;apos;Rajitha&amp;apos;, ip: &amp;apos;192.168.56.1&amp;apos;, os.name: &amp;apos;Windows 10&amp;apos;, os.arch: &amp;apos;amd64&amp;apos;, os.version: &amp;apos;10.0&amp;apos;, java.version: &amp;apos;1.8.0_111&amp;apos;
Driver info: org.openqa.selenium.firefox.FirefoxDriver
Capabilities [{applicationCacheEnabled=true, rotatable=false, handlesAlerts=true, databaseEnabled=true, version=47.0.1, platform=WINDOWS, nativeEvents=false, acceptSslCerts=true, webStorageEnabled=true, locationContextEnabled=true, browserName=firefox, takesScreenshot=true, javascriptEnabled=true, cssSelectorsEnabled=true}]
Session ID: a22c0895-8120-405c-811b-c82f10c68f6b">
      <![CDATA[org.openqa.selenium.WebDriverException: Element is not clickable at point (532.0499877929688, 403.29998779296875). Other element would receive the click: <div class="blockUI blockOverlay" style="z-index: 1000; border: medium none; margin: 0px; padding: 0px; width: 100%; height: 100%; top: 0px; left: 0px; background-color: rgb(0, 0, 0); opacity: 0.251283; cursor: default; position: fixed;"></div>
Command duration or timeout: 69 milliseconds
Build info: version: '2.53.1', revision: 'a36b8b1cd5757287168e54b817830adce9b0158d', time: '2016-06-30 19:26:09'
System info: host: 'Rajitha', ip: '192.168.56.1', os.name: 'Windows 10', os.arch: 'amd64', os.version: '10.0', java.version: '1.8.0_111'
Driver info: org.openqa.selenium.firefox.FirefoxDriver
Capabilities [{applicationCacheEnabled=true, rotatable=false, handlesAlerts=true, databaseEnabled=true, version=47.0.1, platform=WINDOWS, nativeEvents=false, acceptSslCerts=true, webStorageEnabled=true, locationContextEnabled=true, browserName=firefox, takesScreenshot=true, javascriptEnabled=true, cssSelectorsEnabled=true}]
Session ID: a22c0895-8120-405c-811b-c82f10c68f6b
	at org.openqa.selenium.remote.ErrorHandler.createThrowable(ErrorHandler.java:206)
	at org.openqa.selenium.remote.ErrorHandler.throwIfResponseFailed(ErrorHandler.java:158)
	at org.openqa.selenium.remote.RemoteWebDriver.execute(RemoteWebDriver.java:678)
	at org.openqa.selenium.remote.RemoteWebElement.execute(RemoteWebElement.java:327)
	at org.openqa.selenium.remote.RemoteWebElement.click(RemoteWebElement.java:85)
	at com.create4.scenarios.TS_52.CRe4_1315(TS_52.java:827)
	at com.create4.execution.Amndexp_prjctstatus4_msdcsn_TS_52.CRe4_1315(Amndexp_prjctstatus4_msdcsn_TS_52.java:46)
... Removed 29 stack frames]]>
    </failure>
  </testcase> <!-- CRe4_1315 -->
  <testcase name="CRe4_1320" time="346.73" classname="com.create4.execution.Amndexp_prjctstatus4_msdcsn_TS_52"/>
  <testcase name="CRe4_1325" time="197.415" classname="com.create4.execution.Amndexp_prjctstatus4_msdcsn_TS_52">
    <failure type="org.openqa.selenium.WebDriverException" message="Element is not clickable at point (532.0499877929688, 403.29998779296875). Other element would receive the click: &amp;lt;div class=&amp;quot;blockUI blockOverlay&amp;quot; style=&amp;quot;z-index: 1000; border: medium none; margin: 0px; padding: 0px; width: 100%; height: 100%; top: 0px; left: 0px; background-color: rgb(0, 0, 0); opacity: 0.297285; cursor: default; position: fixed;&amp;quot;&amp;gt;&amp;lt;/div&amp;gt;
Command duration or timeout: 68 milliseconds
Build info: version: &amp;apos;2.53.1&amp;apos;, revision: &amp;apos;a36b8b1cd5757287168e54b817830adce9b0158d&amp;apos;, time: &amp;apos;2016-06-30 19:26:09&amp;apos;
System info: host: &amp;apos;Rajitha&amp;apos;, ip: &amp;apos;192.168.56.1&amp;apos;, os.name: &amp;apos;Windows 10&amp;apos;, os.arch: &amp;apos;amd64&amp;apos;, os.version: &amp;apos;10.0&amp;apos;, java.version: &amp;apos;1.8.0_111&amp;apos;
Driver info: org.openqa.selenium.firefox.FirefoxDriver
Capabilities [{applicationCacheEnabled=true, rotatable=false, handlesAlerts=true, databaseEnabled=true, version=47.0.1, platform=WINDOWS, nativeEvents=false, acceptSslCerts=true, webStorageEnabled=true, locationContextEnabled=true, browserName=firefox, takesScreenshot=true, javascriptEnabled=true, cssSelectorsEnabled=true}]
Session ID: 839e8861-a53f-4e02-b2bb-d7780b28f418">
      <![CDATA[org.openqa.selenium.WebDriverException: Element is not clickable at point (532.0499877929688, 403.29998779296875). Other element would receive the click: <div class="blockUI blockOverlay" style="z-index: 1000; border: medium none; margin: 0px; padding: 0px; width: 100%; height: 100%; top: 0px; left: 0px; background-color: rgb(0, 0, 0); opacity: 0.297285; cursor: default; position: fixed;"></div>
Command duration or timeout: 68 milliseconds
Build info: version: '2.53.1', revision: 'a36b8b1cd5757287168e54b817830adce9b0158d', time: '2016-06-30 19:26:09'
System info: host: 'Rajitha', ip: '192.168.56.1', os.name: 'Windows 10', os.arch: 'amd64', os.version: '10.0', java.version: '1.8.0_111'
Driver info: org.openqa.selenium.firefox.FirefoxDriver
Capabilities [{applicationCacheEnabled=true, rotatable=false, handlesAlerts=true, databaseEnabled=true, version=47.0.1, platform=WINDOWS, nativeEvents=false, acceptSslCerts=true, webStorageEnabled=true, locationContextEnabled=true, browserName=firefox, takesScreenshot=true, javascriptEnabled=true, cssSelectorsEnabled=true}]
Session ID: 839e8861-a53f-4e02-b2bb-d7780b28f418
	at org.openqa.selenium.remote.ErrorHandler.createThrowable(ErrorHandler.java:206)
	at org.openqa.selenium.remote.ErrorHandler.throwIfResponseFailed(ErrorHandler.java:158)
	at org.openqa.selenium.remote.RemoteWebDriver.execute(RemoteWebDriver.java:678)
	at org.openqa.selenium.remote.RemoteWebElement.execute(RemoteWebElement.java:327)
	at org.openqa.selenium.remote.RemoteWebElement.click(RemoteWebElement.java:85)
	at com.create4.scenarios.TS_52.CRe4_1325(TS_52.java:1418)
	at com.create4.execution.Amndexp_prjctstatus4_msdcsn_TS_52.CRe4_1325(Amndexp_prjctstatus4_msdcsn_TS_52.java:63)
... Removed 29 stack frames]]>
    </failure>
  </testcase> <!-- CRe4_1325 -->
  <testcase name="CRe4_1330" time="185.734" classname="com.create4.execution.Amndexp_prjctstatus4_msdcsn_TS_52">
    <failure type="org.openqa.selenium.WebDriverException" message="Element is not clickable at point (532.0499877929688, 403.29998779296875). Other element would receive the click: &amp;lt;div class=&amp;quot;blockUI blockOverlay&amp;quot; style=&amp;quot;z-index: 1000; border: medium none; margin: 0px; padding: 0px; width: 100%; height: 100%; top: 0px; left: 0px; background-color: rgb(0, 0, 0); opacity: 0.227104; cursor: default; position: fixed;&amp;quot;&amp;gt;&amp;lt;/div&amp;gt;
Command duration or timeout: 71 milliseconds
Build info: version: &amp;apos;2.53.1&amp;apos;, revision: &amp;apos;a36b8b1cd5757287168e54b817830adce9b0158d&amp;apos;, time: &amp;apos;2016-06-30 19:26:09&amp;apos;
System info: host: &amp;apos;Rajitha&amp;apos;, ip: &amp;apos;192.168.56.1&amp;apos;, os.name: &amp;apos;Windows 10&amp;apos;, os.arch: &amp;apos;amd64&amp;apos;, os.version: &amp;apos;10.0&amp;apos;, java.version: &amp;apos;1.8.0_111&amp;apos;
Driver info: org.openqa.selenium.firefox.FirefoxDriver
Capabilities [{applicationCacheEnabled=true, rotatable=false, handlesAlerts=true, databaseEnabled=true, version=47.0.1, platform=WINDOWS, nativeEvents=false, acceptSslCerts=true, webStorageEnabled=true, locationContextEnabled=true, browserName=firefox, takesScreenshot=true, javascriptEnabled=true, cssSelectorsEnabled=true}]
Session ID: 78c5f568-c3f8-4383-9826-e52421ffbae0">
      <![CDATA[org.openqa.selenium.WebDriverException: Element is not clickable at point (532.0499877929688, 403.29998779296875). Other element would receive the click: <div class="blockUI blockOverlay" style="z-index: 1000; border: medium none; margin: 0px; padding: 0px; width: 100%; height: 100%; top: 0px; left: 0px; background-color: rgb(0, 0, 0); opacity: 0.227104; cursor: default; position: fixed;"></div>
Command duration or timeout: 71 milliseconds
Build info: version: '2.53.1', revision: 'a36b8b1cd5757287168e54b817830adce9b0158d', time: '2016-06-30 19:26:09'
System info: host: 'Rajitha', ip: '192.168.56.1', os.name: 'Windows 10', os.arch: 'amd64', os.version: '10.0', java.version: '1.8.0_111'
Driver info: org.openqa.selenium.firefox.FirefoxDriver
Capabilities [{applicationCacheEnabled=true, rotatable=false, handlesAlerts=true, databaseEnabled=true, version=47.0.1, platform=WINDOWS, nativeEvents=false, acceptSslCerts=true, webStorageEnabled=true, locationContextEnabled=true, browserName=firefox, takesScreenshot=true, javascriptEnabled=true, cssSelectorsEnabled=true}]
Session ID: 78c5f568-c3f8-4383-9826-e52421ffbae0
	at org.openqa.selenium.remote.ErrorHandler.createThrowable(ErrorHandler.java:206)
	at org.openqa.selenium.remote.ErrorHandler.throwIfResponseFailed(ErrorHandler.java:158)
	at org.openqa.selenium.remote.RemoteWebDriver.execute(RemoteWebDriver.java:678)
	at org.openqa.selenium.remote.RemoteWebElement.execute(RemoteWebElement.java:327)
	at org.openqa.selenium.remote.RemoteWebElement.click(RemoteWebElement.java:85)
	at com.create4.scenarios.TS_52.CRe4_1330(TS_52.java:1713)
	at com.create4.execution.Amndexp_prjctstatus4_msdcsn_TS_52.CRe4_1330(Amndexp_prjctstatus4_msdcsn_TS_52.java:71)
... Removed 29 stack frames]]>
    </failure>
  </testcase> <!-- CRe4_1330 -->
  <testcase name="CRe4_1389" time="332.145" classname="com.create4.execution.Devexp_prjctstatus4_msdcsn_TS_53"/>
  <testcase name="CRe4_1394" time="334.269" classname="com.create4.execution.Devexp_prjctstatus4_msdcsn_TS_53"/>
  <testcase name="CRe4_1399" time="331.372" classname="com.create4.execution.Devexp_prjctstatus4_msdcsn_TS_53"/>
  <testcase name="CRe4_1404" time="328.066" classname="com.create4.execution.Devexp_prjctstatus4_msdcsn_TS_53"/>
  <testcase name="CRe4_1409" time="336.168" classname="com.create4.execution.Devexp_prjctstatus4_msdcsn_TS_53"/>
  <testcase name="CRe4_1443" time="328.959" classname="com.create4.execution.Conexp_prjctstatus4_msdcsn_TS_54"/>
  <testcase name="CRe4_1448" time="329.855" classname="com.create4.execution.Conexp_prjctstatus4_msdcsn_TS_54"/>
  <testcase name="CRe4_1453" time="328.936" classname="com.create4.execution.Conexp_prjctstatus4_msdcsn_TS_54"/>
  <testcase name="CRe4_1458" time="328.389" classname="com.create4.execution.Conexp_prjctstatus4_msdcsn_TS_54"/>
  <testcase name="CRe4_1522" time="151.751" classname="com.create4.execution.Compexp_prjctstatus4_msdcsn_TS_55">
    <failure type="org.openqa.selenium.TimeoutException" message="Timed out waiting for page load.
Command duration or timeout: 40.03 seconds
Build info: version: &amp;apos;2.53.1&amp;apos;, revision: &amp;apos;a36b8b1cd5757287168e54b817830adce9b0158d&amp;apos;, time: &amp;apos;2016-06-30 19:26:09&amp;apos;
System info: host: &amp;apos;Rajitha&amp;apos;, ip: &amp;apos;192.168.56.1&amp;apos;, os.name: &amp;apos;Windows 10&amp;apos;, os.arch: &amp;apos;amd64&amp;apos;, os.version: &amp;apos;10.0&amp;apos;, java.version: &amp;apos;1.8.0_111&amp;apos;
Driver info: org.openqa.selenium.firefox.FirefoxDriver
Capabilities [{applicationCacheEnabled=true, rotatable=false, handlesAlerts=true, databaseEnabled=true, version=47.0.1, platform=WINDOWS, nativeEvents=false, acceptSslCerts=true, webStorageEnabled=true, locationContextEnabled=true, browserName=firefox, takesScreenshot=true, javascriptEnabled=true, cssSelectorsEnabled=true}]
Session ID: 81fa7048-5462-432b-acf6-4c1e6f1dba6d">
      <![CDATA[org.openqa.selenium.TimeoutException: Timed out waiting for page load.
Command duration or timeout: 40.03 seconds
Build info: version: '2.53.1', revision: 'a36b8b1cd5757287168e54b817830adce9b0158d', time: '2016-06-30 19:26:09'
System info: host: 'Rajitha', ip: '192.168.56.1', os.name: 'Windows 10', os.arch: 'amd64', os.version: '10.0', java.version: '1.8.0_111'
Driver info: org.openqa.selenium.firefox.FirefoxDriver
Capabilities [{applicationCacheEnabled=true, rotatable=false, handlesAlerts=true, databaseEnabled=true, version=47.0.1, platform=WINDOWS, nativeEvents=false, acceptSslCerts=true, webStorageEnabled=true, locationContextEnabled=true, browserName=firefox, takesScreenshot=true, javascriptEnabled=true, cssSelectorsEnabled=true}]
Session ID: 81fa7048-5462-432b-acf6-4c1e6f1dba6d
	at org.openqa.selenium.remote.ErrorHandler.createThrowable(ErrorHandler.java:206)
	at org.openqa.selenium.remote.ErrorHandler.throwIfResponseFailed(ErrorHandler.java:158)
	at org.openqa.selenium.remote.RemoteWebDriver.execute(RemoteWebDriver.java:678)
	at org.openqa.selenium.remote.RemoteWebElement.execute(RemoteWebElement.java:327)
	at org.openqa.selenium.remote.RemoteWebElement.click(RemoteWebElement.java:85)
	at com.create4.scenarios.TS_55.CRe4_1522(TS_55.java:478)
	at com.create4.execution.Compexp_prjctstatus4_msdcsn_TS_55.CRe4_1522(Compexp_prjctstatus4_msdcsn_TS_55.java:38)
Caused by: org.openqa.selenium.TimeoutException: Timed out waiting for page load.
Build info: version: '2.53.1', revision: 'a36b8b1cd5757287168e54b817830adce9b0158d', time: '2016-06-30 19:26:09'
System info: host: 'Rajitha', ip: '192.168.56.1', os.name: 'Windows 10', os.arch: 'amd64', os.version: '10.0', java.version: '1.8.0_111'
Driver info: driver.version: unknown
	at <anonymous class>.Utils.installClickListener/e<(file:///C:/Users/rajitha.g/AppData/Local/Temp/anonymous5174184358899979573webdriver-profile/extensions/fxdriver@googlecode.com/components/command-processor.js:9372)
	at <anonymous class>.WebLoadingListener/e(file:///C:/Users/rajitha.g/AppData/Local/Temp/anonymous5174184358899979573webdriver-profile/extensions/fxdriver@googlecode.com/components/command-processor.js:5142)
	at <anonymous class>.WebLoadingListener/<(file:///C:/Users/rajitha.g/AppData/Local/Temp/anonymous5174184358899979573webdriver-profile/extensions/fxdriver@googlecode.com/components/command-processor.js:5150)
	at <anonymous class>.fxdriver.Timer.prototype.setTimeout/<.notify(file:///C:/Users/rajitha.g/AppData/Local/Temp/anonymous5174184358899979573webdriver-profile/extensions/fxdriver@googlecode.com/components/command-processor.js:625)
... Removed 29 stack frames]]>
    </failure>
  </testcase> <!-- CRe4_1522 -->
  <testcase name="CRe4_1527" time="391.989" classname="com.create4.execution.Compexp_prjctstatus4_msdcsn_TS_55"/>
  <testcase name="CRe4_1532" time="346.849" classname="com.create4.execution.Compexp_prjctstatus4_msdcsn_TS_55"/>
  <testcase name="CRe4_1537" time="179.176" classname="com.create4.execution.Compexp_prjctstatus4_msdcsn_TS_55">
    <failure type="java.lang.AssertionError" message="expected [Pushpa Project_1213_to_1220] but found []">
      <![CDATA[java.lang.AssertionError: expected [Pushpa Project_1213_to_1220] but found []
	at com.global.methods.Global_Project_Submissions.Global_PILoginstatus_Verify(Global_Project_Submissions.java:1298)
	at com.create4.scenarios.TS_55.CRe4_1537(TS_55.java:1454)
	at com.create4.execution.Compexp_prjctstatus4_msdcsn_TS_55.CRe4_1537(Compexp_prjctstatus4_msdcsn_TS_55.java:62)
... Removed 31 stack frames]]>
    </failure>
  </testcase> <!-- CRe4_1537 -->
  <testcase name="CRe4_1601" time="339.826" classname="com.create4.execution.Termexp_prjctstatus4_msdcsn_TS_56"/>
  <testcase name="CRe4_1606" time="327.927" classname="com.create4.execution.Termexp_prjctstatus4_msdcsn_TS_56"/>
  <testcase name="CRe4_1611" time="333.741" classname="com.create4.execution.Termexp_prjctstatus4_msdcsn_TS_56"/>
  <testcase name="CRe4_1616" time="332.315" classname="com.create4.execution.Termexp_prjctstatus4_msdcsn_TS_56"/>
  <testcase name="CRe4_1680" time="186.446" classname="com.create4.execution.SaeInt_prjctstatus4_msdcsn_TS_57">
    <failure type="org.openqa.selenium.ElementNotVisibleException" message="Element is not currently visible and so may not be interacted with
Command duration or timeout: 11 milliseconds
Build info: version: &amp;apos;2.53.1&amp;apos;, revision: &amp;apos;a36b8b1cd5757287168e54b817830adce9b0158d&amp;apos;, time: &amp;apos;2016-06-30 19:26:09&amp;apos;
System info: host: &amp;apos;Rajitha&amp;apos;, ip: &amp;apos;192.168.56.1&amp;apos;, os.name: &amp;apos;Windows 10&amp;apos;, os.arch: &amp;apos;amd64&amp;apos;, os.version: &amp;apos;10.0&amp;apos;, java.version: &amp;apos;1.8.0_111&amp;apos;
Driver info: org.openqa.selenium.firefox.FirefoxDriver
Capabilities [{applicationCacheEnabled=true, rotatable=false, handlesAlerts=true, databaseEnabled=true, version=47.0.1, platform=WINDOWS, nativeEvents=false, acceptSslCerts=true, webStorageEnabled=true, locationContextEnabled=true, browserName=firefox, takesScreenshot=true, javascriptEnabled=true, cssSelectorsEnabled=true}]
Session ID: ef369303-1e07-4959-84e2-8bf4a3790238">
      <![CDATA[org.openqa.selenium.ElementNotVisibleException: Element is not currently visible and so may not be interacted with
Command duration or timeout: 11 milliseconds
Build info: version: '2.53.1', revision: 'a36b8b1cd5757287168e54b817830adce9b0158d', time: '2016-06-30 19:26:09'
System info: host: 'Rajitha', ip: '192.168.56.1', os.name: 'Windows 10', os.arch: 'amd64', os.version: '10.0', java.version: '1.8.0_111'
Driver info: org.openqa.selenium.firefox.FirefoxDriver
Capabilities [{applicationCacheEnabled=true, rotatable=false, handlesAlerts=true, databaseEnabled=true, version=47.0.1, platform=WINDOWS, nativeEvents=false, acceptSslCerts=true, webStorageEnabled=true, locationContextEnabled=true, browserName=firefox, takesScreenshot=true, javascriptEnabled=true, cssSelectorsEnabled=true}]
Session ID: ef369303-1e07-4959-84e2-8bf4a3790238
	at org.openqa.selenium.remote.ErrorHandler.createThrowable(ErrorHandler.java:206)
	at org.openqa.selenium.remote.ErrorHandler.throwIfResponseFailed(ErrorHandler.java:158)
	at org.openqa.selenium.remote.RemoteWebDriver.execute(RemoteWebDriver.java:678)
	at org.openqa.selenium.remote.RemoteWebElement.execute(RemoteWebElement.java:327)
	at org.openqa.selenium.remote.RemoteWebElement.click(RemoteWebElement.java:85)
	at com.create4.scenarios.TS_57.CRe4_1680(TS_57.java:657)
	at com.create4.execution.SaeInt_prjctstatus4_msdcsn_TS_57.CRe4_1680(SaeInt_prjctstatus4_msdcsn_TS_57.java:36)
Caused by: org.openqa.selenium.ElementNotVisibleException: Element is not currently visible and so may not be interacted with
Build info: version: '2.53.1', revision: 'a36b8b1cd5757287168e54b817830adce9b0158d', time: '2016-06-30 19:26:09'
System info: host: 'Rajitha', ip: '192.168.56.1', os.name: 'Windows 10', os.arch: 'amd64', os.version: '10.0', java.version: '1.8.0_111'
Driver info: driver.version: unknown
	at <anonymous class>.fxdriver.preconditions.visible(file:///C:/Users/rajitha.g/AppData/Local/Temp/anonymous3759640235852869905webdriver-profile/extensions/fxdriver@googlecode.com/components/command-processor.js:10092)
	at <anonymous class>.DelayedCommand.prototype.checkPreconditions_(file:///C:/Users/rajitha.g/AppData/Local/Temp/anonymous3759640235852869905webdriver-profile/extensions/fxdriver@googlecode.com/components/command-processor.js:12644)
	at <anonymous class>.DelayedCommand.prototype.executeInternal_/h(file:///C:/Users/rajitha.g/AppData/Local/Temp/anonymous3759640235852869905webdriver-profile/extensions/fxdriver@googlecode.com/components/command-processor.js:12661)
	at <anonymous class>.DelayedCommand.prototype.executeInternal_(file:///C:/Users/rajitha.g/AppData/Local/Temp/anonymous3759640235852869905webdriver-profile/extensions/fxdriver@googlecode.com/components/command-processor.js:12666)
	at <anonymous class>.DelayedCommand.prototype.execute/<(file:///C:/Users/rajitha.g/AppData/Local/Temp/anonymous3759640235852869905webdriver-profile/extensions/fxdriver@googlecode.com/components/command-processor.js:12608)
... Removed 29 stack frames]]>
    </failure>
  </testcase> <!-- CRe4_1680 -->
  <testcase name="CRe4_1733" time="178.713" classname="com.create4.execution.SaeInt_prjctstatus4_msdcsn_TS_57">
    <failure type="org.openqa.selenium.ElementNotVisibleException" message="Element is not currently visible and so may not be interacted with
Command duration or timeout: 11 milliseconds
Build info: version: &amp;apos;2.53.1&amp;apos;, revision: &amp;apos;a36b8b1cd5757287168e54b817830adce9b0158d&amp;apos;, time: &amp;apos;2016-06-30 19:26:09&amp;apos;
System info: host: &amp;apos;Rajitha&amp;apos;, ip: &amp;apos;192.168.56.1&amp;apos;, os.name: &amp;apos;Windows 10&amp;apos;, os.arch: &amp;apos;amd64&amp;apos;, os.version: &amp;apos;10.0&amp;apos;, java.version: &amp;apos;1.8.0_111&amp;apos;
Driver info: org.openqa.selenium.firefox.FirefoxDriver
Capabilities [{applicationCacheEnabled=true, rotatable=false, handlesAlerts=true, databaseEnabled=true, version=47.0.1, platform=WINDOWS, nativeEvents=false, acceptSslCerts=true, webStorageEnabled=true, locationContextEnabled=true, browserName=firefox, takesScreenshot=true, javascriptEnabled=true, cssSelectorsEnabled=true}]
Session ID: bf7b8cb4-e360-44b1-8dc4-95dea8ea34ff">
      <![CDATA[org.openqa.selenium.ElementNotVisibleException: Element is not currently visible and so may not be interacted with
Command duration or timeout: 11 milliseconds
Build info: version: '2.53.1', revision: 'a36b8b1cd5757287168e54b817830adce9b0158d', time: '2016-06-30 19:26:09'
System info: host: 'Rajitha', ip: '192.168.56.1', os.name: 'Windows 10', os.arch: 'amd64', os.version: '10.0', java.version: '1.8.0_111'
Driver info: org.openqa.selenium.firefox.FirefoxDriver
Capabilities [{applicationCacheEnabled=true, rotatable=false, handlesAlerts=true, databaseEnabled=true, version=47.0.1, platform=WINDOWS, nativeEvents=false, acceptSslCerts=true, webStorageEnabled=true, locationContextEnabled=true, browserName=firefox, takesScreenshot=true, javascriptEnabled=true, cssSelectorsEnabled=true}]
Session ID: bf7b8cb4-e360-44b1-8dc4-95dea8ea34ff
	at org.openqa.selenium.remote.ErrorHandler.createThrowable(ErrorHandler.java:206)
	at org.openqa.selenium.remote.ErrorHandler.throwIfResponseFailed(ErrorHandler.java:158)
	at org.openqa.selenium.remote.RemoteWebDriver.execute(RemoteWebDriver.java:678)
	at org.openqa.selenium.remote.RemoteWebElement.execute(RemoteWebElement.java:327)
	at org.openqa.selenium.remote.RemoteWebElement.click(RemoteWebElement.java:85)
	at com.create4.scenarios.TS_57.CRe4_1733(TS_57.java:1001)
	at com.create4.execution.SaeInt_prjctstatus4_msdcsn_TS_57.CRe4_1733(SaeInt_prjctstatus4_msdcsn_TS_57.java:45)
Caused by: org.openqa.selenium.ElementNotVisibleException: Element is not currently visible and so may not be interacted with
Build info: version: '2.53.1', revision: 'a36b8b1cd5757287168e54b817830adce9b0158d', time: '2016-06-30 19:26:09'
System info: host: 'Rajitha', ip: '192.168.56.1', os.name: 'Windows 10', os.arch: 'amd64', os.version: '10.0', java.version: '1.8.0_111'
Driver info: driver.version: unknown
	at <anonymous class>.fxdriver.preconditions.visible(file:///C:/Users/rajitha.g/AppData/Local/Temp/anonymous5707661836044068849webdriver-profile/extensions/fxdriver@googlecode.com/components/command-processor.js:10092)
	at <anonymous class>.DelayedCommand.prototype.checkPreconditions_(file:///C:/Users/rajitha.g/AppData/Local/Temp/anonymous5707661836044068849webdriver-profile/extensions/fxdriver@googlecode.com/components/command-processor.js:12644)
	at <anonymous class>.DelayedCommand.prototype.executeInternal_/h(file:///C:/Users/rajitha.g/AppData/Local/Temp/anonymous5707661836044068849webdriver-profile/extensions/fxdriver@googlecode.com/components/command-processor.js:12661)
	at <anonymous class>.DelayedCommand.prototype.executeInternal_(file:///C:/Users/rajitha.g/AppData/Local/Temp/anonymous5707661836044068849webdriver-profile/extensions/fxdriver@googlecode.com/components/command-processor.js:12666)
	at <anonymous class>.DelayedCommand.prototype.execute/<(file:///C:/Users/rajitha.g/AppData/Local/Temp/anonymous5707661836044068849webdriver-profile/extensions/fxdriver@googlecode.com/components/command-processor.js:12608)
... Removed 29 stack frames]]>
    </failure>
  </testcase> <!-- CRe4_1733 -->
  <testcase name="CRe4_1749" time="362.879" classname="com.create4.execution.Saefllwexp_prjctstatus4_msdcsn_TS_58"/>
  <testcase name="CRe4_1754" time="380.703" classname="com.create4.execution.Saefllwexp_prjctstatus4_msdcsn_TS_58"/>
  <testcase name="CRe4_1807" time="165.234" classname="com.create4.execution.Saefllwexp_prjctstatus4_msdcsn_TS_58">
    <failure type="org.openqa.selenium.TimeoutException" message="Timed out after 120 seconds waiting for com.global.methods.GlobalWait$1@419c537
Build info: version: &amp;apos;2.53.1&amp;apos;, revision: &amp;apos;a36b8b1cd5757287168e54b817830adce9b0158d&amp;apos;, time: &amp;apos;2016-06-30 19:26:09&amp;apos;
System info: host: &amp;apos;Rajitha&amp;apos;, ip: &amp;apos;192.168.56.1&amp;apos;, os.name: &amp;apos;Windows 10&amp;apos;, os.arch: &amp;apos;amd64&amp;apos;, os.version: &amp;apos;10.0&amp;apos;, java.version: &amp;apos;1.8.0_111&amp;apos;
Driver info: driver.version: unknown">
      <![CDATA[org.openqa.selenium.TimeoutException: Timed out after 120 seconds waiting for com.global.methods.GlobalWait$1@419c537
Build info: version: '2.53.1', revision: 'a36b8b1cd5757287168e54b817830adce9b0158d', time: '2016-06-30 19:26:09'
System info: host: 'Rajitha', ip: '192.168.56.1', os.name: 'Windows 10', os.arch: 'amd64', os.version: '10.0', java.version: '1.8.0_111'
Driver info: driver.version: unknown
	at org.openqa.selenium.support.ui.FluentWait.timeoutException(FluentWait.java:292)
	at org.openqa.selenium.support.ui.FluentWait.until(FluentWait.java:261)
	at com.global.methods.GlobalWait.Wait_GetElementByXpath(GlobalWait.java:37)
	at com.global.methods.Global_Project_Submissions.Admin_Forwardto_MS(Global_Project_Submissions.java:735)
	at com.create4.scenarios.TS_58.CRe4_1807(TS_58.java:1320)
	at com.create4.execution.Saefllwexp_prjctstatus4_msdcsn_TS_58.CRe4_1807(Saefllwexp_prjctstatus4_msdcsn_TS_58.java:54)
Caused by: org.openqa.selenium.NoSuchElementException: Unable to locate element: {"method":"xpath","selector":"//div[@id='flash_message_admin']/p"}
Command duration or timeout: 14 milliseconds
For documentation on this error, please visit: http://seleniumhq.org/exceptions/no_such_element.html
Build info: version: '2.53.1', revision: 'a36b8b1cd5757287168e54b817830adce9b0158d', time: '2016-06-30 19:26:09'
System info: host: 'Rajitha', ip: '192.168.56.1', os.name: 'Windows 10', os.arch: 'amd64', os.version: '10.0', java.version: '1.8.0_111'
Driver info: org.openqa.selenium.firefox.FirefoxDriver
Capabilities [{applicationCacheEnabled=true, rotatable=false, handlesAlerts=true, databaseEnabled=true, version=47.0.1, platform=WINDOWS, nativeEvents=false, acceptSslCerts=true, webStorageEnabled=true, locationContextEnabled=true, browserName=firefox, takesScreenshot=true, javascriptEnabled=true, cssSelectorsEnabled=true}]
Session ID: 52a6bf1b-1c69-460c-9ea9-57525f8692ff
*** Element info: {Using=xpath, value=//div[@id='flash_message_admin']/p}
	at org.openqa.selenium.remote.ErrorHandler.createThrowable(ErrorHandler.java:206)
	at org.openqa.selenium.remote.ErrorHandler.throwIfResponseFailed(ErrorHandler.java:158)
	at org.openqa.selenium.remote.RemoteWebDriver.execute(RemoteWebDriver.java:678)
	at org.openqa.selenium.remote.RemoteWebDriver.findElement(RemoteWebDriver.java:363)
	at org.openqa.selenium.remote.RemoteWebDriver.findElementByXPath(RemoteWebDriver.java:500)
	at org.openqa.selenium.By$ByXPath.findElement(By.java:361)
	at org.openqa.selenium.remote.RemoteWebDriver.findElement(RemoteWebDriver.java:355)
	at com.global.methods.GlobalWait$1.apply(GlobalWait.java:40)
	at org.openqa.selenium.support.ui.FluentWait.until(FluentWait.java:238)
	... 29 more
Caused by: org.openqa.selenium.NoSuchElementException: Unable to locate element: {"method":"xpath","selector":"//div[@id='flash_message_admin']/p"}
For documentation on this error, please visit: http://seleniumhq.org/exceptions/no_such_element.html
Build info: version: '2.53.1', revision: 'a36b8b1cd5757287168e54b817830adce9b0158d', time: '2016-06-30 19:26:09'
System info: host: 'Rajitha', ip: '192.168.56.1', os.name: 'Windows 10', os.arch: 'amd64', os.version: '10.0', java.version: '1.8.0_111'
Driver info: driver.version: unknown
	at <anonymous class>.FirefoxDriver.prototype.findElementInternal_(file:///C:/Users/rajitha.g/AppData/Local/Temp/anonymous6549329046129836960webdriver-profile/extensions/fxdriver@googlecode.com/components/driver-component.js:10770)
	at <anonymous class>.FirefoxDriver.prototype.findElement(file:///C:/Users/rajitha.g/AppData/Local/Temp/anonymous6549329046129836960webdriver-profile/extensions/fxdriver@googlecode.com/components/driver-component.js:10779)
	at <anonymous class>.DelayedCommand.prototype.executeInternal_/h(file:///C:/Users/rajitha.g/AppData/Local/Temp/anonymous6549329046129836960webdriver-profile/extensions/fxdriver@googlecode.com/components/command-processor.js:12661)
	at <anonymous class>.DelayedCommand.prototype.executeInternal_(file:///C:/Users/rajitha.g/AppData/Local/Temp/anonymous6549329046129836960webdriver-profile/extensions/fxdriver@googlecode.com/components/command-processor.js:12666)
	at <anonymous class>.DelayedCommand.prototype.execute/<(file:///C:/Users/rajitha.g/AppData/Local/Temp/anonymous6549329046129836960webdriver-profile/extensions/fxdriver@googlecode.com/components/command-processor.js:12608)
... Removed 28 stack frames]]>
    </failure>
  </testcase> <!-- CRe4_1807 -->
  <testcase name="CRe4_1812" time="405.888" classname="com.create4.execution.Saefllwexp_prjctstatus4_msdcsn_TS_58"/>
  <testcase name="CRe4_1828" time="384.964" classname="com.create4.execution.Saeothrexp_prjctstatus4_msdcsn_TS_59"/>
  <testcase name="CRe4_1833" time="347.909" classname="com.create4.execution.Saeothrexp_prjctstatus4_msdcsn_TS_59"/>
  <testcase name="CRe4_1883" time="244.682" classname="com.create4.execution.Saeothrexp_prjctstatus4_msdcsn_TS_59">
    <failure type="org.openqa.selenium.TimeoutException" message="Timed out after 180 seconds waiting for com.global.methods.GlobalWait$2@26ceca00
Build info: version: &amp;apos;2.53.1&amp;apos;, revision: &amp;apos;a36b8b1cd5757287168e54b817830adce9b0158d&amp;apos;, time: &amp;apos;2016-06-30 19:26:09&amp;apos;
System info: host: &amp;apos;Rajitha&amp;apos;, ip: &amp;apos;192.168.56.1&amp;apos;, os.name: &amp;apos;Windows 10&amp;apos;, os.arch: &amp;apos;amd64&amp;apos;, os.version: &amp;apos;10.0&amp;apos;, java.version: &amp;apos;1.8.0_111&amp;apos;
Driver info: driver.version: unknown">
      <![CDATA[org.openqa.selenium.TimeoutException: Timed out after 180 seconds waiting for com.global.methods.GlobalWait$2@26ceca00
Build info: version: '2.53.1', revision: 'a36b8b1cd5757287168e54b817830adce9b0158d', time: '2016-06-30 19:26:09'
System info: host: 'Rajitha', ip: '192.168.56.1', os.name: 'Windows 10', os.arch: 'amd64', os.version: '10.0', java.version: '1.8.0_111'
Driver info: driver.version: unknown
	at org.openqa.selenium.support.ui.FluentWait.timeoutException(FluentWait.java:292)
	at org.openqa.selenium.support.ui.FluentWait.until(FluentWait.java:261)
	at com.global.methods.GlobalWait.Wait_GetElementById(GlobalWait.java:52)
	at com.global.methods.Global_Project_Submissions.MS_ForwardTo_CP(Global_Project_Submissions.java:931)
	at com.create4.scenarios.TS_59.CRe4_1883(TS_59.java:1095)
	at com.create4.execution.Saeothrexp_prjctstatus4_msdcsn_TS_59.CRe4_1883(Saeothrexp_prjctstatus4_msdcsn_TS_59.java:56)
Caused by: org.openqa.selenium.NoSuchElementException: Unable to locate element: {"method":"id","selector":"primary_reviewer"}
Command duration or timeout: 17 milliseconds
For documentation on this error, please visit: http://seleniumhq.org/exceptions/no_such_element.html
Build info: version: '2.53.1', revision: 'a36b8b1cd5757287168e54b817830adce9b0158d', time: '2016-06-30 19:26:09'
System info: host: 'Rajitha', ip: '192.168.56.1', os.name: 'Windows 10', os.arch: 'amd64', os.version: '10.0', java.version: '1.8.0_111'
Driver info: org.openqa.selenium.firefox.FirefoxDriver
Capabilities [{applicationCacheEnabled=true, rotatable=false, handlesAlerts=true, databaseEnabled=true, version=47.0.1, platform=WINDOWS, nativeEvents=false, acceptSslCerts=true, webStorageEnabled=true, locationContextEnabled=true, browserName=firefox, takesScreenshot=true, javascriptEnabled=true, cssSelectorsEnabled=true}]
Session ID: aecaead4-8091-462d-89b5-3c5592fa42ed
*** Element info: {Using=id, value=primary_reviewer}
	at org.openqa.selenium.remote.ErrorHandler.createThrowable(ErrorHandler.java:206)
	at org.openqa.selenium.remote.ErrorHandler.throwIfResponseFailed(ErrorHandler.java:158)
	at org.openqa.selenium.remote.RemoteWebDriver.execute(RemoteWebDriver.java:678)
	at org.openqa.selenium.remote.RemoteWebDriver.findElement(RemoteWebDriver.java:363)
	at org.openqa.selenium.remote.RemoteWebDriver.findElementById(RemoteWebDriver.java:413)
	at org.openqa.selenium.By$ById.findElement(By.java:218)
	at org.openqa.selenium.remote.RemoteWebDriver.findElement(RemoteWebDriver.java:355)
	at com.global.methods.GlobalWait$2.apply(GlobalWait.java:55)
	at org.openqa.selenium.support.ui.FluentWait.until(FluentWait.java:238)
	... 29 more
Caused by: org.openqa.selenium.NoSuchElementException: Unable to locate element: {"method":"id","selector":"primary_reviewer"}
For documentation on this error, please visit: http://seleniumhq.org/exceptions/no_such_element.html
Build info: version: '2.53.1', revision: 'a36b8b1cd5757287168e54b817830adce9b0158d', time: '2016-06-30 19:26:09'
System info: host: 'Rajitha', ip: '192.168.56.1', os.name: 'Windows 10', os.arch: 'amd64', os.version: '10.0', java.version: '1.8.0_111'
Driver info: driver.version: unknown
	at <anonymous class>.FirefoxDriver.prototype.findElementInternal_(file:///C:/Users/rajitha.g/AppData/Local/Temp/anonymous6231645166841060842webdriver-profile/extensions/fxdriver@googlecode.com/components/driver-component.js:10770)
	at <anonymous class>.FirefoxDriver.prototype.findElement(file:///C:/Users/rajitha.g/AppData/Local/Temp/anonymous6231645166841060842webdriver-profile/extensions/fxdriver@googlecode.com/components/driver-component.js:10779)
	at <anonymous class>.DelayedCommand.prototype.executeInternal_/h(file:///C:/Users/rajitha.g/AppData/Local/Temp/anonymous6231645166841060842webdriver-profile/extensions/fxdriver@googlecode.com/components/command-processor.js:12661)
	at <anonymous class>.DelayedCommand.prototype.executeInternal_(file:///C:/Users/rajitha.g/AppData/Local/Temp/anonymous6231645166841060842webdriver-profile/extensions/fxdriver@googlecode.com/components/command-processor.js:12666)
	at <anonymous class>.DelayedCommand.prototype.execute/<(file:///C:/Users/rajitha.g/AppData/Local/Temp/anonymous6231645166841060842webdriver-profile/extensions/fxdriver@googlecode.com/components/command-processor.js:12608)
... Removed 28 stack frames]]>
    </failure>
  </testcase> <!-- CRe4_1883 -->
  <testcase name="CRe4_1899" time="74.661" classname="com.create4.execution.Withdraw_prjctstatus4_msdcsn_TS_60">
    <failure type="org.openqa.selenium.ElementNotVisibleException" message="Element is not currently visible and so may not be interacted with
Command duration or timeout: 12 milliseconds
Build info: version: &amp;apos;2.53.1&amp;apos;, revision: &amp;apos;a36b8b1cd5757287168e54b817830adce9b0158d&amp;apos;, time: &amp;apos;2016-06-30 19:26:09&amp;apos;
System info: host: &amp;apos;Rajitha&amp;apos;, ip: &amp;apos;192.168.56.1&amp;apos;, os.name: &amp;apos;Windows 10&amp;apos;, os.arch: &amp;apos;amd64&amp;apos;, os.version: &amp;apos;10.0&amp;apos;, java.version: &amp;apos;1.8.0_111&amp;apos;
Driver info: org.openqa.selenium.firefox.FirefoxDriver
Capabilities [{applicationCacheEnabled=true, rotatable=false, handlesAlerts=true, databaseEnabled=true, version=47.0.1, platform=WINDOWS, nativeEvents=false, acceptSslCerts=true, webStorageEnabled=true, locationContextEnabled=true, browserName=firefox, takesScreenshot=true, javascriptEnabled=true, cssSelectorsEnabled=true}]
Session ID: 14106ea8-4acd-4d77-a96b-7929f6a2f49e">
      <![CDATA[org.openqa.selenium.ElementNotVisibleException: Element is not currently visible and so may not be interacted with
Command duration or timeout: 12 milliseconds
Build info: version: '2.53.1', revision: 'a36b8b1cd5757287168e54b817830adce9b0158d', time: '2016-06-30 19:26:09'
System info: host: 'Rajitha', ip: '192.168.56.1', os.name: 'Windows 10', os.arch: 'amd64', os.version: '10.0', java.version: '1.8.0_111'
Driver info: org.openqa.selenium.firefox.FirefoxDriver
Capabilities [{applicationCacheEnabled=true, rotatable=false, handlesAlerts=true, databaseEnabled=true, version=47.0.1, platform=WINDOWS, nativeEvents=false, acceptSslCerts=true, webStorageEnabled=true, locationContextEnabled=true, browserName=firefox, takesScreenshot=true, javascriptEnabled=true, cssSelectorsEnabled=true}]
Session ID: 14106ea8-4acd-4d77-a96b-7929f6a2f49e
	at org.openqa.selenium.remote.ErrorHandler.createThrowable(ErrorHandler.java:206)
	at org.openqa.selenium.remote.ErrorHandler.throwIfResponseFailed(ErrorHandler.java:158)
	at org.openqa.selenium.remote.RemoteWebDriver.execute(RemoteWebDriver.java:678)
	at org.openqa.selenium.remote.RemoteWebElement.execute(RemoteWebElement.java:327)
	at org.openqa.selenium.remote.RemoteWebElement.click(RemoteWebElement.java:85)
	at org.openqa.selenium.support.ui.Select.setSelected(Select.java:323)
	at org.openqa.selenium.support.ui.Select.selectByVisibleText(Select.java:119)
	at com.global.methods.Global_Project_Submissions.SubsequentSubmissions_IECAdmin_forwardto_MS(Global_Project_Submissions.java:1495)
	at com.create4.scenarios.TS_60.CRe4_1899(TS_60.java:590)
	at com.create4.execution.Withdraw_prjctstatus4_msdcsn_TS_60.CRe4_1899(Withdraw_prjctstatus4_msdcsn_TS_60.java:38)
Caused by: org.openqa.selenium.ElementNotVisibleException: Element is not currently visible and so may not be interacted with
Build info: version: '2.53.1', revision: 'a36b8b1cd5757287168e54b817830adce9b0158d', time: '2016-06-30 19:26:09'
System info: host: 'Rajitha', ip: '192.168.56.1', os.name: 'Windows 10', os.arch: 'amd64', os.version: '10.0', java.version: '1.8.0_111'
Driver info: driver.version: unknown
	at <anonymous class>.fxdriver.preconditions.visible(file:///C:/Users/rajitha.g/AppData/Local/Temp/anonymous5216873725288835728webdriver-profile/extensions/fxdriver@googlecode.com/components/command-processor.js:10092)
	at <anonymous class>.DelayedCommand.prototype.checkPreconditions_(file:///C:/Users/rajitha.g/AppData/Local/Temp/anonymous5216873725288835728webdriver-profile/extensions/fxdriver@googlecode.com/components/command-processor.js:12644)
	at <anonymous class>.DelayedCommand.prototype.executeInternal_/h(file:///C:/Users/rajitha.g/AppData/Local/Temp/anonymous5216873725288835728webdriver-profile/extensions/fxdriver@googlecode.com/components/command-processor.js:12661)
	at <anonymous class>.DelayedCommand.prototype.executeInternal_(file:///C:/Users/rajitha.g/AppData/Local/Temp/anonymous5216873725288835728webdriver-profile/extensions/fxdriver@googlecode.com/components/command-processor.js:12666)
	at <anonymous class>.DelayedCommand.prototype.execute/<(file:///C:/Users/rajitha.g/AppData/Local/Temp/anonymous5216873725288835728webdriver-profile/extensions/fxdriver@googlecode.com/components/command-processor.js:12608)
... Removed 29 stack frames]]>
    </failure>
  </testcase> <!-- CRe4_1899 -->
  <testcase name="CRe4_1904" time="62.873" classname="com.create4.execution.Withdraw_prjctstatus4_msdcsn_TS_60">
    <failure type="org.openqa.selenium.ElementNotVisibleException" message="Element is not currently visible and so may not be interacted with
Command duration or timeout: 56 milliseconds
Build info: version: &amp;apos;2.53.1&amp;apos;, revision: &amp;apos;a36b8b1cd5757287168e54b817830adce9b0158d&amp;apos;, time: &amp;apos;2016-06-30 19:26:09&amp;apos;
System info: host: &amp;apos;Rajitha&amp;apos;, ip: &amp;apos;192.168.56.1&amp;apos;, os.name: &amp;apos;Windows 10&amp;apos;, os.arch: &amp;apos;amd64&amp;apos;, os.version: &amp;apos;10.0&amp;apos;, java.version: &amp;apos;1.8.0_111&amp;apos;
Driver info: org.openqa.selenium.firefox.FirefoxDriver
Capabilities [{applicationCacheEnabled=true, rotatable=false, handlesAlerts=true, databaseEnabled=true, version=47.0.1, platform=WINDOWS, nativeEvents=false, acceptSslCerts=true, webStorageEnabled=true, locationContextEnabled=true, browserName=firefox, takesScreenshot=true, javascriptEnabled=true, cssSelectorsEnabled=true}]
Session ID: 601f5ba1-75b2-44e8-b1ad-924b4599315a">
      <![CDATA[org.openqa.selenium.ElementNotVisibleException: Element is not currently visible and so may not be interacted with
Command duration or timeout: 56 milliseconds
Build info: version: '2.53.1', revision: 'a36b8b1cd5757287168e54b817830adce9b0158d', time: '2016-06-30 19:26:09'
System info: host: 'Rajitha', ip: '192.168.56.1', os.name: 'Windows 10', os.arch: 'amd64', os.version: '10.0', java.version: '1.8.0_111'
Driver info: org.openqa.selenium.firefox.FirefoxDriver
Capabilities [{applicationCacheEnabled=true, rotatable=false, handlesAlerts=true, databaseEnabled=true, version=47.0.1, platform=WINDOWS, nativeEvents=false, acceptSslCerts=true, webStorageEnabled=true, locationContextEnabled=true, browserName=firefox, takesScreenshot=true, javascriptEnabled=true, cssSelectorsEnabled=true}]
Session ID: 601f5ba1-75b2-44e8-b1ad-924b4599315a
	at org.openqa.selenium.remote.ErrorHandler.createThrowable(ErrorHandler.java:206)
	at org.openqa.selenium.remote.ErrorHandler.throwIfResponseFailed(ErrorHandler.java:158)
	at org.openqa.selenium.remote.RemoteWebDriver.execute(RemoteWebDriver.java:678)
	at org.openqa.selenium.remote.RemoteWebElement.execute(RemoteWebElement.java:327)
	at org.openqa.selenium.remote.RemoteWebElement.click(RemoteWebElement.java:85)
	at org.openqa.selenium.support.ui.Select.setSelected(Select.java:323)
	at org.openqa.selenium.support.ui.Select.selectByVisibleText(Select.java:119)
	at com.global.methods.Global_Project_Submissions.SubsequentSubmissions_IECAdmin_forwardto_MS(Global_Project_Submissions.java:1495)
	at com.create4.scenarios.TS_60.CRe4_1904(TS_60.java:797)
	at com.create4.execution.Withdraw_prjctstatus4_msdcsn_TS_60.CRe4_1904(Withdraw_prjctstatus4_msdcsn_TS_60.java:47)
Caused by: org.openqa.selenium.ElementNotVisibleException: Element is not currently visible and so may not be interacted with
Build info: version: '2.53.1', revision: 'a36b8b1cd5757287168e54b817830adce9b0158d', time: '2016-06-30 19:26:09'
System info: host: 'Rajitha', ip: '192.168.56.1', os.name: 'Windows 10', os.arch: 'amd64', os.version: '10.0', java.version: '1.8.0_111'
Driver info: driver.version: unknown
	at <anonymous class>.fxdriver.preconditions.visible(file:///C:/Users/rajitha.g/AppData/Local/Temp/anonymous3759294791219677714webdriver-profile/extensions/fxdriver@googlecode.com/components/command-processor.js:10092)
	at <anonymous class>.DelayedCommand.prototype.checkPreconditions_(file:///C:/Users/rajitha.g/AppData/Local/Temp/anonymous3759294791219677714webdriver-profile/extensions/fxdriver@googlecode.com/components/command-processor.js:12644)
	at <anonymous class>.DelayedCommand.prototype.executeInternal_/h(file:///C:/Users/rajitha.g/AppData/Local/Temp/anonymous3759294791219677714webdriver-profile/extensions/fxdriver@googlecode.com/components/command-processor.js:12661)
	at <anonymous class>.DelayedCommand.prototype.executeInternal_(file:///C:/Users/rajitha.g/AppData/Local/Temp/anonymous3759294791219677714webdriver-profile/extensions/fxdriver@googlecode.com/components/command-processor.js:12666)
	at <anonymous class>.DelayedCommand.prototype.execute/<(file:///C:/Users/rajitha.g/AppData/Local/Temp/anonymous3759294791219677714webdriver-profile/extensions/fxdriver@googlecode.com/components/command-processor.js:12608)
... Removed 29 stack frames]]>
    </failure>
  </testcase> <!-- CRe4_1904 -->
  <testcase name="CRe4_1235" time="178.459" classname="com.create4.execution.Intsub_flow_TS_162"/>
  <testcase name="CRe4_1240" time="162.652" classname="com.create4.execution.Intsub_flow_TS_162"/>
  <testcase name="CRe4_1245" time="165.425" classname="com.create4.execution.Intsub_flow_TS_162"/>
  <testcase name="CRe4_1250" time="164.364" classname="com.create4.execution.Intsub_flow_TS_162"/>
  <testcase name="CRe4_1255" time="191.547" classname="com.create4.execution.Intsub_flow_TS_162"/>
  <testcase name="CRe4_1263" time="270.761" classname="com.create4.execution.Int_prjctflw_queryreply_TS_164"/>
  <testcase name="CRe4_1268" time="192.285" classname="com.create4.execution.Int_prjctflw_queryreply_TS_164">
    <failure type="org.openqa.selenium.ElementNotVisibleException" message="Element is not currently visible and so may not be interacted with
Command duration or timeout: 26 milliseconds
Build info: version: &amp;apos;2.53.1&amp;apos;, revision: &amp;apos;a36b8b1cd5757287168e54b817830adce9b0158d&amp;apos;, time: &amp;apos;2016-06-30 19:26:09&amp;apos;
System info: host: &amp;apos;Rajitha&amp;apos;, ip: &amp;apos;192.168.56.1&amp;apos;, os.name: &amp;apos;Windows 10&amp;apos;, os.arch: &amp;apos;amd64&amp;apos;, os.version: &amp;apos;10.0&amp;apos;, java.version: &amp;apos;1.8.0_111&amp;apos;
Driver info: org.openqa.selenium.firefox.FirefoxDriver
Capabilities [{applicationCacheEnabled=true, rotatable=false, handlesAlerts=true, databaseEnabled=true, version=47.0.1, platform=WINDOWS, nativeEvents=false, acceptSslCerts=true, webStorageEnabled=true, locationContextEnabled=true, browserName=firefox, takesScreenshot=true, javascriptEnabled=true, cssSelectorsEnabled=true}]
Session ID: e089665b-4362-41a9-a03f-2789bd3a00ab">
      <![CDATA[org.openqa.selenium.ElementNotVisibleException: Element is not currently visible and so may not be interacted with
Command duration or timeout: 26 milliseconds
Build info: version: '2.53.1', revision: 'a36b8b1cd5757287168e54b817830adce9b0158d', time: '2016-06-30 19:26:09'
System info: host: 'Rajitha', ip: '192.168.56.1', os.name: 'Windows 10', os.arch: 'amd64', os.version: '10.0', java.version: '1.8.0_111'
Driver info: org.openqa.selenium.firefox.FirefoxDriver
Capabilities [{applicationCacheEnabled=true, rotatable=false, handlesAlerts=true, databaseEnabled=true, version=47.0.1, platform=WINDOWS, nativeEvents=false, acceptSslCerts=true, webStorageEnabled=true, locationContextEnabled=true, browserName=firefox, takesScreenshot=true, javascriptEnabled=true, cssSelectorsEnabled=true}]
Session ID: e089665b-4362-41a9-a03f-2789bd3a00ab
	at org.openqa.selenium.remote.ErrorHandler.createThrowable(ErrorHandler.java:206)
	at org.openqa.selenium.remote.ErrorHandler.throwIfResponseFailed(ErrorHandler.java:158)
	at org.openqa.selenium.remote.RemoteWebDriver.execute(RemoteWebDriver.java:678)
	at org.openqa.selenium.remote.RemoteWebElement.execute(RemoteWebElement.java:327)
	at org.openqa.selenium.remote.RemoteWebElement.sendKeys(RemoteWebElement.java:122)
	at com.create4.scenarios.TS_164.CRe4_1268(TS_164.java:875)
	at com.create4.execution.Int_prjctflw_queryreply_TS_164.CRe4_1268(Int_prjctflw_queryreply_TS_164.java:41)
Caused by: org.openqa.selenium.ElementNotVisibleException: Element is not currently visible and so may not be interacted with
Build info: version: '2.53.1', revision: 'a36b8b1cd5757287168e54b817830adce9b0158d', time: '2016-06-30 19:26:09'
System info: host: 'Rajitha', ip: '192.168.56.1', os.name: 'Windows 10', os.arch: 'amd64', os.version: '10.0', java.version: '1.8.0_111'
Driver info: driver.version: unknown
	at <anonymous class>.fxdriver.preconditions.visible(file:///C:/Users/rajitha.g/AppData/Local/Temp/anonymous1090646123539547823webdriver-profile/extensions/fxdriver@googlecode.com/components/command-processor.js:10092)
	at <anonymous class>.DelayedCommand.prototype.checkPreconditions_(file:///C:/Users/rajitha.g/AppData/Local/Temp/anonymous1090646123539547823webdriver-profile/extensions/fxdriver@googlecode.com/components/command-processor.js:12644)
	at <anonymous class>.DelayedCommand.prototype.executeInternal_/h(file:///C:/Users/rajitha.g/AppData/Local/Temp/anonymous1090646123539547823webdriver-profile/extensions/fxdriver@googlecode.com/components/command-processor.js:12661)
	at <anonymous class>.DelayedCommand.prototype.executeInternal_(file:///C:/Users/rajitha.g/AppData/Local/Temp/anonymous1090646123539547823webdriver-profile/extensions/fxdriver@googlecode.com/components/command-processor.js:12666)
	at <anonymous class>.DelayedCommand.prototype.execute/<(file:///C:/Users/rajitha.g/AppData/Local/Temp/anonymous1090646123539547823webdriver-profile/extensions/fxdriver@googlecode.com/components/command-processor.js:12608)
... Removed 29 stack frames]]>
    </failure>
  </testcase> <!-- CRe4_1268 -->
  <testcase name="CRe4_1273" time="267.842" classname="com.create4.execution.Int_prjctflw_queryreply_TS_164"/>
  <testcase name="CRe4_1278" time="267.243" classname="com.create4.execution.Int_prjctflw_queryreply_TS_164"/>
  <testcase name="CRe4_1283" time="268.231" classname="com.create4.execution.Int_prjctflw_queryreply_TS_164"/>
  <testcase name="CRe4_1288" time="271.551" classname="com.create4.execution.Int_prjctflw_queryreply_TS_164"/>
  <testcase name="CRe4_1293" time="279.883" classname="com.create4.execution.Int_prjctflw_queryreply_TS_164"/>
  <testcase name="CRe4_1298" time="254.28" classname="com.create4.execution.Int_prjctflw_queryreply_TS_164"/>
  <testcase name="CRe4_1313" time="172.705" classname="com.create4.execution.Amnd_substat_msdecsn_TS_176">
    <failure type="org.openqa.selenium.WebDriverException" message="Element is not clickable at point (532.0499877929688, 403.29998779296875). Other element would receive the click: &amp;lt;div class=&amp;quot;blockUI blockOverlay&amp;quot; style=&amp;quot;z-index: 1000; border: medium none; margin: 0px; padding: 0px; width: 100%; height: 100%; top: 0px; left: 0px; background-color: rgb(0, 0, 0); opacity: 0.22325; cursor: default; position: fixed;&amp;quot;&amp;gt;&amp;lt;/div&amp;gt;
Command duration or timeout: 71 milliseconds
Build info: version: &amp;apos;2.53.1&amp;apos;, revision: &amp;apos;a36b8b1cd5757287168e54b817830adce9b0158d&amp;apos;, time: &amp;apos;2016-06-30 19:26:09&amp;apos;
System info: host: &amp;apos;Rajitha&amp;apos;, ip: &amp;apos;192.168.56.1&amp;apos;, os.name: &amp;apos;Windows 10&amp;apos;, os.arch: &amp;apos;amd64&amp;apos;, os.version: &amp;apos;10.0&amp;apos;, java.version: &amp;apos;1.8.0_111&amp;apos;
Driver info: org.openqa.selenium.firefox.FirefoxDriver
Capabilities [{applicationCacheEnabled=true, rotatable=false, handlesAlerts=true, databaseEnabled=true, version=47.0.1, platform=WINDOWS, nativeEvents=false, acceptSslCerts=true, webStorageEnabled=true, locationContextEnabled=true, browserName=firefox, takesScreenshot=true, javascriptEnabled=true, cssSelectorsEnabled=true}]
Session ID: 64a8e2b4-6bfb-4547-bebc-e16673f8351a">
      <![CDATA[org.openqa.selenium.WebDriverException: Element is not clickable at point (532.0499877929688, 403.29998779296875). Other element would receive the click: <div class="blockUI blockOverlay" style="z-index: 1000; border: medium none; margin: 0px; padding: 0px; width: 100%; height: 100%; top: 0px; left: 0px; background-color: rgb(0, 0, 0); opacity: 0.22325; cursor: default; position: fixed;"></div>
Command duration or timeout: 71 milliseconds
Build info: version: '2.53.1', revision: 'a36b8b1cd5757287168e54b817830adce9b0158d', time: '2016-06-30 19:26:09'
System info: host: 'Rajitha', ip: '192.168.56.1', os.name: 'Windows 10', os.arch: 'amd64', os.version: '10.0', java.version: '1.8.0_111'
Driver info: org.openqa.selenium.firefox.FirefoxDriver
Capabilities [{applicationCacheEnabled=true, rotatable=false, handlesAlerts=true, databaseEnabled=true, version=47.0.1, platform=WINDOWS, nativeEvents=false, acceptSslCerts=true, webStorageEnabled=true, locationContextEnabled=true, browserName=firefox, takesScreenshot=true, javascriptEnabled=true, cssSelectorsEnabled=true}]
Session ID: 64a8e2b4-6bfb-4547-bebc-e16673f8351a
	at org.openqa.selenium.remote.ErrorHandler.createThrowable(ErrorHandler.java:206)
	at org.openqa.selenium.remote.ErrorHandler.throwIfResponseFailed(ErrorHandler.java:158)
	at org.openqa.selenium.remote.RemoteWebDriver.execute(RemoteWebDriver.java:678)
	at org.openqa.selenium.remote.RemoteWebElement.execute(RemoteWebElement.java:327)
	at org.openqa.selenium.remote.RemoteWebElement.click(RemoteWebElement.java:85)
	at com.create4.scenarios.TS_52.CRe4_1310(TS_52.java:534)
	at com.create4.scenarios.TS_176.CRe4_1313(TS_176.java:407)
	at com.create4.execution.Amnd_substat_msdecsn_TS_176.CRe4_1313(Amnd_substat_msdecsn_TS_176.java:34)
... Removed 29 stack frames]]>
    </failure>
  </testcase> <!-- CRe4_1313 -->
  <testcase name="CRe4_1318" time="175.693" classname="com.create4.execution.Amnd_substat_msdecsn_TS_176">
    <failure type="org.openqa.selenium.WebDriverException" message="Element is not clickable at point (532.0499877929688, 403.29998779296875). Other element would receive the click: &amp;lt;div class=&amp;quot;blockUI blockOverlay&amp;quot; style=&amp;quot;z-index: 1000; border: medium none; margin: 0px; padding: 0px; width: 100%; height: 100%; top: 0px; left: 0px; background-color: rgb(0, 0, 0); opacity: 0.322248; cursor: default; position: fixed;&amp;quot;&amp;gt;&amp;lt;/div&amp;gt;
Command duration or timeout: 75 milliseconds
Build info: version: &amp;apos;2.53.1&amp;apos;, revision: &amp;apos;a36b8b1cd5757287168e54b817830adce9b0158d&amp;apos;, time: &amp;apos;2016-06-30 19:26:09&amp;apos;
System info: host: &amp;apos;Rajitha&amp;apos;, ip: &amp;apos;192.168.56.1&amp;apos;, os.name: &amp;apos;Windows 10&amp;apos;, os.arch: &amp;apos;amd64&amp;apos;, os.version: &amp;apos;10.0&amp;apos;, java.version: &amp;apos;1.8.0_111&amp;apos;
Driver info: org.openqa.selenium.firefox.FirefoxDriver
Capabilities [{applicationCacheEnabled=true, rotatable=false, handlesAlerts=true, databaseEnabled=true, version=47.0.1, platform=WINDOWS, nativeEvents=false, acceptSslCerts=true, webStorageEnabled=true, locationContextEnabled=true, browserName=firefox, takesScreenshot=true, javascriptEnabled=true, cssSelectorsEnabled=true}]
Session ID: 0d7bd7d2-d534-4f2c-8572-48927cf60ac1">
      <![CDATA[org.openqa.selenium.WebDriverException: Element is not clickable at point (532.0499877929688, 403.29998779296875). Other element would receive the click: <div class="blockUI blockOverlay" style="z-index: 1000; border: medium none; margin: 0px; padding: 0px; width: 100%; height: 100%; top: 0px; left: 0px; background-color: rgb(0, 0, 0); opacity: 0.322248; cursor: default; position: fixed;"></div>
Command duration or timeout: 75 milliseconds
Build info: version: '2.53.1', revision: 'a36b8b1cd5757287168e54b817830adce9b0158d', time: '2016-06-30 19:26:09'
System info: host: 'Rajitha', ip: '192.168.56.1', os.name: 'Windows 10', os.arch: 'amd64', os.version: '10.0', java.version: '1.8.0_111'
Driver info: org.openqa.selenium.firefox.FirefoxDriver
Capabilities [{applicationCacheEnabled=true, rotatable=false, handlesAlerts=true, databaseEnabled=true, version=47.0.1, platform=WINDOWS, nativeEvents=false, acceptSslCerts=true, webStorageEnabled=true, locationContextEnabled=true, browserName=firefox, takesScreenshot=true, javascriptEnabled=true, cssSelectorsEnabled=true}]
Session ID: 0d7bd7d2-d534-4f2c-8572-48927cf60ac1
	at org.openqa.selenium.remote.ErrorHandler.createThrowable(ErrorHandler.java:206)
	at org.openqa.selenium.remote.ErrorHandler.throwIfResponseFailed(ErrorHandler.java:158)
	at org.openqa.selenium.remote.RemoteWebDriver.execute(RemoteWebDriver.java:678)
	at org.openqa.selenium.remote.RemoteWebElement.execute(RemoteWebElement.java:327)
	at org.openqa.selenium.remote.RemoteWebElement.click(RemoteWebElement.java:85)
	at com.create4.scenarios.TS_52.CRe4_1315(TS_52.java:827)
	at com.create4.scenarios.TS_176.CRe4_1318(TS_176.java:443)
	at com.create4.execution.Amnd_substat_msdecsn_TS_176.CRe4_1318(Amnd_substat_msdecsn_TS_176.java:42)
... Removed 29 stack frames]]>
    </failure>
  </testcase> <!-- CRe4_1318 -->
  <testcase name="CRe4_1323" time="365.978" classname="com.create4.execution.Amnd_substat_msdecsn_TS_176"/>
  <testcase name="CRe4_1328" time="161.443" classname="com.create4.execution.Amnd_substat_msdecsn_TS_176">
    <failure type="org.openqa.selenium.WebDriverException" message="Element is not clickable at point (532.0499877929688, 403.29998779296875). Other element would receive the click: &amp;lt;div class=&amp;quot;blockUI blockOverlay&amp;quot; style=&amp;quot;z-index: 1000; border: medium none; margin: 0px; padding: 0px; width: 100%; height: 100%; top: 0px; left: 0px; background-color: rgb(0, 0, 0); opacity: 0.236366; cursor: default; position: fixed;&amp;quot;&amp;gt;&amp;lt;/div&amp;gt;
Command duration or timeout: 70 milliseconds
Build info: version: &amp;apos;2.53.1&amp;apos;, revision: &amp;apos;a36b8b1cd5757287168e54b817830adce9b0158d&amp;apos;, time: &amp;apos;2016-06-30 19:26:09&amp;apos;
System info: host: &amp;apos;Rajitha&amp;apos;, ip: &amp;apos;192.168.56.1&amp;apos;, os.name: &amp;apos;Windows 10&amp;apos;, os.arch: &amp;apos;amd64&amp;apos;, os.version: &amp;apos;10.0&amp;apos;, java.version: &amp;apos;1.8.0_111&amp;apos;
Driver info: org.openqa.selenium.firefox.FirefoxDriver
Capabilities [{applicationCacheEnabled=true, rotatable=false, handlesAlerts=true, databaseEnabled=true, version=47.0.1, platform=WINDOWS, nativeEvents=false, acceptSslCerts=true, webStorageEnabled=true, locationContextEnabled=true, browserName=firefox, takesScreenshot=true, javascriptEnabled=true, cssSelectorsEnabled=true}]
Session ID: 3c09a50b-3244-4f74-948f-b8d82a8b4732">
      <![CDATA[org.openqa.selenium.WebDriverException: Element is not clickable at point (532.0499877929688, 403.29998779296875). Other element would receive the click: <div class="blockUI blockOverlay" style="z-index: 1000; border: medium none; margin: 0px; padding: 0px; width: 100%; height: 100%; top: 0px; left: 0px; background-color: rgb(0, 0, 0); opacity: 0.236366; cursor: default; position: fixed;"></div>
Command duration or timeout: 70 milliseconds
Build info: version: '2.53.1', revision: 'a36b8b1cd5757287168e54b817830adce9b0158d', time: '2016-06-30 19:26:09'
System info: host: 'Rajitha', ip: '192.168.56.1', os.name: 'Windows 10', os.arch: 'amd64', os.version: '10.0', java.version: '1.8.0_111'
Driver info: org.openqa.selenium.firefox.FirefoxDriver
Capabilities [{applicationCacheEnabled=true, rotatable=false, handlesAlerts=true, databaseEnabled=true, version=47.0.1, platform=WINDOWS, nativeEvents=false, acceptSslCerts=true, webStorageEnabled=true, locationContextEnabled=true, browserName=firefox, takesScreenshot=true, javascriptEnabled=true, cssSelectorsEnabled=true}]
Session ID: 3c09a50b-3244-4f74-948f-b8d82a8b4732
	at org.openqa.selenium.remote.ErrorHandler.createThrowable(ErrorHandler.java:206)
	at org.openqa.selenium.remote.ErrorHandler.throwIfResponseFailed(ErrorHandler.java:158)
	at org.openqa.selenium.remote.RemoteWebDriver.execute(RemoteWebDriver.java:678)
	at org.openqa.selenium.remote.RemoteWebElement.execute(RemoteWebElement.java:327)
	at org.openqa.selenium.remote.RemoteWebElement.click(RemoteWebElement.java:85)
	at com.create4.scenarios.TS_52.CRe4_1325(TS_52.java:1418)
	at com.create4.scenarios.TS_176.CRe4_1328(TS_176.java:506)
	at com.create4.execution.Amnd_substat_msdecsn_TS_176.CRe4_1328(Amnd_substat_msdecsn_TS_176.java:58)
... Removed 29 stack frames]]>
    </failure>
  </testcase> <!-- CRe4_1328 -->
  <testcase name="CRe4_1333" time="251.115" classname="com.create4.execution.Amnd_substat_msdecsn_TS_176">
    <failure type="org.openqa.selenium.TimeoutException" message="Timed out after 180 seconds waiting for com.global.methods.GlobalWait$2@27b611aa
Build info: version: &amp;apos;2.53.1&amp;apos;, revision: &amp;apos;a36b8b1cd5757287168e54b817830adce9b0158d&amp;apos;, time: &amp;apos;2016-06-30 19:26:09&amp;apos;
System info: host: &amp;apos;Rajitha&amp;apos;, ip: &amp;apos;192.168.56.1&amp;apos;, os.name: &amp;apos;Windows 10&amp;apos;, os.arch: &amp;apos;amd64&amp;apos;, os.version: &amp;apos;10.0&amp;apos;, java.version: &amp;apos;1.8.0_111&amp;apos;
Driver info: driver.version: unknown">
      <![CDATA[org.openqa.selenium.TimeoutException: Timed out after 180 seconds waiting for com.global.methods.GlobalWait$2@27b611aa
Build info: version: '2.53.1', revision: 'a36b8b1cd5757287168e54b817830adce9b0158d', time: '2016-06-30 19:26:09'
System info: host: 'Rajitha', ip: '192.168.56.1', os.name: 'Windows 10', os.arch: 'amd64', os.version: '10.0', java.version: '1.8.0_111'
Driver info: driver.version: unknown
	at org.openqa.selenium.support.ui.FluentWait.timeoutException(FluentWait.java:292)
	at org.openqa.selenium.support.ui.FluentWait.until(FluentWait.java:261)
	at com.global.methods.GlobalWait.Wait_GetElementById(GlobalWait.java:52)
	at com.global.methods.Global_Project_Submissions.MS_ForwardTo_CP(Global_Project_Submissions.java:931)
	at com.create4.scenarios.TS_52.CRe4_1330(TS_52.java:1608)
	at com.create4.scenarios.TS_176.CRe4_1333(TS_176.java:533)
	at com.create4.execution.Amnd_substat_msdecsn_TS_176.CRe4_1333(Amnd_substat_msdecsn_TS_176.java:66)
Caused by: org.openqa.selenium.NoSuchElementException: Unable to locate element: {"method":"id","selector":"primary_reviewer"}
Command duration or timeout: 11 milliseconds
For documentation on this error, please visit: http://seleniumhq.org/exceptions/no_such_element.html
Build info: version: '2.53.1', revision: 'a36b8b1cd5757287168e54b817830adce9b0158d', time: '2016-06-30 19:26:09'
System info: host: 'Rajitha', ip: '192.168.56.1', os.name: 'Windows 10', os.arch: 'amd64', os.version: '10.0', java.version: '1.8.0_111'
Driver info: org.openqa.selenium.firefox.FirefoxDriver
Capabilities [{applicationCacheEnabled=true, rotatable=false, handlesAlerts=true, databaseEnabled=true, version=47.0.1, platform=WINDOWS, nativeEvents=false, acceptSslCerts=true, webStorageEnabled=true, locationContextEnabled=true, browserName=firefox, takesScreenshot=true, javascriptEnabled=true, cssSelectorsEnabled=true}]
Session ID: 9345ba8d-ddaf-40ec-8c26-da3f8e62e075
*** Element info: {Using=id, value=primary_reviewer}
	at org.openqa.selenium.remote.ErrorHandler.createThrowable(ErrorHandler.java:206)
	at org.openqa.selenium.remote.ErrorHandler.throwIfResponseFailed(ErrorHandler.java:158)
	at org.openqa.selenium.remote.RemoteWebDriver.execute(RemoteWebDriver.java:678)
	at org.openqa.selenium.remote.RemoteWebDriver.findElement(RemoteWebDriver.java:363)
	at org.openqa.selenium.remote.RemoteWebDriver.findElementById(RemoteWebDriver.java:413)
	at org.openqa.selenium.By$ById.findElement(By.java:218)
	at org.openqa.selenium.remote.RemoteWebDriver.findElement(RemoteWebDriver.java:355)
	at com.global.methods.GlobalWait$2.apply(GlobalWait.java:55)
	at org.openqa.selenium.support.ui.FluentWait.until(FluentWait.java:238)
	... 30 more
Caused by: org.openqa.selenium.NoSuchElementException: Unable to locate element: {"method":"id","selector":"primary_reviewer"}
For documentation on this error, please visit: http://seleniumhq.org/exceptions/no_such_element.html
Build info: version: '2.53.1', revision: 'a36b8b1cd5757287168e54b817830adce9b0158d', time: '2016-06-30 19:26:09'
System info: host: 'Rajitha', ip: '192.168.56.1', os.name: 'Windows 10', os.arch: 'amd64', os.version: '10.0', java.version: '1.8.0_111'
Driver info: driver.version: unknown
	at <anonymous class>.FirefoxDriver.prototype.findElementInternal_(file:///C:/Users/rajitha.g/AppData/Local/Temp/anonymous7750763225542666821webdriver-profile/extensions/fxdriver@googlecode.com/components/driver-component.js:10770)
	at <anonymous class>.FirefoxDriver.prototype.findElement(file:///C:/Users/rajitha.g/AppData/Local/Temp/anonymous7750763225542666821webdriver-profile/extensions/fxdriver@googlecode.com/components/driver-component.js:10779)
	at <anonymous class>.DelayedCommand.prototype.executeInternal_/h(file:///C:/Users/rajitha.g/AppData/Local/Temp/anonymous7750763225542666821webdriver-profile/extensions/fxdriver@googlecode.com/components/command-processor.js:12661)
	at <anonymous class>.DelayedCommand.prototype.executeInternal_(file:///C:/Users/rajitha.g/AppData/Local/Temp/anonymous7750763225542666821webdriver-profile/extensions/fxdriver@googlecode.com/components/command-processor.js:12666)
	at <anonymous class>.DelayedCommand.prototype.execute/<(file:///C:/Users/rajitha.g/AppData/Local/Temp/anonymous7750763225542666821webdriver-profile/extensions/fxdriver@googlecode.com/components/command-processor.js:12608)
... Removed 28 stack frames]]>
    </failure>
  </testcase> <!-- CRe4_1333 -->
  <testcase name="CRe4_1225" time="0.0" classname="com.create4.execution.Intsub_flow_TS_162">
    <ignored/>
  </testcase> <!-- CRe4_1225 -->
</testsuite> <!-- Test -->
