<!DOCTYPE html PUBLIC "-//W3C//DTD XHTML 1.1//EN" "http://www.w3.org/TR/xhtml11/DTD/xhtml11.dtd">
<html xmlns="http://www.w3.org/1999/xhtml"><head><title>TestNG Report</title><style type="text/css">table {margin-bottom:10px;border-collapse:collapse;empty-cells:show}th,td {border:1px solid #009;padding:.25em .5em}th {vertical-align:bottom}td {vertical-align:top}table a {font-weight:bold}.stripe td {background-color: #E6EBF9}.num {text-align:right}.passedodd td {background-color: #3F3}.passedeven td {background-color: #0A0}.skippedodd td {background-color: #DDD}.skippedeven td {background-color: #CCC}.failedodd td,.attn {background-color: #F33}.failedeven td,.stripe .attn {background-color: #D00}.stacktrace {white-space:pre;font-family:monospace}.totop {font-size:85%;text-align:center;border-bottom:2px solid #000}</style></head><body><table><tr><th>Test</th><th># Passed</th><th># Skipped</th><th># Failed</th><th>Time (ms)</th><th>Included Groups</th><th>Excluded Groups</th></tr><tr><th colspan="7">Suite</th></tr><tr><td><a href="#t0">Test</a></td><td class="num">0</td><td class="num">0</td><td class="num attn">10</td><td class="num">934,783</td><td></td><td></td></tr><tr><th colspan="7">Suite (0)</th></tr><tr class="stripe"><td><a href="#t1">Test</a></td><td class="num">0</td><td class="num">0</td><td class="num attn">40</td><td class="num">3,254,238</td><td></td><td></td></tr><tr><th>Total</th><th class="num">0</th><th class="num">0</th><th class="num attn">50</th><th class="num">4,189,021</th><th colspan="2"></th></tr></table><table id='summary'><thead><tr><th>Class</th><th>Method</th><th>Start</th><th>Time (ms)</th></tr></thead><tbody><tr><th colspan="4">Suite</th></tr></tbody><tbody id="t0"><tr><th colspan="4">Test &#8212; failed</th></tr><tr class="failedeven"><td rowspan="1">com.create4.execution.Amnd_docstat_msdcsn_TS_82</td><td><a href="#m0">CRe4_1302_05_07_09</a></td><td rowspan="1">1523368174486</td><td rowspan="1">79360</td></tr><tr class="failedodd"><td rowspan="1">com.create4.execution.Comp_docstat_msdcsn_TS_85</td><td><a href="#m1">CRe4_1514_17_19_21</a></td><td rowspan="1">1523368437126</td><td rowspan="1">79906</td></tr><tr class="failedeven"><td rowspan="1">com.create4.execution.Cont_docstat_msdcsn_TS_84</td><td><a href="#m2">CRe4_1435_38_40_42</a></td><td rowspan="1">1523368348864</td><td rowspan="1">79951</td></tr><tr class="failedodd"><td rowspan="1">com.create4.execution.Dev_docstat_msdcsn_TS_83</td><td><a href="#m3">CRe4_1381_84_86_88</a></td><td rowspan="1">1523368262957</td><td rowspan="1">78122</td></tr><tr class="failedeven"><td rowspan="1">com.create4.execution.Int_docstat_msdcsn_TS_81</td><td><a href="#m4">CRe4_1213_to_1220</a></td><td rowspan="1">1523368086044</td><td rowspan="1">79905</td></tr><tr class="failedodd"><td rowspan="1">com.create4.execution.Saefllw_docstat_msdcsn_TS_88</td><td><a href="#m5">CRe4_1741_44_46_48</a></td><td rowspan="1">1523368702721</td><td rowspan="1">78685</td></tr><tr class="failedeven"><td rowspan="1">com.create4.execution.Saeint_docstat_msdcsn_TS_87</td><td><a href="#m6">CRe4_1672_75_77_79</a></td><td rowspan="1">1523368612550</td><td rowspan="1">81979</td></tr><tr class="failedodd"><td rowspan="1">com.create4.execution.Saeothr_docstat_msdcsn_TS_89</td><td><a href="#m7">CRe4_1820_23_25_27</a></td><td rowspan="1">1523368789563</td><td rowspan="1">86966</td></tr><tr class="failedeven"><td rowspan="1">com.create4.execution.Term_docstat_msdcsn_TS_86</td><td><a href="#m8">CRe4_1593_96_98_60</a></td><td rowspan="1">1523368525022</td><td rowspan="1">79795</td></tr><tr class="failedodd"><td rowspan="1">com.create4.execution.With_docstat_msdcsn_TS_90</td><td><a href="#m9">CRe4_1891_94_96_98</a></td><td rowspan="1">1523368885305</td><td rowspan="1">124289</td></tr></tbody><tbody><tr><th colspan="4">Suite (0)</th></tr></tbody><tbody id="t1"><tr><th colspan="4">Test &#8212; failed</th></tr><tr class="failedeven"><td rowspan="5">com.create4.execution.Amndexp_prjctstatus4_msdcsn_TS_52</td><td><a href="#m10">CRe4_1310</a></td><td rowspan="1">1523369639023</td><td rowspan="1">66292</td></tr><tr class="failedeven"><td><a href="#m11">CRe4_1315</a></td><td rowspan="1">1523369713533</td><td rowspan="1">66262</td></tr><tr class="failedeven"><td><a href="#m12">CRe4_1320</a></td><td rowspan="1">1523369788324</td><td rowspan="1">67435</td></tr><tr class="failedeven"><td><a href="#m13">CRe4_1325</a></td><td rowspan="1">1523369863697</td><td rowspan="1">65384</td></tr><tr class="failedeven"><td><a href="#m14">CRe4_1330</a></td><td rowspan="1">1523369937605</td><td rowspan="1">74747</td></tr><tr class="failedodd"><td rowspan="4">com.create4.execution.Compexp_prjctstatus4_msdcsn_TS_55</td><td><a href="#m15">CRe4_1522</a></td><td rowspan="1">1523370717367</td><td rowspan="1">66771</td></tr><tr class="failedodd"><td><a href="#m16">CRe4_1527</a></td><td rowspan="1">1523370792823</td><td rowspan="1">66074</td></tr><tr class="failedodd"><td><a href="#m17">CRe4_1532</a></td><td rowspan="1">1523370867749</td><td rowspan="1">67746</td></tr><tr class="failedodd"><td><a href="#m18">CRe4_1537</a></td><td rowspan="1">1523370943849</td><td rowspan="1">66834</td></tr><tr class="failedeven"><td rowspan="4">com.create4.execution.Conexp_prjctstatus4_msdcsn_TS_54</td><td><a href="#m19">CRe4_1443</a></td><td rowspan="1">1523370403254</td><td rowspan="1">67710</td></tr><tr class="failedeven"><td><a href="#m20">CRe4_1448</a></td><td rowspan="1">1523370479786</td><td rowspan="1">78998</td></tr><tr class="failedeven"><td><a href="#m21">CRe4_1453</a></td><td rowspan="1">1523370567306</td><td rowspan="1">65328</td></tr><tr class="failedeven"><td><a href="#m22">CRe4_1458</a></td><td rowspan="1">1523370641886</td><td rowspan="1">66973</td></tr><tr class="failedodd"><td rowspan="5">com.create4.execution.Devexp_prjctstatus4_msdcsn_TS_53</td><td><a href="#m23">CRe4_1389</a></td><td rowspan="1">1523370021710</td><td rowspan="1">66351</td></tr><tr class="failedodd"><td><a href="#m24">CRe4_1394</a></td><td rowspan="1">1523370096694</td><td rowspan="1">75315</td></tr><tr class="failedodd"><td><a href="#m25">CRe4_1399</a></td><td rowspan="1">1523370180902</td><td rowspan="1">66178</td></tr><tr class="failedodd"><td><a href="#m26">CRe4_1404</a></td><td rowspan="1">1523370255445</td><td rowspan="1">64966</td></tr><tr class="failedodd"><td><a href="#m27">CRe4_1409</a></td><td rowspan="1">1523370329179</td><td rowspan="1">66242</td></tr><tr class="failedeven"><td rowspan="2">com.create4.execution.SaeInt_prjctstatus4_msdcsn_TS_57</td><td><a href="#m28">CRe4_1680</a></td><td rowspan="1">1523371325205</td><td rowspan="1">65775</td></tr><tr class="failedeven"><td><a href="#m29">CRe4_1733</a></td><td rowspan="1">1523371399396</td><td rowspan="1">68041</td></tr><tr class="failedodd"><td rowspan="4">com.create4.execution.Saefllwexp_prjctstatus4_msdcsn_TS_58</td><td><a href="#m30">CRe4_1749</a></td><td rowspan="1">1523371476797</td><td rowspan="1">64871</td></tr><tr class="failedodd"><td><a href="#m31">CRe4_1754</a></td><td rowspan="1">1523371550647</td><td rowspan="1">79841</td></tr><tr class="failedodd"><td><a href="#m32">CRe4_1807</a></td><td rowspan="1">1523371638979</td><td rowspan="1">75309</td></tr><tr class="failedodd"><td><a href="#m33">CRe4_1812</a></td><td rowspan="1">1523371723367</td><td rowspan="1">66362</td></tr><tr class="failedeven"><td rowspan="3">com.create4.execution.Saeothrexp_prjctstatus4_msdcsn_TS_59</td><td><a href="#m34">CRe4_1828</a></td><td rowspan="1">1523371798062</td><td rowspan="1">66871</td></tr><tr class="failedeven"><td><a href="#m35">CRe4_1833</a></td><td rowspan="1">1523371873507</td><td rowspan="1">66292</td></tr><tr class="failedeven"><td><a href="#m36">CRe4_1883</a></td><td rowspan="1">1523371948827</td><td rowspan="1">66076</td></tr><tr class="failedodd"><td rowspan="4">com.create4.execution.Termexp_prjctstatus4_msdcsn_TS_56</td><td><a href="#m37">CRe4_1601</a></td><td rowspan="1">1523371020082</td><td rowspan="1">70888</td></tr><tr class="failedodd"><td><a href="#m38">CRe4_1606</a></td><td rowspan="1">1523371099931</td><td rowspan="1">65188</td></tr><tr class="failedodd"><td><a href="#m39">CRe4_1611</a></td><td rowspan="1">1523371174007</td><td rowspan="1">66993</td></tr><tr class="failedodd"><td><a href="#m40">CRe4_1616</a></td><td rowspan="1">1523371250242</td><td rowspan="1">66511</td></tr><tr class="failedeven"><td rowspan="2">com.create4.execution.Withdraw_prjctstatus4_msdcsn_TS_60</td><td><a href="#m41">CRe4_1899</a></td><td rowspan="1">1523372023161</td><td rowspan="1">125800</td></tr><tr class="failedeven"><td><a href="#m42">CRe4_1904</a></td><td rowspan="1">1523372157129</td><td rowspan="1">105943</td></tr><tr class="failedodd"><td rowspan="7">com.create4.execution.Withexp_prjctstatus4_msdcsn_TS_51</td><td><a href="#m43">CRe4_1221</a></td><td rowspan="1">1523369017976</td><td rowspan="1">81958</td></tr><tr class="failedodd"><td><a href="#m44">CRe4_1226</a></td><td rowspan="1">1523369109248</td><td rowspan="1">79603</td></tr><tr class="failedodd"><td><a href="#m45">CRe4_1231</a></td><td rowspan="1">1523369197707</td><td rowspan="1">78661</td></tr><tr class="failedodd"><td><a href="#m46">CRe4_1236</a></td><td rowspan="1">1523369285073</td><td rowspan="1">79361</td></tr><tr class="failedodd"><td><a href="#m47">CRe4_1241</a></td><td rowspan="1">1523369372926</td><td rowspan="1">81650</td></tr><tr class="failedodd"><td><a href="#m48">CRe4_1246</a></td><td rowspan="1">1523369465103</td><td rowspan="1">76366</td></tr><tr class="failedodd"><td><a href="#m49">CRe4_1251</a></td><td rowspan="1">1523369550251</td><td rowspan="1">79907</td></tr></tbody></table><h2>Test</h2><h3 id="m0">com.create4.execution.Amnd_docstat_msdcsn_TS_82#CRe4_1302_05_07_09</h3><table class="result"><tr><th>Exception</th></tr><tr><td><div class="stacktrace">org.openqa.selenium.NoSuchElementException: Cannot locate element with text: Member Six
For documentation on this error, please visit: http://seleniumhq.org/exceptions/no_such_element.html
Build info: version: &apos;2.53.1&apos;, revision: &apos;a36b8b1cd5757287168e54b817830adce9b0158d&apos;, time: &apos;2016-06-30 19:26:09&apos;
System info: host: &apos;Rajitha&apos;, ip: &apos;192.168.56.1&apos;, os.name: &apos;Windows 10&apos;, os.arch: &apos;amd64&apos;, os.version: &apos;10.0&apos;, java.version: &apos;1.8.0_111&apos;
Driver info: driver.version: unknown
	at org.openqa.selenium.support.ui.Select.selectByVisibleText(Select.java:150)
	at com.global.methods.Global_Project_Submissions.MS_ForwardTo_CP(Global_Project_Submissions.java:956)
	at com.create4.scenarios.TS_82.CRe4_1302_05_07_09(TS_82.java:433)
	at com.create4.execution.Amnd_docstat_msdcsn_TS_82.CRe4_1302_05_07_09(Amnd_docstat_msdcsn_TS_82.java:38)
... Removed 34 stack frames</div></td></tr></table><p class="totop"><a href="#summary">back to summary</a></p><h3 id="m1">com.create4.execution.Comp_docstat_msdcsn_TS_85#CRe4_1514_17_19_21</h3><table class="result"><tr><th>Exception</th></tr><tr><td><div class="stacktrace">org.openqa.selenium.NoSuchElementException: Cannot locate element with text: Member Six
For documentation on this error, please visit: http://seleniumhq.org/exceptions/no_such_element.html
Build info: version: &apos;2.53.1&apos;, revision: &apos;a36b8b1cd5757287168e54b817830adce9b0158d&apos;, time: &apos;2016-06-30 19:26:09&apos;
System info: host: &apos;Rajitha&apos;, ip: &apos;192.168.56.1&apos;, os.name: &apos;Windows 10&apos;, os.arch: &apos;amd64&apos;, os.version: &apos;10.0&apos;, java.version: &apos;1.8.0_111&apos;
Driver info: driver.version: unknown
	at org.openqa.selenium.support.ui.Select.selectByVisibleText(Select.java:150)
	at com.global.methods.Global_Project_Submissions.MS_ForwardTo_CP(Global_Project_Submissions.java:956)
	at com.create4.scenarios.TS_85.CRe4_1514_17_19_21(TS_85.java:498)
	at com.create4.execution.Comp_docstat_msdcsn_TS_85.CRe4_1514_17_19_21(Comp_docstat_msdcsn_TS_85.java:38)
... Removed 34 stack frames</div></td></tr></table><p class="totop"><a href="#summary">back to summary</a></p><h3 id="m2">com.create4.execution.Cont_docstat_msdcsn_TS_84#CRe4_1435_38_40_42</h3><table class="result"><tr><th>Exception</th></tr><tr><td><div class="stacktrace">org.openqa.selenium.NoSuchElementException: Cannot locate element with text: Member Six
For documentation on this error, please visit: http://seleniumhq.org/exceptions/no_such_element.html
Build info: version: &apos;2.53.1&apos;, revision: &apos;a36b8b1cd5757287168e54b817830adce9b0158d&apos;, time: &apos;2016-06-30 19:26:09&apos;
System info: host: &apos;Rajitha&apos;, ip: &apos;192.168.56.1&apos;, os.name: &apos;Windows 10&apos;, os.arch: &apos;amd64&apos;, os.version: &apos;10.0&apos;, java.version: &apos;1.8.0_111&apos;
Driver info: driver.version: unknown
	at org.openqa.selenium.support.ui.Select.selectByVisibleText(Select.java:150)
	at com.global.methods.Global_Project_Submissions.MS_ForwardTo_CP(Global_Project_Submissions.java:956)
	at com.create4.scenarios.TS_84.CRe4_1435_38_40_42(TS_84.java:499)
	at com.create4.execution.Cont_docstat_msdcsn_TS_84.CRe4_1435_38_40_42(Cont_docstat_msdcsn_TS_84.java:37)
... Removed 34 stack frames</div></td></tr></table><p class="totop"><a href="#summary">back to summary</a></p><h3 id="m3">com.create4.execution.Dev_docstat_msdcsn_TS_83#CRe4_1381_84_86_88</h3><table class="result"><tr><th>Exception</th></tr><tr><td><div class="stacktrace">org.openqa.selenium.NoSuchElementException: Cannot locate element with text: Member Six
For documentation on this error, please visit: http://seleniumhq.org/exceptions/no_such_element.html
Build info: version: &apos;2.53.1&apos;, revision: &apos;a36b8b1cd5757287168e54b817830adce9b0158d&apos;, time: &apos;2016-06-30 19:26:09&apos;
System info: host: &apos;Rajitha&apos;, ip: &apos;192.168.56.1&apos;, os.name: &apos;Windows 10&apos;, os.arch: &apos;amd64&apos;, os.version: &apos;10.0&apos;, java.version: &apos;1.8.0_111&apos;
Driver info: driver.version: unknown
	at org.openqa.selenium.support.ui.Select.selectByVisibleText(Select.java:150)
	at com.global.methods.Global_Project_Submissions.MS_ForwardTo_CP(Global_Project_Submissions.java:956)
	at com.create4.scenarios.TS_83.CRe4_1381_84_86_88(TS_83.java:496)
	at com.create4.execution.Dev_docstat_msdcsn_TS_83.CRe4_1381_84_86_88(Dev_docstat_msdcsn_TS_83.java:39)
... Removed 34 stack frames</div></td></tr></table><p class="totop"><a href="#summary">back to summary</a></p><h3 id="m4">com.create4.execution.Int_docstat_msdcsn_TS_81#CRe4_1213_to_1220</h3><table class="result"><tr><th>Exception</th></tr><tr><td><div class="stacktrace">org.openqa.selenium.NoSuchElementException: Cannot locate element with text: Member Six
For documentation on this error, please visit: http://seleniumhq.org/exceptions/no_such_element.html
Build info: version: &apos;2.53.1&apos;, revision: &apos;a36b8b1cd5757287168e54b817830adce9b0158d&apos;, time: &apos;2016-06-30 19:26:09&apos;
System info: host: &apos;Rajitha&apos;, ip: &apos;192.168.56.1&apos;, os.name: &apos;Windows 10&apos;, os.arch: &apos;amd64&apos;, os.version: &apos;10.0&apos;, java.version: &apos;1.8.0_111&apos;
Driver info: driver.version: unknown
	at org.openqa.selenium.support.ui.Select.selectByVisibleText(Select.java:150)
	at com.global.methods.Global_Project_Submissions.MS_ForwardTo_CP(Global_Project_Submissions.java:956)
	at com.create4.scenarios.TS_81.CRe4_1213_to_1220(TS_81.java:434)
	at com.create4.execution.Int_docstat_msdcsn_TS_81.CRe4_1213_to_1220(Int_docstat_msdcsn_TS_81.java:38)
... Removed 34 stack frames</div></td></tr></table><p class="totop"><a href="#summary">back to summary</a></p><h3 id="m5">com.create4.execution.Saefllw_docstat_msdcsn_TS_88#CRe4_1741_44_46_48</h3><table class="result"><tr><th>Exception</th></tr><tr><td><div class="stacktrace">org.openqa.selenium.NoSuchElementException: Cannot locate element with text: Member Six
For documentation on this error, please visit: http://seleniumhq.org/exceptions/no_such_element.html
Build info: version: &apos;2.53.1&apos;, revision: &apos;a36b8b1cd5757287168e54b817830adce9b0158d&apos;, time: &apos;2016-06-30 19:26:09&apos;
System info: host: &apos;Rajitha&apos;, ip: &apos;192.168.56.1&apos;, os.name: &apos;Windows 10&apos;, os.arch: &apos;amd64&apos;, os.version: &apos;10.0&apos;, java.version: &apos;1.8.0_111&apos;
Driver info: driver.version: unknown
	at org.openqa.selenium.support.ui.Select.selectByVisibleText(Select.java:150)
	at com.global.methods.Global_Project_Submissions.MS_ForwardTo_CP(Global_Project_Submissions.java:956)
	at com.create4.scenarios.TS_88.CRe4_1741_44_46_48(TS_88.java:469)
	at com.create4.execution.Saefllw_docstat_msdcsn_TS_88.CRe4_1741_44_46_48(Saefllw_docstat_msdcsn_TS_88.java:38)
... Removed 34 stack frames</div></td></tr></table><p class="totop"><a href="#summary">back to summary</a></p><h3 id="m6">com.create4.execution.Saeint_docstat_msdcsn_TS_87#CRe4_1672_75_77_79</h3><table class="result"><tr><th>Exception</th></tr><tr><td><div class="stacktrace">org.openqa.selenium.NoSuchElementException: Cannot locate element with text: Member Six
For documentation on this error, please visit: http://seleniumhq.org/exceptions/no_such_element.html
Build info: version: &apos;2.53.1&apos;, revision: &apos;a36b8b1cd5757287168e54b817830adce9b0158d&apos;, time: &apos;2016-06-30 19:26:09&apos;
System info: host: &apos;Rajitha&apos;, ip: &apos;192.168.56.1&apos;, os.name: &apos;Windows 10&apos;, os.arch: &apos;amd64&apos;, os.version: &apos;10.0&apos;, java.version: &apos;1.8.0_111&apos;
Driver info: driver.version: unknown
	at org.openqa.selenium.support.ui.Select.selectByVisibleText(Select.java:150)
	at com.global.methods.Global_Project_Submissions.MS_ForwardTo_CP(Global_Project_Submissions.java:956)
	at com.create4.scenarios.TS_87.CRe4_1672_75_77_79(TS_87.java:470)
	at com.create4.execution.Saeint_docstat_msdcsn_TS_87.CRe4_1672_75_77_79(Saeint_docstat_msdcsn_TS_87.java:39)
... Removed 34 stack frames</div></td></tr></table><p class="totop"><a href="#summary">back to summary</a></p><h3 id="m7">com.create4.execution.Saeothr_docstat_msdcsn_TS_89#CRe4_1820_23_25_27</h3><table class="result"><tr><th>Exception</th></tr><tr><td><div class="stacktrace">org.openqa.selenium.NoSuchElementException: Cannot locate element with text: Member Six
For documentation on this error, please visit: http://seleniumhq.org/exceptions/no_such_element.html
Build info: version: &apos;2.53.1&apos;, revision: &apos;a36b8b1cd5757287168e54b817830adce9b0158d&apos;, time: &apos;2016-06-30 19:26:09&apos;
System info: host: &apos;Rajitha&apos;, ip: &apos;192.168.56.1&apos;, os.name: &apos;Windows 10&apos;, os.arch: &apos;amd64&apos;, os.version: &apos;10.0&apos;, java.version: &apos;1.8.0_111&apos;
Driver info: driver.version: unknown
	at org.openqa.selenium.support.ui.Select.selectByVisibleText(Select.java:150)
	at com.global.methods.Global_Project_Submissions.MS_ForwardTo_CP(Global_Project_Submissions.java:956)
	at com.create4.scenarios.TS_89.CRe4_1820_23_25_27(TS_89.java:468)
	at com.create4.execution.Saeothr_docstat_msdcsn_TS_89.CRe4_1820_23_25_27(Saeothr_docstat_msdcsn_TS_89.java:38)
... Removed 34 stack frames</div></td></tr></table><p class="totop"><a href="#summary">back to summary</a></p><h3 id="m8">com.create4.execution.Term_docstat_msdcsn_TS_86#CRe4_1593_96_98_60</h3><table class="result"><tr><th>Exception</th></tr><tr><td><div class="stacktrace">org.openqa.selenium.NoSuchElementException: Cannot locate element with text: Member Six
For documentation on this error, please visit: http://seleniumhq.org/exceptions/no_such_element.html
Build info: version: &apos;2.53.1&apos;, revision: &apos;a36b8b1cd5757287168e54b817830adce9b0158d&apos;, time: &apos;2016-06-30 19:26:09&apos;
System info: host: &apos;Rajitha&apos;, ip: &apos;192.168.56.1&apos;, os.name: &apos;Windows 10&apos;, os.arch: &apos;amd64&apos;, os.version: &apos;10.0&apos;, java.version: &apos;1.8.0_111&apos;
Driver info: driver.version: unknown
	at org.openqa.selenium.support.ui.Select.selectByVisibleText(Select.java:150)
	at com.global.methods.Global_Project_Submissions.MS_ForwardTo_CP(Global_Project_Submissions.java:956)
	at com.create4.scenarios.TS_86.CRe4_1593_96_98_60(TS_86.java:432)
	at com.create4.execution.Term_docstat_msdcsn_TS_86.CRe4_1593_96_98_60(Term_docstat_msdcsn_TS_86.java:37)
... Removed 34 stack frames</div></td></tr></table><p class="totop"><a href="#summary">back to summary</a></p><h3 id="m9">com.create4.execution.With_docstat_msdcsn_TS_90#CRe4_1891_94_96_98</h3><table class="result"><tr><th>Exception</th></tr><tr><td><div class="stacktrace">org.openqa.selenium.NoSuchElementException: Cannot locate element with text: Member Six
For documentation on this error, please visit: http://seleniumhq.org/exceptions/no_such_element.html
Build info: version: &apos;2.53.1&apos;, revision: &apos;a36b8b1cd5757287168e54b817830adce9b0158d&apos;, time: &apos;2016-06-30 19:26:09&apos;
System info: host: &apos;Rajitha&apos;, ip: &apos;192.168.56.1&apos;, os.name: &apos;Windows 10&apos;, os.arch: &apos;amd64&apos;, os.version: &apos;10.0&apos;, java.version: &apos;1.8.0_111&apos;
Driver info: driver.version: unknown
	at org.openqa.selenium.support.ui.Select.selectByVisibleText(Select.java:150)
	at com.global.methods.Global_Project_Submissions.MS_ForwardTo_CP(Global_Project_Submissions.java:956)
	at com.create4.scenarios.TS_90.CRe4_1891_94_96_98(TS_90.java:548)
	at com.create4.execution.With_docstat_msdcsn_TS_90.CRe4_1891_94_96_98(With_docstat_msdcsn_TS_90.java:37)
... Removed 34 stack frames</div></td></tr></table><p class="totop"><a href="#summary">back to summary</a></p><h2>Test</h2><h3 id="m10">com.create4.execution.Amndexp_prjctstatus4_msdcsn_TS_52#CRe4_1310</h3><table class="result"><tr><th>Exception</th></tr><tr><td><div class="stacktrace">org.openqa.selenium.NoSuchElementException: Cannot locate element with text: Member Six
For documentation on this error, please visit: http://seleniumhq.org/exceptions/no_such_element.html
Build info: version: &apos;2.53.1&apos;, revision: &apos;a36b8b1cd5757287168e54b817830adce9b0158d&apos;, time: &apos;2016-06-30 19:26:09&apos;
System info: host: &apos;Rajitha&apos;, ip: &apos;192.168.56.1&apos;, os.name: &apos;Windows 10&apos;, os.arch: &apos;amd64&apos;, os.version: &apos;10.0&apos;, java.version: &apos;1.8.0_111&apos;
Driver info: driver.version: unknown
	at org.openqa.selenium.support.ui.Select.selectByVisibleText(Select.java:150)
	at com.global.methods.Global_Project_Submissions.MS_ForwardTo_CP(Global_Project_Submissions.java:956)
	at com.create4.scenarios.TS_52.CRe4_1310(TS_52.java:429)
	at com.create4.execution.Amndexp_prjctstatus4_msdcsn_TS_52.CRe4_1310(Amndexp_prjctstatus4_msdcsn_TS_52.java:38)
... Removed 34 stack frames</div></td></tr></table><p class="totop"><a href="#summary">back to summary</a></p><h3 id="m11">com.create4.execution.Amndexp_prjctstatus4_msdcsn_TS_52#CRe4_1315</h3><table class="result"><tr><th>Exception</th></tr><tr><td><div class="stacktrace">org.openqa.selenium.NoSuchElementException: Cannot locate element with text: Member Six
For documentation on this error, please visit: http://seleniumhq.org/exceptions/no_such_element.html
Build info: version: &apos;2.53.1&apos;, revision: &apos;a36b8b1cd5757287168e54b817830adce9b0158d&apos;, time: &apos;2016-06-30 19:26:09&apos;
System info: host: &apos;Rajitha&apos;, ip: &apos;192.168.56.1&apos;, os.name: &apos;Windows 10&apos;, os.arch: &apos;amd64&apos;, os.version: &apos;10.0&apos;, java.version: &apos;1.8.0_111&apos;
Driver info: driver.version: unknown
	at org.openqa.selenium.support.ui.Select.selectByVisibleText(Select.java:150)
	at com.global.methods.Global_Project_Submissions.MS_ForwardTo_CP(Global_Project_Submissions.java:956)
	at com.create4.scenarios.TS_52.CRe4_1315(TS_52.java:723)
	at com.create4.execution.Amndexp_prjctstatus4_msdcsn_TS_52.CRe4_1315(Amndexp_prjctstatus4_msdcsn_TS_52.java:46)
... Removed 34 stack frames</div></td></tr></table><p class="totop"><a href="#summary">back to summary</a></p><h3 id="m12">com.create4.execution.Amndexp_prjctstatus4_msdcsn_TS_52#CRe4_1320</h3><table class="result"><tr><th>Exception</th></tr><tr><td><div class="stacktrace">org.openqa.selenium.NoSuchElementException: Cannot locate element with text: Member Six
For documentation on this error, please visit: http://seleniumhq.org/exceptions/no_such_element.html
Build info: version: &apos;2.53.1&apos;, revision: &apos;a36b8b1cd5757287168e54b817830adce9b0158d&apos;, time: &apos;2016-06-30 19:26:09&apos;
System info: host: &apos;Rajitha&apos;, ip: &apos;192.168.56.1&apos;, os.name: &apos;Windows 10&apos;, os.arch: &apos;amd64&apos;, os.version: &apos;10.0&apos;, java.version: &apos;1.8.0_111&apos;
Driver info: driver.version: unknown
	at org.openqa.selenium.support.ui.Select.selectByVisibleText(Select.java:150)
	at com.global.methods.Global_Project_Submissions.MS_ForwardTo_CP(Global_Project_Submissions.java:956)
	at com.create4.scenarios.TS_52.CRe4_1320(TS_52.java:1017)
	at com.create4.execution.Amndexp_prjctstatus4_msdcsn_TS_52.CRe4_1320(Amndexp_prjctstatus4_msdcsn_TS_52.java:55)
... Removed 34 stack frames</div></td></tr></table><p class="totop"><a href="#summary">back to summary</a></p><h3 id="m13">com.create4.execution.Amndexp_prjctstatus4_msdcsn_TS_52#CRe4_1325</h3><table class="result"><tr><th>Exception</th></tr><tr><td><div class="stacktrace">org.openqa.selenium.NoSuchElementException: Cannot locate element with text: Member Six
For documentation on this error, please visit: http://seleniumhq.org/exceptions/no_such_element.html
Build info: version: &apos;2.53.1&apos;, revision: &apos;a36b8b1cd5757287168e54b817830adce9b0158d&apos;, time: &apos;2016-06-30 19:26:09&apos;
System info: host: &apos;Rajitha&apos;, ip: &apos;192.168.56.1&apos;, os.name: &apos;Windows 10&apos;, os.arch: &apos;amd64&apos;, os.version: &apos;10.0&apos;, java.version: &apos;1.8.0_111&apos;
Driver info: driver.version: unknown
	at org.openqa.selenium.support.ui.Select.selectByVisibleText(Select.java:150)
	at com.global.methods.Global_Project_Submissions.MS_ForwardTo_CP(Global_Project_Submissions.java:956)
	at com.create4.scenarios.TS_52.CRe4_1325(TS_52.java:1316)
	at com.create4.execution.Amndexp_prjctstatus4_msdcsn_TS_52.CRe4_1325(Amndexp_prjctstatus4_msdcsn_TS_52.java:63)
... Removed 34 stack frames</div></td></tr></table><p class="totop"><a href="#summary">back to summary</a></p><h3 id="m14">com.create4.execution.Amndexp_prjctstatus4_msdcsn_TS_52#CRe4_1330</h3><table class="result"><tr><th>Exception</th></tr><tr><td><div class="stacktrace">org.openqa.selenium.NoSuchElementException: Cannot locate element with text: Member Six
For documentation on this error, please visit: http://seleniumhq.org/exceptions/no_such_element.html
Build info: version: &apos;2.53.1&apos;, revision: &apos;a36b8b1cd5757287168e54b817830adce9b0158d&apos;, time: &apos;2016-06-30 19:26:09&apos;
System info: host: &apos;Rajitha&apos;, ip: &apos;192.168.56.1&apos;, os.name: &apos;Windows 10&apos;, os.arch: &apos;amd64&apos;, os.version: &apos;10.0&apos;, java.version: &apos;1.8.0_111&apos;
Driver info: driver.version: unknown
	at org.openqa.selenium.support.ui.Select.selectByVisibleText(Select.java:150)
	at com.global.methods.Global_Project_Submissions.MS_ForwardTo_CP(Global_Project_Submissions.java:956)
	at com.create4.scenarios.TS_52.CRe4_1330(TS_52.java:1612)
	at com.create4.execution.Amndexp_prjctstatus4_msdcsn_TS_52.CRe4_1330(Amndexp_prjctstatus4_msdcsn_TS_52.java:71)
... Removed 34 stack frames</div></td></tr></table><p class="totop"><a href="#summary">back to summary</a></p><h3 id="m15">com.create4.execution.Compexp_prjctstatus4_msdcsn_TS_55#CRe4_1522</h3><table class="result"><tr><th>Exception</th></tr><tr><td><div class="stacktrace">org.openqa.selenium.NoSuchElementException: Cannot locate element with text: Member Six
For documentation on this error, please visit: http://seleniumhq.org/exceptions/no_such_element.html
Build info: version: &apos;2.53.1&apos;, revision: &apos;a36b8b1cd5757287168e54b817830adce9b0158d&apos;, time: &apos;2016-06-30 19:26:09&apos;
System info: host: &apos;Rajitha&apos;, ip: &apos;192.168.56.1&apos;, os.name: &apos;Windows 10&apos;, os.arch: &apos;amd64&apos;, os.version: &apos;10.0&apos;, java.version: &apos;1.8.0_111&apos;
Driver info: driver.version: unknown
	at org.openqa.selenium.support.ui.Select.selectByVisibleText(Select.java:150)
	at com.global.methods.Global_Project_Submissions.MS_ForwardTo_CP(Global_Project_Submissions.java:956)
	at com.create4.scenarios.TS_55.CRe4_1522(TS_55.java:425)
	at com.create4.execution.Compexp_prjctstatus4_msdcsn_TS_55.CRe4_1522(Compexp_prjctstatus4_msdcsn_TS_55.java:38)
... Removed 34 stack frames</div></td></tr></table><p class="totop"><a href="#summary">back to summary</a></p><h3 id="m16">com.create4.execution.Compexp_prjctstatus4_msdcsn_TS_55#CRe4_1527</h3><table class="result"><tr><th>Exception</th></tr><tr><td><div class="stacktrace">org.openqa.selenium.NoSuchElementException: Cannot locate element with text: Member Six
For documentation on this error, please visit: http://seleniumhq.org/exceptions/no_such_element.html
Build info: version: &apos;2.53.1&apos;, revision: &apos;a36b8b1cd5757287168e54b817830adce9b0158d&apos;, time: &apos;2016-06-30 19:26:09&apos;
System info: host: &apos;Rajitha&apos;, ip: &apos;192.168.56.1&apos;, os.name: &apos;Windows 10&apos;, os.arch: &apos;amd64&apos;, os.version: &apos;10.0&apos;, java.version: &apos;1.8.0_111&apos;
Driver info: driver.version: unknown
	at org.openqa.selenium.support.ui.Select.selectByVisibleText(Select.java:150)
	at com.global.methods.Global_Project_Submissions.MS_ForwardTo_CP(Global_Project_Submissions.java:956)
	at com.create4.scenarios.TS_55.CRe4_1527(TS_55.java:718)
	at com.create4.execution.Compexp_prjctstatus4_msdcsn_TS_55.CRe4_1527(Compexp_prjctstatus4_msdcsn_TS_55.java:46)
... Removed 34 stack frames</div></td></tr></table><p class="totop"><a href="#summary">back to summary</a></p><h3 id="m17">com.create4.execution.Compexp_prjctstatus4_msdcsn_TS_55#CRe4_1532</h3><table class="result"><tr><th>Exception</th></tr><tr><td><div class="stacktrace">org.openqa.selenium.NoSuchElementException: Cannot locate element with text: Member Six
For documentation on this error, please visit: http://seleniumhq.org/exceptions/no_such_element.html
Build info: version: &apos;2.53.1&apos;, revision: &apos;a36b8b1cd5757287168e54b817830adce9b0158d&apos;, time: &apos;2016-06-30 19:26:09&apos;
System info: host: &apos;Rajitha&apos;, ip: &apos;192.168.56.1&apos;, os.name: &apos;Windows 10&apos;, os.arch: &apos;amd64&apos;, os.version: &apos;10.0&apos;, java.version: &apos;1.8.0_111&apos;
Driver info: driver.version: unknown
	at org.openqa.selenium.support.ui.Select.selectByVisibleText(Select.java:150)
	at com.global.methods.Global_Project_Submissions.MS_ForwardTo_CP(Global_Project_Submissions.java:956)
	at com.create4.scenarios.TS_55.CRe4_1532(TS_55.java:1008)
	at com.create4.execution.Compexp_prjctstatus4_msdcsn_TS_55.CRe4_1532(Compexp_prjctstatus4_msdcsn_TS_55.java:54)
... Removed 34 stack frames</div></td></tr></table><p class="totop"><a href="#summary">back to summary</a></p><h3 id="m18">com.create4.execution.Compexp_prjctstatus4_msdcsn_TS_55#CRe4_1537</h3><table class="result"><tr><th>Exception</th></tr><tr><td><div class="stacktrace">org.openqa.selenium.NoSuchElementException: Cannot locate element with text: Member Six
For documentation on this error, please visit: http://seleniumhq.org/exceptions/no_such_element.html
Build info: version: &apos;2.53.1&apos;, revision: &apos;a36b8b1cd5757287168e54b817830adce9b0158d&apos;, time: &apos;2016-06-30 19:26:09&apos;
System info: host: &apos;Rajitha&apos;, ip: &apos;192.168.56.1&apos;, os.name: &apos;Windows 10&apos;, os.arch: &apos;amd64&apos;, os.version: &apos;10.0&apos;, java.version: &apos;1.8.0_111&apos;
Driver info: driver.version: unknown
	at org.openqa.selenium.support.ui.Select.selectByVisibleText(Select.java:150)
	at com.global.methods.Global_Project_Submissions.MS_ForwardTo_CP(Global_Project_Submissions.java:956)
	at com.create4.scenarios.TS_55.CRe4_1537(TS_55.java:1300)
	at com.create4.execution.Compexp_prjctstatus4_msdcsn_TS_55.CRe4_1537(Compexp_prjctstatus4_msdcsn_TS_55.java:62)
... Removed 34 stack frames</div></td></tr></table><p class="totop"><a href="#summary">back to summary</a></p><h3 id="m19">com.create4.execution.Conexp_prjctstatus4_msdcsn_TS_54#CRe4_1443</h3><table class="result"><tr><th>Exception</th></tr><tr><td><div class="stacktrace">org.openqa.selenium.NoSuchElementException: Cannot locate element with text: Member Six
For documentation on this error, please visit: http://seleniumhq.org/exceptions/no_such_element.html
Build info: version: &apos;2.53.1&apos;, revision: &apos;a36b8b1cd5757287168e54b817830adce9b0158d&apos;, time: &apos;2016-06-30 19:26:09&apos;
System info: host: &apos;Rajitha&apos;, ip: &apos;192.168.56.1&apos;, os.name: &apos;Windows 10&apos;, os.arch: &apos;amd64&apos;, os.version: &apos;10.0&apos;, java.version: &apos;1.8.0_111&apos;
Driver info: driver.version: unknown
	at org.openqa.selenium.support.ui.Select.selectByVisibleText(Select.java:150)
	at com.global.methods.Global_Project_Submissions.MS_ForwardTo_CP(Global_Project_Submissions.java:956)
	at com.create4.scenarios.TS_54.CRe4_1443(TS_54.java:429)
	at com.create4.execution.Conexp_prjctstatus4_msdcsn_TS_54.CRe4_1443(Conexp_prjctstatus4_msdcsn_TS_54.java:38)
... Removed 34 stack frames</div></td></tr></table><p class="totop"><a href="#summary">back to summary</a></p><h3 id="m20">com.create4.execution.Conexp_prjctstatus4_msdcsn_TS_54#CRe4_1448</h3><table class="result"><tr><th>Exception</th></tr><tr><td><div class="stacktrace">org.openqa.selenium.NoSuchElementException: Cannot locate element with text: Member Six
For documentation on this error, please visit: http://seleniumhq.org/exceptions/no_such_element.html
Build info: version: &apos;2.53.1&apos;, revision: &apos;a36b8b1cd5757287168e54b817830adce9b0158d&apos;, time: &apos;2016-06-30 19:26:09&apos;
System info: host: &apos;Rajitha&apos;, ip: &apos;192.168.56.1&apos;, os.name: &apos;Windows 10&apos;, os.arch: &apos;amd64&apos;, os.version: &apos;10.0&apos;, java.version: &apos;1.8.0_111&apos;
Driver info: driver.version: unknown
	at org.openqa.selenium.support.ui.Select.selectByVisibleText(Select.java:150)
	at com.global.methods.Global_Project_Submissions.MS_ForwardTo_CP(Global_Project_Submissions.java:956)
	at com.create4.scenarios.TS_54.CRe4_1448(TS_54.java:721)
	at com.create4.execution.Conexp_prjctstatus4_msdcsn_TS_54.CRe4_1448(Conexp_prjctstatus4_msdcsn_TS_54.java:46)
... Removed 34 stack frames</div></td></tr></table><p class="totop"><a href="#summary">back to summary</a></p><h3 id="m21">com.create4.execution.Conexp_prjctstatus4_msdcsn_TS_54#CRe4_1453</h3><table class="result"><tr><th>Exception</th></tr><tr><td><div class="stacktrace">org.openqa.selenium.NoSuchElementException: Cannot locate element with text: Member Six
For documentation on this error, please visit: http://seleniumhq.org/exceptions/no_such_element.html
Build info: version: &apos;2.53.1&apos;, revision: &apos;a36b8b1cd5757287168e54b817830adce9b0158d&apos;, time: &apos;2016-06-30 19:26:09&apos;
System info: host: &apos;Rajitha&apos;, ip: &apos;192.168.56.1&apos;, os.name: &apos;Windows 10&apos;, os.arch: &apos;amd64&apos;, os.version: &apos;10.0&apos;, java.version: &apos;1.8.0_111&apos;
Driver info: driver.version: unknown
	at org.openqa.selenium.support.ui.Select.selectByVisibleText(Select.java:150)
	at com.global.methods.Global_Project_Submissions.MS_ForwardTo_CP(Global_Project_Submissions.java:956)
	at com.create4.scenarios.TS_54.CRe4_1453(TS_54.java:1013)
	at com.create4.execution.Conexp_prjctstatus4_msdcsn_TS_54.CRe4_1453(Conexp_prjctstatus4_msdcsn_TS_54.java:54)
... Removed 34 stack frames</div></td></tr></table><p class="totop"><a href="#summary">back to summary</a></p><h3 id="m22">com.create4.execution.Conexp_prjctstatus4_msdcsn_TS_54#CRe4_1458</h3><table class="result"><tr><th>Exception</th></tr><tr><td><div class="stacktrace">org.openqa.selenium.NoSuchElementException: Cannot locate element with text: Member Six
For documentation on this error, please visit: http://seleniumhq.org/exceptions/no_such_element.html
Build info: version: &apos;2.53.1&apos;, revision: &apos;a36b8b1cd5757287168e54b817830adce9b0158d&apos;, time: &apos;2016-06-30 19:26:09&apos;
System info: host: &apos;Rajitha&apos;, ip: &apos;192.168.56.1&apos;, os.name: &apos;Windows 10&apos;, os.arch: &apos;amd64&apos;, os.version: &apos;10.0&apos;, java.version: &apos;1.8.0_111&apos;
Driver info: driver.version: unknown
	at org.openqa.selenium.support.ui.Select.selectByVisibleText(Select.java:150)
	at com.global.methods.Global_Project_Submissions.MS_ForwardTo_CP(Global_Project_Submissions.java:956)
	at com.create4.scenarios.TS_54.CRe4_1458(TS_54.java:1304)
	at com.create4.execution.Conexp_prjctstatus4_msdcsn_TS_54.CRe4_1458(Conexp_prjctstatus4_msdcsn_TS_54.java:62)
... Removed 34 stack frames</div></td></tr></table><p class="totop"><a href="#summary">back to summary</a></p><h3 id="m23">com.create4.execution.Devexp_prjctstatus4_msdcsn_TS_53#CRe4_1389</h3><table class="result"><tr><th>Exception</th></tr><tr><td><div class="stacktrace">org.openqa.selenium.NoSuchElementException: Cannot locate element with text: Member Six
For documentation on this error, please visit: http://seleniumhq.org/exceptions/no_such_element.html
Build info: version: &apos;2.53.1&apos;, revision: &apos;a36b8b1cd5757287168e54b817830adce9b0158d&apos;, time: &apos;2016-06-30 19:26:09&apos;
System info: host: &apos;Rajitha&apos;, ip: &apos;192.168.56.1&apos;, os.name: &apos;Windows 10&apos;, os.arch: &apos;amd64&apos;, os.version: &apos;10.0&apos;, java.version: &apos;1.8.0_111&apos;
Driver info: driver.version: unknown
	at org.openqa.selenium.support.ui.Select.selectByVisibleText(Select.java:150)
	at com.global.methods.Global_Project_Submissions.MS_ForwardTo_CP(Global_Project_Submissions.java:956)
	at com.create4.scenarios.TS_53.CRe4_1389(TS_53.java:429)
	at com.create4.execution.Devexp_prjctstatus4_msdcsn_TS_53.CRe4_1389(Devexp_prjctstatus4_msdcsn_TS_53.java:38)
... Removed 34 stack frames</div></td></tr></table><p class="totop"><a href="#summary">back to summary</a></p><h3 id="m24">com.create4.execution.Devexp_prjctstatus4_msdcsn_TS_53#CRe4_1394</h3><table class="result"><tr><th>Exception</th></tr><tr><td><div class="stacktrace">org.openqa.selenium.NoSuchElementException: Cannot locate element with text: Member Six
For documentation on this error, please visit: http://seleniumhq.org/exceptions/no_such_element.html
Build info: version: &apos;2.53.1&apos;, revision: &apos;a36b8b1cd5757287168e54b817830adce9b0158d&apos;, time: &apos;2016-06-30 19:26:09&apos;
System info: host: &apos;Rajitha&apos;, ip: &apos;192.168.56.1&apos;, os.name: &apos;Windows 10&apos;, os.arch: &apos;amd64&apos;, os.version: &apos;10.0&apos;, java.version: &apos;1.8.0_111&apos;
Driver info: driver.version: unknown
	at org.openqa.selenium.support.ui.Select.selectByVisibleText(Select.java:150)
	at com.global.methods.Global_Project_Submissions.MS_ForwardTo_CP(Global_Project_Submissions.java:956)
	at com.create4.scenarios.TS_53.CRe4_1394(TS_53.java:718)
	at com.create4.execution.Devexp_prjctstatus4_msdcsn_TS_53.CRe4_1394(Devexp_prjctstatus4_msdcsn_TS_53.java:46)
... Removed 34 stack frames</div></td></tr></table><p class="totop"><a href="#summary">back to summary</a></p><h3 id="m25">com.create4.execution.Devexp_prjctstatus4_msdcsn_TS_53#CRe4_1399</h3><table class="result"><tr><th>Exception</th></tr><tr><td><div class="stacktrace">org.openqa.selenium.NoSuchElementException: Cannot locate element with text: Member Six
For documentation on this error, please visit: http://seleniumhq.org/exceptions/no_such_element.html
Build info: version: &apos;2.53.1&apos;, revision: &apos;a36b8b1cd5757287168e54b817830adce9b0158d&apos;, time: &apos;2016-06-30 19:26:09&apos;
System info: host: &apos;Rajitha&apos;, ip: &apos;192.168.56.1&apos;, os.name: &apos;Windows 10&apos;, os.arch: &apos;amd64&apos;, os.version: &apos;10.0&apos;, java.version: &apos;1.8.0_111&apos;
Driver info: driver.version: unknown
	at org.openqa.selenium.support.ui.Select.selectByVisibleText(Select.java:150)
	at com.global.methods.Global_Project_Submissions.MS_ForwardTo_CP(Global_Project_Submissions.java:956)
	at com.create4.scenarios.TS_53.CRe4_1399(TS_53.java:1006)
	at com.create4.execution.Devexp_prjctstatus4_msdcsn_TS_53.CRe4_1399(Devexp_prjctstatus4_msdcsn_TS_53.java:54)
... Removed 34 stack frames</div></td></tr></table><p class="totop"><a href="#summary">back to summary</a></p><h3 id="m26">com.create4.execution.Devexp_prjctstatus4_msdcsn_TS_53#CRe4_1404</h3><table class="result"><tr><th>Exception</th></tr><tr><td><div class="stacktrace">org.openqa.selenium.NoSuchElementException: Cannot locate element with text: Member Six
For documentation on this error, please visit: http://seleniumhq.org/exceptions/no_such_element.html
Build info: version: &apos;2.53.1&apos;, revision: &apos;a36b8b1cd5757287168e54b817830adce9b0158d&apos;, time: &apos;2016-06-30 19:26:09&apos;
System info: host: &apos;Rajitha&apos;, ip: &apos;192.168.56.1&apos;, os.name: &apos;Windows 10&apos;, os.arch: &apos;amd64&apos;, os.version: &apos;10.0&apos;, java.version: &apos;1.8.0_111&apos;
Driver info: driver.version: unknown
	at org.openqa.selenium.support.ui.Select.selectByVisibleText(Select.java:150)
	at com.global.methods.Global_Project_Submissions.MS_ForwardTo_CP(Global_Project_Submissions.java:956)
	at com.create4.scenarios.TS_53.CRe4_1404(TS_53.java:1293)
	at com.create4.execution.Devexp_prjctstatus4_msdcsn_TS_53.CRe4_1404(Devexp_prjctstatus4_msdcsn_TS_53.java:62)
... Removed 34 stack frames</div></td></tr></table><p class="totop"><a href="#summary">back to summary</a></p><h3 id="m27">com.create4.execution.Devexp_prjctstatus4_msdcsn_TS_53#CRe4_1409</h3><table class="result"><tr><th>Exception</th></tr><tr><td><div class="stacktrace">org.openqa.selenium.NoSuchElementException: Cannot locate element with text: Member Six
For documentation on this error, please visit: http://seleniumhq.org/exceptions/no_such_element.html
Build info: version: &apos;2.53.1&apos;, revision: &apos;a36b8b1cd5757287168e54b817830adce9b0158d&apos;, time: &apos;2016-06-30 19:26:09&apos;
System info: host: &apos;Rajitha&apos;, ip: &apos;192.168.56.1&apos;, os.name: &apos;Windows 10&apos;, os.arch: &apos;amd64&apos;, os.version: &apos;10.0&apos;, java.version: &apos;1.8.0_111&apos;
Driver info: driver.version: unknown
	at org.openqa.selenium.support.ui.Select.selectByVisibleText(Select.java:150)
	at com.global.methods.Global_Project_Submissions.MS_ForwardTo_CP(Global_Project_Submissions.java:956)
	at com.create4.scenarios.TS_53.CRe4_1409(TS_53.java:1581)
	at com.create4.execution.Devexp_prjctstatus4_msdcsn_TS_53.CRe4_1409(Devexp_prjctstatus4_msdcsn_TS_53.java:70)
... Removed 34 stack frames</div></td></tr></table><p class="totop"><a href="#summary">back to summary</a></p><h3 id="m28">com.create4.execution.SaeInt_prjctstatus4_msdcsn_TS_57#CRe4_1680</h3><table class="result"><tr><th>Exception</th></tr><tr><td><div class="stacktrace">org.openqa.selenium.NoSuchElementException: Cannot locate element with text: Member Six
For documentation on this error, please visit: http://seleniumhq.org/exceptions/no_such_element.html
Build info: version: &apos;2.53.1&apos;, revision: &apos;a36b8b1cd5757287168e54b817830adce9b0158d&apos;, time: &apos;2016-06-30 19:26:09&apos;
System info: host: &apos;Rajitha&apos;, ip: &apos;192.168.56.1&apos;, os.name: &apos;Windows 10&apos;, os.arch: &apos;amd64&apos;, os.version: &apos;10.0&apos;, java.version: &apos;1.8.0_111&apos;
Driver info: driver.version: unknown
	at org.openqa.selenium.support.ui.Select.selectByVisibleText(Select.java:150)
	at com.global.methods.Global_Project_Submissions.MS_ForwardTo_CP(Global_Project_Submissions.java:956)
	at com.create4.scenarios.TS_57.CRe4_1680(TS_57.java:456)
	at com.create4.execution.SaeInt_prjctstatus4_msdcsn_TS_57.CRe4_1680(SaeInt_prjctstatus4_msdcsn_TS_57.java:36)
... Removed 34 stack frames</div></td></tr></table><p class="totop"><a href="#summary">back to summary</a></p><h3 id="m29">com.create4.execution.SaeInt_prjctstatus4_msdcsn_TS_57#CRe4_1733</h3><table class="result"><tr><th>Exception</th></tr><tr><td><div class="stacktrace">org.openqa.selenium.NoSuchElementException: Cannot locate element with text: Member Six
For documentation on this error, please visit: http://seleniumhq.org/exceptions/no_such_element.html
Build info: version: &apos;2.53.1&apos;, revision: &apos;a36b8b1cd5757287168e54b817830adce9b0158d&apos;, time: &apos;2016-06-30 19:26:09&apos;
System info: host: &apos;Rajitha&apos;, ip: &apos;192.168.56.1&apos;, os.name: &apos;Windows 10&apos;, os.arch: &apos;amd64&apos;, os.version: &apos;10.0&apos;, java.version: &apos;1.8.0_111&apos;
Driver info: driver.version: unknown
	at org.openqa.selenium.support.ui.Select.selectByVisibleText(Select.java:150)
	at com.global.methods.Global_Project_Submissions.MS_ForwardTo_CP(Global_Project_Submissions.java:956)
	at com.create4.scenarios.TS_57.CRe4_1733(TS_57.java:800)
	at com.create4.execution.SaeInt_prjctstatus4_msdcsn_TS_57.CRe4_1733(SaeInt_prjctstatus4_msdcsn_TS_57.java:45)
... Removed 34 stack frames</div></td></tr></table><p class="totop"><a href="#summary">back to summary</a></p><h3 id="m30">com.create4.execution.Saefllwexp_prjctstatus4_msdcsn_TS_58#CRe4_1749</h3><table class="result"><tr><th>Exception</th></tr><tr><td><div class="stacktrace">org.openqa.selenium.NoSuchElementException: Cannot locate element with text: Member Six
For documentation on this error, please visit: http://seleniumhq.org/exceptions/no_such_element.html
Build info: version: &apos;2.53.1&apos;, revision: &apos;a36b8b1cd5757287168e54b817830adce9b0158d&apos;, time: &apos;2016-06-30 19:26:09&apos;
System info: host: &apos;Rajitha&apos;, ip: &apos;192.168.56.1&apos;, os.name: &apos;Windows 10&apos;, os.arch: &apos;amd64&apos;, os.version: &apos;10.0&apos;, java.version: &apos;1.8.0_111&apos;
Driver info: driver.version: unknown
	at org.openqa.selenium.support.ui.Select.selectByVisibleText(Select.java:150)
	at com.global.methods.Global_Project_Submissions.MS_ForwardTo_CP(Global_Project_Submissions.java:956)
	at com.create4.scenarios.TS_58.CRe4_1749(TS_58.java:463)
	at com.create4.execution.Saefllwexp_prjctstatus4_msdcsn_TS_58.CRe4_1749(Saefllwexp_prjctstatus4_msdcsn_TS_58.java:37)
... Removed 34 stack frames</div></td></tr></table><p class="totop"><a href="#summary">back to summary</a></p><h3 id="m31">com.create4.execution.Saefllwexp_prjctstatus4_msdcsn_TS_58#CRe4_1754</h3><table class="result"><tr><th>Exception</th></tr><tr><td><div class="stacktrace">org.openqa.selenium.NoSuchElementException: Cannot locate element with text: Member Six
For documentation on this error, please visit: http://seleniumhq.org/exceptions/no_such_element.html
Build info: version: &apos;2.53.1&apos;, revision: &apos;a36b8b1cd5757287168e54b817830adce9b0158d&apos;, time: &apos;2016-06-30 19:26:09&apos;
System info: host: &apos;Rajitha&apos;, ip: &apos;192.168.56.1&apos;, os.name: &apos;Windows 10&apos;, os.arch: &apos;amd64&apos;, os.version: &apos;10.0&apos;, java.version: &apos;1.8.0_111&apos;
Driver info: driver.version: unknown
	at org.openqa.selenium.support.ui.Select.selectByVisibleText(Select.java:150)
	at com.global.methods.Global_Project_Submissions.MS_ForwardTo_CP(Global_Project_Submissions.java:956)
	at com.create4.scenarios.TS_58.CRe4_1754(TS_58.java:895)
	at com.create4.execution.Saefllwexp_prjctstatus4_msdcsn_TS_58.CRe4_1754(Saefllwexp_prjctstatus4_msdcsn_TS_58.java:46)
... Removed 34 stack frames</div></td></tr></table><p class="totop"><a href="#summary">back to summary</a></p><h3 id="m32">com.create4.execution.Saefllwexp_prjctstatus4_msdcsn_TS_58#CRe4_1807</h3><table class="result"><tr><th>Exception</th></tr><tr><td><div class="stacktrace">org.openqa.selenium.NoSuchElementException: Cannot locate element with text: Member Six
For documentation on this error, please visit: http://seleniumhq.org/exceptions/no_such_element.html
Build info: version: &apos;2.53.1&apos;, revision: &apos;a36b8b1cd5757287168e54b817830adce9b0158d&apos;, time: &apos;2016-06-30 19:26:09&apos;
System info: host: &apos;Rajitha&apos;, ip: &apos;192.168.56.1&apos;, os.name: &apos;Windows 10&apos;, os.arch: &apos;amd64&apos;, os.version: &apos;10.0&apos;, java.version: &apos;1.8.0_111&apos;
Driver info: driver.version: unknown
	at org.openqa.selenium.support.ui.Select.selectByVisibleText(Select.java:150)
	at com.global.methods.Global_Project_Submissions.MS_ForwardTo_CP(Global_Project_Submissions.java:956)
	at com.create4.scenarios.TS_58.CRe4_1807(TS_58.java:1328)
	at com.create4.execution.Saefllwexp_prjctstatus4_msdcsn_TS_58.CRe4_1807(Saefllwexp_prjctstatus4_msdcsn_TS_58.java:54)
... Removed 34 stack frames</div></td></tr></table><p class="totop"><a href="#summary">back to summary</a></p><h3 id="m33">com.create4.execution.Saefllwexp_prjctstatus4_msdcsn_TS_58#CRe4_1812</h3><table class="result"><tr><th>Exception</th></tr><tr><td><div class="stacktrace">org.openqa.selenium.NoSuchElementException: Cannot locate element with text: Member Six
For documentation on this error, please visit: http://seleniumhq.org/exceptions/no_such_element.html
Build info: version: &apos;2.53.1&apos;, revision: &apos;a36b8b1cd5757287168e54b817830adce9b0158d&apos;, time: &apos;2016-06-30 19:26:09&apos;
System info: host: &apos;Rajitha&apos;, ip: &apos;192.168.56.1&apos;, os.name: &apos;Windows 10&apos;, os.arch: &apos;amd64&apos;, os.version: &apos;10.0&apos;, java.version: &apos;1.8.0_111&apos;
Driver info: driver.version: unknown
	at org.openqa.selenium.support.ui.Select.selectByVisibleText(Select.java:150)
	at com.global.methods.Global_Project_Submissions.MS_ForwardTo_CP(Global_Project_Submissions.java:956)
	at com.create4.scenarios.TS_58.CRe4_1812(TS_58.java:1763)
	at com.create4.execution.Saefllwexp_prjctstatus4_msdcsn_TS_58.CRe4_1812(Saefllwexp_prjctstatus4_msdcsn_TS_58.java:62)
... Removed 34 stack frames</div></td></tr></table><p class="totop"><a href="#summary">back to summary</a></p><h3 id="m34">com.create4.execution.Saeothrexp_prjctstatus4_msdcsn_TS_59#CRe4_1828</h3><table class="result"><tr><th>Exception</th></tr><tr><td><div class="stacktrace">org.openqa.selenium.NoSuchElementException: Cannot locate element with text: Member Six
For documentation on this error, please visit: http://seleniumhq.org/exceptions/no_such_element.html
Build info: version: &apos;2.53.1&apos;, revision: &apos;a36b8b1cd5757287168e54b817830adce9b0158d&apos;, time: &apos;2016-06-30 19:26:09&apos;
System info: host: &apos;Rajitha&apos;, ip: &apos;192.168.56.1&apos;, os.name: &apos;Windows 10&apos;, os.arch: &apos;amd64&apos;, os.version: &apos;10.0&apos;, java.version: &apos;1.8.0_111&apos;
Driver info: driver.version: unknown
	at org.openqa.selenium.support.ui.Select.selectByVisibleText(Select.java:150)
	at com.global.methods.Global_Project_Submissions.MS_ForwardTo_CP(Global_Project_Submissions.java:956)
	at com.create4.scenarios.TS_59.CRe4_1828(TS_59.java:462)
	at com.create4.execution.Saeothrexp_prjctstatus4_msdcsn_TS_59.CRe4_1828(Saeothrexp_prjctstatus4_msdcsn_TS_59.java:38)
... Removed 34 stack frames</div></td></tr></table><p class="totop"><a href="#summary">back to summary</a></p><h3 id="m35">com.create4.execution.Saeothrexp_prjctstatus4_msdcsn_TS_59#CRe4_1833</h3><table class="result"><tr><th>Exception</th></tr><tr><td><div class="stacktrace">org.openqa.selenium.NoSuchElementException: Cannot locate element with text: Member Six
For documentation on this error, please visit: http://seleniumhq.org/exceptions/no_such_element.html
Build info: version: &apos;2.53.1&apos;, revision: &apos;a36b8b1cd5757287168e54b817830adce9b0158d&apos;, time: &apos;2016-06-30 19:26:09&apos;
System info: host: &apos;Rajitha&apos;, ip: &apos;192.168.56.1&apos;, os.name: &apos;Windows 10&apos;, os.arch: &apos;amd64&apos;, os.version: &apos;10.0&apos;, java.version: &apos;1.8.0_111&apos;
Driver info: driver.version: unknown
	at org.openqa.selenium.support.ui.Select.selectByVisibleText(Select.java:150)
	at com.global.methods.Global_Project_Submissions.MS_ForwardTo_CP(Global_Project_Submissions.java:956)
	at com.create4.scenarios.TS_59.CRe4_1833(TS_59.java:778)
	at com.create4.execution.Saeothrexp_prjctstatus4_msdcsn_TS_59.CRe4_1833(Saeothrexp_prjctstatus4_msdcsn_TS_59.java:47)
... Removed 34 stack frames</div></td></tr></table><p class="totop"><a href="#summary">back to summary</a></p><h3 id="m36">com.create4.execution.Saeothrexp_prjctstatus4_msdcsn_TS_59#CRe4_1883</h3><table class="result"><tr><th>Exception</th></tr><tr><td><div class="stacktrace">org.openqa.selenium.NoSuchElementException: Cannot locate element with text: Member Six
For documentation on this error, please visit: http://seleniumhq.org/exceptions/no_such_element.html
Build info: version: &apos;2.53.1&apos;, revision: &apos;a36b8b1cd5757287168e54b817830adce9b0158d&apos;, time: &apos;2016-06-30 19:26:09&apos;
System info: host: &apos;Rajitha&apos;, ip: &apos;192.168.56.1&apos;, os.name: &apos;Windows 10&apos;, os.arch: &apos;amd64&apos;, os.version: &apos;10.0&apos;, java.version: &apos;1.8.0_111&apos;
Driver info: driver.version: unknown
	at org.openqa.selenium.support.ui.Select.selectByVisibleText(Select.java:150)
	at com.global.methods.Global_Project_Submissions.MS_ForwardTo_CP(Global_Project_Submissions.java:956)
	at com.create4.scenarios.TS_59.CRe4_1883(TS_59.java:1095)
	at com.create4.execution.Saeothrexp_prjctstatus4_msdcsn_TS_59.CRe4_1883(Saeothrexp_prjctstatus4_msdcsn_TS_59.java:56)
... Removed 34 stack frames</div></td></tr></table><p class="totop"><a href="#summary">back to summary</a></p><h3 id="m37">com.create4.execution.Termexp_prjctstatus4_msdcsn_TS_56#CRe4_1601</h3><table class="result"><tr><th>Exception</th></tr><tr><td><div class="stacktrace">org.openqa.selenium.NoSuchElementException: Cannot locate element with text: Member Six
For documentation on this error, please visit: http://seleniumhq.org/exceptions/no_such_element.html
Build info: version: &apos;2.53.1&apos;, revision: &apos;a36b8b1cd5757287168e54b817830adce9b0158d&apos;, time: &apos;2016-06-30 19:26:09&apos;
System info: host: &apos;Rajitha&apos;, ip: &apos;192.168.56.1&apos;, os.name: &apos;Windows 10&apos;, os.arch: &apos;amd64&apos;, os.version: &apos;10.0&apos;, java.version: &apos;1.8.0_111&apos;
Driver info: driver.version: unknown
	at org.openqa.selenium.support.ui.Select.selectByVisibleText(Select.java:150)
	at com.global.methods.Global_Project_Submissions.MS_ForwardTo_CP(Global_Project_Submissions.java:956)
	at com.create4.scenarios.TS_56.CRe4_1601(TS_56.java:427)
	at com.create4.execution.Termexp_prjctstatus4_msdcsn_TS_56.CRe4_1601(Termexp_prjctstatus4_msdcsn_TS_56.java:38)
... Removed 34 stack frames</div></td></tr></table><p class="totop"><a href="#summary">back to summary</a></p><h3 id="m38">com.create4.execution.Termexp_prjctstatus4_msdcsn_TS_56#CRe4_1606</h3><table class="result"><tr><th>Exception</th></tr><tr><td><div class="stacktrace">org.openqa.selenium.NoSuchElementException: Cannot locate element with text: Member Six
For documentation on this error, please visit: http://seleniumhq.org/exceptions/no_such_element.html
Build info: version: &apos;2.53.1&apos;, revision: &apos;a36b8b1cd5757287168e54b817830adce9b0158d&apos;, time: &apos;2016-06-30 19:26:09&apos;
System info: host: &apos;Rajitha&apos;, ip: &apos;192.168.56.1&apos;, os.name: &apos;Windows 10&apos;, os.arch: &apos;amd64&apos;, os.version: &apos;10.0&apos;, java.version: &apos;1.8.0_111&apos;
Driver info: driver.version: unknown
	at org.openqa.selenium.support.ui.Select.selectByVisibleText(Select.java:150)
	at com.global.methods.Global_Project_Submissions.MS_ForwardTo_CP(Global_Project_Submissions.java:956)
	at com.create4.scenarios.TS_56.CRe4_1606(TS_56.java:719)
	at com.create4.execution.Termexp_prjctstatus4_msdcsn_TS_56.CRe4_1606(Termexp_prjctstatus4_msdcsn_TS_56.java:46)
... Removed 34 stack frames</div></td></tr></table><p class="totop"><a href="#summary">back to summary</a></p><h3 id="m39">com.create4.execution.Termexp_prjctstatus4_msdcsn_TS_56#CRe4_1611</h3><table class="result"><tr><th>Exception</th></tr><tr><td><div class="stacktrace">org.openqa.selenium.NoSuchElementException: Cannot locate element with text: Member Six
For documentation on this error, please visit: http://seleniumhq.org/exceptions/no_such_element.html
Build info: version: &apos;2.53.1&apos;, revision: &apos;a36b8b1cd5757287168e54b817830adce9b0158d&apos;, time: &apos;2016-06-30 19:26:09&apos;
System info: host: &apos;Rajitha&apos;, ip: &apos;192.168.56.1&apos;, os.name: &apos;Windows 10&apos;, os.arch: &apos;amd64&apos;, os.version: &apos;10.0&apos;, java.version: &apos;1.8.0_111&apos;
Driver info: driver.version: unknown
	at org.openqa.selenium.support.ui.Select.selectByVisibleText(Select.java:150)
	at com.global.methods.Global_Project_Submissions.MS_ForwardTo_CP(Global_Project_Submissions.java:956)
	at com.create4.scenarios.TS_56.CRe4_1611(TS_56.java:1009)
	at com.create4.execution.Termexp_prjctstatus4_msdcsn_TS_56.CRe4_1611(Termexp_prjctstatus4_msdcsn_TS_56.java:54)
... Removed 34 stack frames</div></td></tr></table><p class="totop"><a href="#summary">back to summary</a></p><h3 id="m40">com.create4.execution.Termexp_prjctstatus4_msdcsn_TS_56#CRe4_1616</h3><table class="result"><tr><th>Exception</th></tr><tr><td><div class="stacktrace">org.openqa.selenium.NoSuchElementException: Cannot locate element with text: Member Six
For documentation on this error, please visit: http://seleniumhq.org/exceptions/no_such_element.html
Build info: version: &apos;2.53.1&apos;, revision: &apos;a36b8b1cd5757287168e54b817830adce9b0158d&apos;, time: &apos;2016-06-30 19:26:09&apos;
System info: host: &apos;Rajitha&apos;, ip: &apos;192.168.56.1&apos;, os.name: &apos;Windows 10&apos;, os.arch: &apos;amd64&apos;, os.version: &apos;10.0&apos;, java.version: &apos;1.8.0_111&apos;
Driver info: driver.version: unknown
	at org.openqa.selenium.support.ui.Select.selectByVisibleText(Select.java:150)
	at com.global.methods.Global_Project_Submissions.MS_ForwardTo_CP(Global_Project_Submissions.java:956)
	at com.create4.scenarios.TS_56.CRe4_1616(TS_56.java:1299)
	at com.create4.execution.Termexp_prjctstatus4_msdcsn_TS_56.CRe4_1616(Termexp_prjctstatus4_msdcsn_TS_56.java:62)
... Removed 34 stack frames</div></td></tr></table><p class="totop"><a href="#summary">back to summary</a></p><h3 id="m41">com.create4.execution.Withdraw_prjctstatus4_msdcsn_TS_60#CRe4_1899</h3><table class="result"><tr><th>Exception</th></tr><tr><td><div class="stacktrace">org.openqa.selenium.NoSuchElementException: Cannot locate element with text: Member Six
For documentation on this error, please visit: http://seleniumhq.org/exceptions/no_such_element.html
Build info: version: &apos;2.53.1&apos;, revision: &apos;a36b8b1cd5757287168e54b817830adce9b0158d&apos;, time: &apos;2016-06-30 19:26:09&apos;
System info: host: &apos;Rajitha&apos;, ip: &apos;192.168.56.1&apos;, os.name: &apos;Windows 10&apos;, os.arch: &apos;amd64&apos;, os.version: &apos;10.0&apos;, java.version: &apos;1.8.0_111&apos;
Driver info: driver.version: unknown
	at org.openqa.selenium.support.ui.Select.selectByVisibleText(Select.java:150)
	at com.global.methods.Global_Project_Submissions.MS_ForwardTo_CP(Global_Project_Submissions.java:956)
	at com.create4.scenarios.TS_60.CRe4_1899(TS_60.java:605)
	at com.create4.execution.Withdraw_prjctstatus4_msdcsn_TS_60.CRe4_1899(Withdraw_prjctstatus4_msdcsn_TS_60.java:38)
... Removed 34 stack frames</div></td></tr></table><p class="totop"><a href="#summary">back to summary</a></p><h3 id="m42">com.create4.execution.Withdraw_prjctstatus4_msdcsn_TS_60#CRe4_1904</h3><table class="result"><tr><th>Exception</th></tr><tr><td><div class="stacktrace">org.openqa.selenium.NoSuchElementException: Cannot locate element with text: Member Six
For documentation on this error, please visit: http://seleniumhq.org/exceptions/no_such_element.html
Build info: version: &apos;2.53.1&apos;, revision: &apos;a36b8b1cd5757287168e54b817830adce9b0158d&apos;, time: &apos;2016-06-30 19:26:09&apos;
System info: host: &apos;Rajitha&apos;, ip: &apos;192.168.56.1&apos;, os.name: &apos;Windows 10&apos;, os.arch: &apos;amd64&apos;, os.version: &apos;10.0&apos;, java.version: &apos;1.8.0_111&apos;
Driver info: driver.version: unknown
	at org.openqa.selenium.support.ui.Select.selectByVisibleText(Select.java:150)
	at com.global.methods.Global_Project_Submissions.MS_ForwardTo_CP(Global_Project_Submissions.java:956)
	at com.create4.scenarios.TS_60.CRe4_1904(TS_60.java:812)
	at com.create4.execution.Withdraw_prjctstatus4_msdcsn_TS_60.CRe4_1904(Withdraw_prjctstatus4_msdcsn_TS_60.java:47)
... Removed 34 stack frames</div></td></tr></table><p class="totop"><a href="#summary">back to summary</a></p><h3 id="m43">com.create4.execution.Withexp_prjctstatus4_msdcsn_TS_51#CRe4_1221</h3><table class="result"><tr><th>Exception</th></tr><tr><td><div class="stacktrace">org.openqa.selenium.NoSuchElementException: Cannot locate element with text: Member Six
For documentation on this error, please visit: http://seleniumhq.org/exceptions/no_such_element.html
Build info: version: &apos;2.53.1&apos;, revision: &apos;a36b8b1cd5757287168e54b817830adce9b0158d&apos;, time: &apos;2016-06-30 19:26:09&apos;
System info: host: &apos;Rajitha&apos;, ip: &apos;192.168.56.1&apos;, os.name: &apos;Windows 10&apos;, os.arch: &apos;amd64&apos;, os.version: &apos;10.0&apos;, java.version: &apos;1.8.0_111&apos;
Driver info: driver.version: unknown
	at org.openqa.selenium.support.ui.Select.selectByVisibleText(Select.java:150)
	at com.global.methods.Global_Project_Submissions.MS_ForwardTo_CP(Global_Project_Submissions.java:956)
	at com.create4.scenarios.TS_51.CRe4_1221(TS_51.java:423)
	at com.create4.execution.Withexp_prjctstatus4_msdcsn_TS_51.CRe4_1221(Withexp_prjctstatus4_msdcsn_TS_51.java:35)
... Removed 34 stack frames</div></td></tr></table><p class="totop"><a href="#summary">back to summary</a></p><h3 id="m44">com.create4.execution.Withexp_prjctstatus4_msdcsn_TS_51#CRe4_1226</h3><table class="result"><tr><th>Exception</th></tr><tr><td><div class="stacktrace">org.openqa.selenium.NoSuchElementException: Cannot locate element with text: Member Six
For documentation on this error, please visit: http://seleniumhq.org/exceptions/no_such_element.html
Build info: version: &apos;2.53.1&apos;, revision: &apos;a36b8b1cd5757287168e54b817830adce9b0158d&apos;, time: &apos;2016-06-30 19:26:09&apos;
System info: host: &apos;Rajitha&apos;, ip: &apos;192.168.56.1&apos;, os.name: &apos;Windows 10&apos;, os.arch: &apos;amd64&apos;, os.version: &apos;10.0&apos;, java.version: &apos;1.8.0_111&apos;
Driver info: driver.version: unknown
	at org.openqa.selenium.support.ui.Select.selectByVisibleText(Select.java:150)
	at com.global.methods.Global_Project_Submissions.MS_ForwardTo_CP(Global_Project_Submissions.java:956)
	at com.create4.scenarios.TS_51.CRe4_1226(TS_51.java:511)
	at com.create4.execution.Withexp_prjctstatus4_msdcsn_TS_51.CRe4_1226(Withexp_prjctstatus4_msdcsn_TS_51.java:43)
... Removed 34 stack frames</div></td></tr></table><p class="totop"><a href="#summary">back to summary</a></p><h3 id="m45">com.create4.execution.Withexp_prjctstatus4_msdcsn_TS_51#CRe4_1231</h3><table class="result"><tr><th>Exception</th></tr><tr><td><div class="stacktrace">org.openqa.selenium.NoSuchElementException: Cannot locate element with text: Member Six
For documentation on this error, please visit: http://seleniumhq.org/exceptions/no_such_element.html
Build info: version: &apos;2.53.1&apos;, revision: &apos;a36b8b1cd5757287168e54b817830adce9b0158d&apos;, time: &apos;2016-06-30 19:26:09&apos;
System info: host: &apos;Rajitha&apos;, ip: &apos;192.168.56.1&apos;, os.name: &apos;Windows 10&apos;, os.arch: &apos;amd64&apos;, os.version: &apos;10.0&apos;, java.version: &apos;1.8.0_111&apos;
Driver info: driver.version: unknown
	at org.openqa.selenium.support.ui.Select.selectByVisibleText(Select.java:150)
	at com.global.methods.Global_Project_Submissions.MS_ForwardTo_CP(Global_Project_Submissions.java:956)
	at com.create4.scenarios.TS_51.CRe4_1231(TS_51.java:605)
	at com.create4.execution.Withexp_prjctstatus4_msdcsn_TS_51.CRe4_1231(Withexp_prjctstatus4_msdcsn_TS_51.java:51)
... Removed 34 stack frames</div></td></tr></table><p class="totop"><a href="#summary">back to summary</a></p><h3 id="m46">com.create4.execution.Withexp_prjctstatus4_msdcsn_TS_51#CRe4_1236</h3><table class="result"><tr><th>Exception</th></tr><tr><td><div class="stacktrace">org.openqa.selenium.NoSuchElementException: Cannot locate element with text: Member Six
For documentation on this error, please visit: http://seleniumhq.org/exceptions/no_such_element.html
Build info: version: &apos;2.53.1&apos;, revision: &apos;a36b8b1cd5757287168e54b817830adce9b0158d&apos;, time: &apos;2016-06-30 19:26:09&apos;
System info: host: &apos;Rajitha&apos;, ip: &apos;192.168.56.1&apos;, os.name: &apos;Windows 10&apos;, os.arch: &apos;amd64&apos;, os.version: &apos;10.0&apos;, java.version: &apos;1.8.0_111&apos;
Driver info: driver.version: unknown
	at org.openqa.selenium.support.ui.Select.selectByVisibleText(Select.java:150)
	at com.global.methods.Global_Project_Submissions.MS_ForwardTo_CP(Global_Project_Submissions.java:956)
	at com.create4.scenarios.TS_51.CRe4_1236(TS_51.java:693)
	at com.create4.execution.Withexp_prjctstatus4_msdcsn_TS_51.CRe4_1236(Withexp_prjctstatus4_msdcsn_TS_51.java:59)
... Removed 34 stack frames</div></td></tr></table><p class="totop"><a href="#summary">back to summary</a></p><h3 id="m47">com.create4.execution.Withexp_prjctstatus4_msdcsn_TS_51#CRe4_1241</h3><table class="result"><tr><th>Exception</th></tr><tr><td><div class="stacktrace">org.openqa.selenium.NoSuchElementException: Cannot locate element with text: Member Six
For documentation on this error, please visit: http://seleniumhq.org/exceptions/no_such_element.html
Build info: version: &apos;2.53.1&apos;, revision: &apos;a36b8b1cd5757287168e54b817830adce9b0158d&apos;, time: &apos;2016-06-30 19:26:09&apos;
System info: host: &apos;Rajitha&apos;, ip: &apos;192.168.56.1&apos;, os.name: &apos;Windows 10&apos;, os.arch: &apos;amd64&apos;, os.version: &apos;10.0&apos;, java.version: &apos;1.8.0_111&apos;
Driver info: driver.version: unknown
	at org.openqa.selenium.support.ui.Select.selectByVisibleText(Select.java:150)
	at com.global.methods.Global_Project_Submissions.MS_ForwardTo_CP(Global_Project_Submissions.java:956)
	at com.create4.scenarios.TS_51.CRe4_1241(TS_51.java:780)
	at com.create4.execution.Withexp_prjctstatus4_msdcsn_TS_51.CRe4_1241(Withexp_prjctstatus4_msdcsn_TS_51.java:67)
... Removed 34 stack frames</div></td></tr></table><p class="totop"><a href="#summary">back to summary</a></p><h3 id="m48">com.create4.execution.Withexp_prjctstatus4_msdcsn_TS_51#CRe4_1246</h3><table class="result"><tr><th>Exception</th></tr><tr><td><div class="stacktrace">org.openqa.selenium.NoSuchElementException: Cannot locate element with text: Member Six
For documentation on this error, please visit: http://seleniumhq.org/exceptions/no_such_element.html
Build info: version: &apos;2.53.1&apos;, revision: &apos;a36b8b1cd5757287168e54b817830adce9b0158d&apos;, time: &apos;2016-06-30 19:26:09&apos;
System info: host: &apos;Rajitha&apos;, ip: &apos;192.168.56.1&apos;, os.name: &apos;Windows 10&apos;, os.arch: &apos;amd64&apos;, os.version: &apos;10.0&apos;, java.version: &apos;1.8.0_111&apos;
Driver info: driver.version: unknown
	at org.openqa.selenium.support.ui.Select.selectByVisibleText(Select.java:150)
	at com.global.methods.Global_Project_Submissions.MS_ForwardTo_CP(Global_Project_Submissions.java:956)
	at com.create4.scenarios.TS_51.CRe4_1246(TS_51.java:867)
	at com.create4.execution.Withexp_prjctstatus4_msdcsn_TS_51.CRe4_1246(Withexp_prjctstatus4_msdcsn_TS_51.java:75)
... Removed 34 stack frames</div></td></tr></table><p class="totop"><a href="#summary">back to summary</a></p><h3 id="m49">com.create4.execution.Withexp_prjctstatus4_msdcsn_TS_51#CRe4_1251</h3><table class="result"><tr><th>Exception</th></tr><tr><td><div class="stacktrace">org.openqa.selenium.NoSuchElementException: Cannot locate element with text: Member Six
For documentation on this error, please visit: http://seleniumhq.org/exceptions/no_such_element.html
Build info: version: &apos;2.53.1&apos;, revision: &apos;a36b8b1cd5757287168e54b817830adce9b0158d&apos;, time: &apos;2016-06-30 19:26:09&apos;
System info: host: &apos;Rajitha&apos;, ip: &apos;192.168.56.1&apos;, os.name: &apos;Windows 10&apos;, os.arch: &apos;amd64&apos;, os.version: &apos;10.0&apos;, java.version: &apos;1.8.0_111&apos;
Driver info: driver.version: unknown
	at org.openqa.selenium.support.ui.Select.selectByVisibleText(Select.java:150)
	at com.global.methods.Global_Project_Submissions.MS_ForwardTo_CP(Global_Project_Submissions.java:956)
	at com.create4.scenarios.TS_51.CRe4_1251(TS_51.java:956)
	at com.create4.execution.Withexp_prjctstatus4_msdcsn_TS_51.CRe4_1251(Withexp_prjctstatus4_msdcsn_TS_51.java:83)
... Removed 34 stack frames</div></td></tr></table><p class="totop"><a href="#summary">back to summary</a></p></body></html>