<?xml version="1.0" encoding="UTF-8" ?>
<testsuite tests="50" failures="50" name="TestSuite" time="3,752.905" errors="0" skipped="0">
  <properties>
    <property name="java.runtime.name" value="Java(TM) SE Runtime Environment"/>
    <property name="sun.boot.library.path" value="C:\Program Files\Java\jre1.8.0_111\bin"/>
    <property name="java.vm.version" value="25.111-b14"/>
    <property name="java.vm.vendor" value="Oracle Corporation"/>
    <property name="maven.multiModuleProjectDirectory" value="J:\Automation Projects\Vidhisinghania_Ar"/>
    <property name="java.vendor.url" value="http://java.oracle.com/"/>
    <property name="path.separator" value=";"/>
    <property name="guice.disable.misplaced.annotation.check" value="true"/>
    <property name="java.vm.name" value="Java HotSpot(TM) 64-Bit Server VM"/>
    <property name="file.encoding.pkg" value="sun.io"/>
    <property name="user.script" value=""/>
    <property name="user.country" value="US"/>
    <property name="sun.java.launcher" value="SUN_STANDARD"/>
    <property name="sun.os.patch.level" value=""/>
    <property name="java.vm.specification.name" value="Java Virtual Machine Specification"/>
    <property name="user.dir" value="J:\Automation Projects\Vidhisinghania_Ar"/>
    <property name="java.runtime.version" value="1.8.0_111-b14"/>
    <property name="java.awt.graphicsenv" value="sun.awt.Win32GraphicsEnvironment"/>
    <property name="java.endorsed.dirs" value="C:\Program Files\Java\jre1.8.0_111\lib\endorsed"/>
    <property name="os.arch" value="amd64"/>
    <property name="java.io.tmpdir" value="C:\Users\rajitha.g\AppData\Local\Temp\"/>
    <property name="line.separator" value="
"/>
    <property name="java.vm.specification.vendor" value="Oracle Corporation"/>
    <property name="user.variant" value=""/>
    <property name="os.name" value="Windows 10"/>
    <property name="classworlds.conf" value="J:\Automation Projects\.metadata\.plugins\org.eclipse.m2e.launching\launches\m2conf8433468597368300624.tmp"/>
    <property name="sun.jnu.encoding" value="Cp1252"/>
    <property name="java.library.path" value="C:\Program Files\Java\jre1.8.0_111\bin;C:\WINDOWS\Sun\Java\bin;C:\WINDOWS\system32;C:\WINDOWS;C:\ProgramData\Oracle\Java\javapath;C:\WINDOWS\system32;C:\WINDOWS;C:\WINDOWS\System32\Wbem;C:\WINDOWS\System32\WindowsPowerShell\v1.0\;J:\softwares\AndroidSDK\tools;C:\Program Files\Java\jdk1.8.0_111\bin;J:\softwares\MAVEN\apache-maven-3.3.9-bin\apache-maven-3.3.9\bin;J:\softwares\AndroidSDK\platform-tools;c:\Program Files (x86)\Microsoft SQL Server\110\Tools\Binn\ManagementStudio\;c:\Program Files (x86)\Microsoft SQL Server\110\Tools\Binn\;c:\Program Files (x86)\Microsoft SQL Server\110\DTS\Binn\;C:\Program Files (x86)\Skype\Phone\;C:\HashiCorp\Vagrant\bin;C:\Users\rajitha.g\AppData\Local\Microsoft\WindowsApps;C:\Users\rajitha.g\AppData\Local\Programs\Git\cmd;."/>
    <property name="java.specification.name" value="Java Platform API Specification"/>
    <property name="java.class.version" value="52.0"/>
    <property name="sun.management.compiler" value="HotSpot 64-Bit Tiered Compilers"/>
    <property name="os.version" value="10.0"/>
    <property name="user.home" value="C:\Users\rajitha.g"/>
    <property name="user.timezone" value="Asia/Calcutta"/>
    <property name="java.awt.printerjob" value="sun.awt.windows.WPrinterJob"/>
    <property name="java.specification.version" value="1.8"/>
    <property name="file.encoding" value="Cp1252"/>
    <property name="user.name" value="rajitha.g"/>
    <property name="java.class.path" value="/J:/SOFTWARES/Eclipse/eclipse-jee-neon-2-win32-x86_64/eclipse/plugins/org.eclipse.m2e.maven.runtime_1.7.0.20160603-1931/jars/plexus-classworlds-2.5.2.jar"/>
    <property name="java.vm.specification.version" value="1.8"/>
    <property name="sun.arch.data.model" value="64"/>
    <property name="java.home" value="C:\Program Files\Java\jre1.8.0_111"/>
    <property name="sun.java.command" value="org.codehaus.plexus.classworlds.launcher.Launcher -B test"/>
    <property name="java.specification.vendor" value="Oracle Corporation"/>
    <property name="user.language" value="en"/>
    <property name="awt.toolkit" value="sun.awt.windows.WToolkit"/>
    <property name="java.vm.info" value="mixed mode"/>
    <property name="java.version" value="1.8.0_111"/>
    <property name="java.ext.dirs" value="C:\Program Files\Java\jre1.8.0_111\lib\ext;C:\WINDOWS\Sun\Java\lib\ext"/>
    <property name="sun.boot.class.path" value="C:\Program Files\Java\jre1.8.0_111\lib\resources.jar;C:\Program Files\Java\jre1.8.0_111\lib\rt.jar;C:\Program Files\Java\jre1.8.0_111\lib\sunrsasign.jar;C:\Program Files\Java\jre1.8.0_111\lib\jsse.jar;C:\Program Files\Java\jre1.8.0_111\lib\jce.jar;C:\Program Files\Java\jre1.8.0_111\lib\charsets.jar;C:\Program Files\Java\jre1.8.0_111\lib\jfr.jar;C:\Program Files\Java\jre1.8.0_111\classes"/>
    <property name="java.vendor" value="Oracle Corporation"/>
    <property name="maven.home" value="J:\Automation Projects\Vidhisinghania_Ar\EMBEDDED"/>
    <property name="file.separator" value="\"/>
    <property name="java.vendor.url.bug" value="http://bugreport.sun.com/bugreport/"/>
    <property name="sun.cpu.endian" value="little"/>
    <property name="sun.io.unicode.encoding" value="UnicodeLittle"/>
    <property name="sun.desktop" value="windows"/>
    <property name="sun.cpu.isalist" value="amd64"/>
  </properties>
  <testcase classname="com.create4.execution.Int_docstat_msdcsn_TS_81" name="CRe4_1213_to_1220" time="79.906">
    <failure message="Cannot locate element with text: Member Six
For documentation on this error, please visit: http://seleniumhq.org/exceptions/no_such_element.html
Build info: version: &apos;2.53.1&apos;, revision: &apos;a36b8b1cd5757287168e54b817830adce9b0158d&apos;, time: &apos;2016-06-30 19:26:09&apos;
System info: host: &apos;Rajitha&apos;, ip: &apos;192.168.56.1&apos;, os.name: &apos;Windows 10&apos;, os.arch: &apos;amd64&apos;, os.version: &apos;10.0&apos;, java.version: &apos;1.8.0_111&apos;
Driver info: driver.version: unknown" type="org.openqa.selenium.NoSuchElementException">org.openqa.selenium.NoSuchElementException: Cannot locate element with text: Member Six
For documentation on this error, please visit: http://seleniumhq.org/exceptions/no_such_element.html
Build info: version: &apos;2.53.1&apos;, revision: &apos;a36b8b1cd5757287168e54b817830adce9b0158d&apos;, time: &apos;2016-06-30 19:26:09&apos;
System info: host: &apos;Rajitha&apos;, ip: &apos;192.168.56.1&apos;, os.name: &apos;Windows 10&apos;, os.arch: &apos;amd64&apos;, os.version: &apos;10.0&apos;, java.version: &apos;1.8.0_111&apos;
Driver info: driver.version: unknown
	at org.openqa.selenium.support.ui.Select.selectByVisibleText(Select.java:150)
	at com.global.methods.Global_Project_Submissions.MS_ForwardTo_CP(Global_Project_Submissions.java:956)
	at com.create4.scenarios.TS_81.CRe4_1213_to_1220(TS_81.java:434)
	at com.create4.execution.Int_docstat_msdcsn_TS_81.CRe4_1213_to_1220(Int_docstat_msdcsn_TS_81.java:38)
</failure>
    <system-out>1
Hello
1
null
1
null
Pharma *
First document title
1
10/04/2018
110-04-2018
210-04-2018
110-04-2018
210-04-2018
Submission has been forwarded to Member Secretary Ankita B Bhaumik
110-04-2018
210-04-2018
1Under IEC Review
2Under IEC Review
110-04-2018
210-04-2018
</system-out>
    <system-err>log4j:WARN No appenders could be found for logger (org.apache.http.client.protocol.RequestAddCookies).
log4j:WARN Please initialize the log4j system properly.
</system-err>
  </testcase>
  <testcase classname="com.create4.execution.Amnd_docstat_msdcsn_TS_82" name="CRe4_1302_05_07_09" time="79.363">
    <failure message="Cannot locate element with text: Member Six
For documentation on this error, please visit: http://seleniumhq.org/exceptions/no_such_element.html
Build info: version: &apos;2.53.1&apos;, revision: &apos;a36b8b1cd5757287168e54b817830adce9b0158d&apos;, time: &apos;2016-06-30 19:26:09&apos;
System info: host: &apos;Rajitha&apos;, ip: &apos;192.168.56.1&apos;, os.name: &apos;Windows 10&apos;, os.arch: &apos;amd64&apos;, os.version: &apos;10.0&apos;, java.version: &apos;1.8.0_111&apos;
Driver info: driver.version: unknown" type="org.openqa.selenium.NoSuchElementException">org.openqa.selenium.NoSuchElementException: Cannot locate element with text: Member Six
For documentation on this error, please visit: http://seleniumhq.org/exceptions/no_such_element.html
Build info: version: &apos;2.53.1&apos;, revision: &apos;a36b8b1cd5757287168e54b817830adce9b0158d&apos;, time: &apos;2016-06-30 19:26:09&apos;
System info: host: &apos;Rajitha&apos;, ip: &apos;192.168.56.1&apos;, os.name: &apos;Windows 10&apos;, os.arch: &apos;amd64&apos;, os.version: &apos;10.0&apos;, java.version: &apos;1.8.0_111&apos;
Driver info: driver.version: unknown
	at org.openqa.selenium.support.ui.Select.selectByVisibleText(Select.java:150)
	at com.global.methods.Global_Project_Submissions.MS_ForwardTo_CP(Global_Project_Submissions.java:956)
	at com.create4.scenarios.TS_82.CRe4_1302_05_07_09(TS_82.java:433)
	at com.create4.execution.Amnd_docstat_msdcsn_TS_82.CRe4_1302_05_07_09(Amnd_docstat_msdcsn_TS_82.java:38)
</failure>
    <system-out>1
Hello
1
null
1
null
Pharma *
First document title
1
10/04/2018
110-04-2018
210-04-2018
110-04-2018
210-04-2018
Submission has been forwarded to Member Secretary Ankita B Bhaumik
110-04-2018
210-04-2018
1Under IEC Review
2Under IEC Review
110-04-2018
210-04-2018
</system-out>
  </testcase>
  <testcase classname="com.create4.execution.Dev_docstat_msdcsn_TS_83" name="CRe4_1381_84_86_88" time="78.119">
    <failure message="Cannot locate element with text: Member Six
For documentation on this error, please visit: http://seleniumhq.org/exceptions/no_such_element.html
Build info: version: &apos;2.53.1&apos;, revision: &apos;a36b8b1cd5757287168e54b817830adce9b0158d&apos;, time: &apos;2016-06-30 19:26:09&apos;
System info: host: &apos;Rajitha&apos;, ip: &apos;192.168.56.1&apos;, os.name: &apos;Windows 10&apos;, os.arch: &apos;amd64&apos;, os.version: &apos;10.0&apos;, java.version: &apos;1.8.0_111&apos;
Driver info: driver.version: unknown" type="org.openqa.selenium.NoSuchElementException">org.openqa.selenium.NoSuchElementException: Cannot locate element with text: Member Six
For documentation on this error, please visit: http://seleniumhq.org/exceptions/no_such_element.html
Build info: version: &apos;2.53.1&apos;, revision: &apos;a36b8b1cd5757287168e54b817830adce9b0158d&apos;, time: &apos;2016-06-30 19:26:09&apos;
System info: host: &apos;Rajitha&apos;, ip: &apos;192.168.56.1&apos;, os.name: &apos;Windows 10&apos;, os.arch: &apos;amd64&apos;, os.version: &apos;10.0&apos;, java.version: &apos;1.8.0_111&apos;
Driver info: driver.version: unknown
	at org.openqa.selenium.support.ui.Select.selectByVisibleText(Select.java:150)
	at com.global.methods.Global_Project_Submissions.MS_ForwardTo_CP(Global_Project_Submissions.java:956)
	at com.create4.scenarios.TS_83.CRe4_1381_84_86_88(TS_83.java:496)
	at com.create4.execution.Dev_docstat_msdcsn_TS_83.CRe4_1381_84_86_88(Dev_docstat_msdcsn_TS_83.java:39)
</failure>
    <system-out>1
Hello
1
null
1
null
Pharma *
First document title
1
10/04/2018
110-04-2018
210-04-2018
110-04-2018
210-04-2018
Submission has been forwarded to Member Secretary Ankita B Bhaumik
110-04-2018
210-04-2018
1Under IEC Review
2Under IEC Review
110-04-2018
210-04-2018
</system-out>
  </testcase>
  <testcase classname="com.create4.execution.Cont_docstat_msdcsn_TS_84" name="CRe4_1435_38_40_42" time="79.953">
    <failure message="Cannot locate element with text: Member Six
For documentation on this error, please visit: http://seleniumhq.org/exceptions/no_such_element.html
Build info: version: &apos;2.53.1&apos;, revision: &apos;a36b8b1cd5757287168e54b817830adce9b0158d&apos;, time: &apos;2016-06-30 19:26:09&apos;
System info: host: &apos;Rajitha&apos;, ip: &apos;192.168.56.1&apos;, os.name: &apos;Windows 10&apos;, os.arch: &apos;amd64&apos;, os.version: &apos;10.0&apos;, java.version: &apos;1.8.0_111&apos;
Driver info: driver.version: unknown" type="org.openqa.selenium.NoSuchElementException">org.openqa.selenium.NoSuchElementException: Cannot locate element with text: Member Six
For documentation on this error, please visit: http://seleniumhq.org/exceptions/no_such_element.html
Build info: version: &apos;2.53.1&apos;, revision: &apos;a36b8b1cd5757287168e54b817830adce9b0158d&apos;, time: &apos;2016-06-30 19:26:09&apos;
System info: host: &apos;Rajitha&apos;, ip: &apos;192.168.56.1&apos;, os.name: &apos;Windows 10&apos;, os.arch: &apos;amd64&apos;, os.version: &apos;10.0&apos;, java.version: &apos;1.8.0_111&apos;
Driver info: driver.version: unknown
	at org.openqa.selenium.support.ui.Select.selectByVisibleText(Select.java:150)
	at com.global.methods.Global_Project_Submissions.MS_ForwardTo_CP(Global_Project_Submissions.java:956)
	at com.create4.scenarios.TS_84.CRe4_1435_38_40_42(TS_84.java:499)
	at com.create4.execution.Cont_docstat_msdcsn_TS_84.CRe4_1435_38_40_42(Cont_docstat_msdcsn_TS_84.java:37)
</failure>
    <system-out>1
Hello
1
null
1
null
Pharma *
First document title
1
10/04/2018
110-04-2018
210-04-2018
110-04-2018
210-04-2018
Submission has been forwarded to Member Secretary Ankita B Bhaumik
110-04-2018
210-04-2018
1Under IEC Review
2Under IEC Review
110-04-2018
210-04-2018
</system-out>
  </testcase>
  <testcase classname="com.create4.execution.Comp_docstat_msdcsn_TS_85" name="CRe4_1514_17_19_21" time="79.913">
    <failure message="Cannot locate element with text: Member Six
For documentation on this error, please visit: http://seleniumhq.org/exceptions/no_such_element.html
Build info: version: &apos;2.53.1&apos;, revision: &apos;a36b8b1cd5757287168e54b817830adce9b0158d&apos;, time: &apos;2016-06-30 19:26:09&apos;
System info: host: &apos;Rajitha&apos;, ip: &apos;192.168.56.1&apos;, os.name: &apos;Windows 10&apos;, os.arch: &apos;amd64&apos;, os.version: &apos;10.0&apos;, java.version: &apos;1.8.0_111&apos;
Driver info: driver.version: unknown" type="org.openqa.selenium.NoSuchElementException">org.openqa.selenium.NoSuchElementException: Cannot locate element with text: Member Six
For documentation on this error, please visit: http://seleniumhq.org/exceptions/no_such_element.html
Build info: version: &apos;2.53.1&apos;, revision: &apos;a36b8b1cd5757287168e54b817830adce9b0158d&apos;, time: &apos;2016-06-30 19:26:09&apos;
System info: host: &apos;Rajitha&apos;, ip: &apos;192.168.56.1&apos;, os.name: &apos;Windows 10&apos;, os.arch: &apos;amd64&apos;, os.version: &apos;10.0&apos;, java.version: &apos;1.8.0_111&apos;
Driver info: driver.version: unknown
	at org.openqa.selenium.support.ui.Select.selectByVisibleText(Select.java:150)
	at com.global.methods.Global_Project_Submissions.MS_ForwardTo_CP(Global_Project_Submissions.java:956)
	at com.create4.scenarios.TS_85.CRe4_1514_17_19_21(TS_85.java:498)
	at com.create4.execution.Comp_docstat_msdcsn_TS_85.CRe4_1514_17_19_21(Comp_docstat_msdcsn_TS_85.java:38)
</failure>
    <system-out>1
Hello
1
null
1
null
Pharma *
First document title
1
10/04/2018
110-04-2018
210-04-2018
110-04-2018
210-04-2018
Submission has been forwarded to Member Secretary Ankita B Bhaumik
110-04-2018
210-04-2018
1Under IEC Review
2Under IEC Review
110-04-2018
210-04-2018
</system-out>
  </testcase>
  <testcase classname="com.create4.execution.Term_docstat_msdcsn_TS_86" name="CRe4_1593_96_98_60" time="79.795">
    <failure message="Cannot locate element with text: Member Six
For documentation on this error, please visit: http://seleniumhq.org/exceptions/no_such_element.html
Build info: version: &apos;2.53.1&apos;, revision: &apos;a36b8b1cd5757287168e54b817830adce9b0158d&apos;, time: &apos;2016-06-30 19:26:09&apos;
System info: host: &apos;Rajitha&apos;, ip: &apos;192.168.56.1&apos;, os.name: &apos;Windows 10&apos;, os.arch: &apos;amd64&apos;, os.version: &apos;10.0&apos;, java.version: &apos;1.8.0_111&apos;
Driver info: driver.version: unknown" type="org.openqa.selenium.NoSuchElementException">org.openqa.selenium.NoSuchElementException: Cannot locate element with text: Member Six
For documentation on this error, please visit: http://seleniumhq.org/exceptions/no_such_element.html
Build info: version: &apos;2.53.1&apos;, revision: &apos;a36b8b1cd5757287168e54b817830adce9b0158d&apos;, time: &apos;2016-06-30 19:26:09&apos;
System info: host: &apos;Rajitha&apos;, ip: &apos;192.168.56.1&apos;, os.name: &apos;Windows 10&apos;, os.arch: &apos;amd64&apos;, os.version: &apos;10.0&apos;, java.version: &apos;1.8.0_111&apos;
Driver info: driver.version: unknown
	at org.openqa.selenium.support.ui.Select.selectByVisibleText(Select.java:150)
	at com.global.methods.Global_Project_Submissions.MS_ForwardTo_CP(Global_Project_Submissions.java:956)
	at com.create4.scenarios.TS_86.CRe4_1593_96_98_60(TS_86.java:432)
	at com.create4.execution.Term_docstat_msdcsn_TS_86.CRe4_1593_96_98_60(Term_docstat_msdcsn_TS_86.java:37)
</failure>
    <system-out>1
Hello
1
null
1
null
Pharma *
First document title
1
10/04/2018
110-04-2018
210-04-2018
110-04-2018
210-04-2018
Submission has been forwarded to Member Secretary Ankita B Bhaumik
110-04-2018
210-04-2018
1Under IEC Review
2Under IEC Review
110-04-2018
210-04-2018
</system-out>
  </testcase>
  <testcase classname="com.create4.execution.Saeint_docstat_msdcsn_TS_87" name="CRe4_1672_75_77_79" time="81.997">
    <failure message="Cannot locate element with text: Member Six
For documentation on this error, please visit: http://seleniumhq.org/exceptions/no_such_element.html
Build info: version: &apos;2.53.1&apos;, revision: &apos;a36b8b1cd5757287168e54b817830adce9b0158d&apos;, time: &apos;2016-06-30 19:26:09&apos;
System info: host: &apos;Rajitha&apos;, ip: &apos;192.168.56.1&apos;, os.name: &apos;Windows 10&apos;, os.arch: &apos;amd64&apos;, os.version: &apos;10.0&apos;, java.version: &apos;1.8.0_111&apos;
Driver info: driver.version: unknown" type="org.openqa.selenium.NoSuchElementException">org.openqa.selenium.NoSuchElementException: Cannot locate element with text: Member Six
For documentation on this error, please visit: http://seleniumhq.org/exceptions/no_such_element.html
Build info: version: &apos;2.53.1&apos;, revision: &apos;a36b8b1cd5757287168e54b817830adce9b0158d&apos;, time: &apos;2016-06-30 19:26:09&apos;
System info: host: &apos;Rajitha&apos;, ip: &apos;192.168.56.1&apos;, os.name: &apos;Windows 10&apos;, os.arch: &apos;amd64&apos;, os.version: &apos;10.0&apos;, java.version: &apos;1.8.0_111&apos;
Driver info: driver.version: unknown
	at org.openqa.selenium.support.ui.Select.selectByVisibleText(Select.java:150)
	at com.global.methods.Global_Project_Submissions.MS_ForwardTo_CP(Global_Project_Submissions.java:956)
	at com.create4.scenarios.TS_87.CRe4_1672_75_77_79(TS_87.java:470)
	at com.create4.execution.Saeint_docstat_msdcsn_TS_87.CRe4_1672_75_77_79(Saeint_docstat_msdcsn_TS_87.java:39)
</failure>
    <system-out>1
Hello
1
null
1
null
Pharma *
First document title
1
10/04/2018
110-04-2018
210-04-2018
110-04-2018
210-04-2018
Submission has been forwarded to Member Secretary Ankita B Bhaumik
110-04-2018
210-04-2018
1Under IEC Review
2Under IEC Review
110-04-2018
210-04-2018
</system-out>
  </testcase>
  <testcase classname="com.create4.execution.Saefllw_docstat_msdcsn_TS_88" name="CRe4_1741_44_46_48" time="78.686">
    <failure message="Cannot locate element with text: Member Six
For documentation on this error, please visit: http://seleniumhq.org/exceptions/no_such_element.html
Build info: version: &apos;2.53.1&apos;, revision: &apos;a36b8b1cd5757287168e54b817830adce9b0158d&apos;, time: &apos;2016-06-30 19:26:09&apos;
System info: host: &apos;Rajitha&apos;, ip: &apos;192.168.56.1&apos;, os.name: &apos;Windows 10&apos;, os.arch: &apos;amd64&apos;, os.version: &apos;10.0&apos;, java.version: &apos;1.8.0_111&apos;
Driver info: driver.version: unknown" type="org.openqa.selenium.NoSuchElementException">org.openqa.selenium.NoSuchElementException: Cannot locate element with text: Member Six
For documentation on this error, please visit: http://seleniumhq.org/exceptions/no_such_element.html
Build info: version: &apos;2.53.1&apos;, revision: &apos;a36b8b1cd5757287168e54b817830adce9b0158d&apos;, time: &apos;2016-06-30 19:26:09&apos;
System info: host: &apos;Rajitha&apos;, ip: &apos;192.168.56.1&apos;, os.name: &apos;Windows 10&apos;, os.arch: &apos;amd64&apos;, os.version: &apos;10.0&apos;, java.version: &apos;1.8.0_111&apos;
Driver info: driver.version: unknown
	at org.openqa.selenium.support.ui.Select.selectByVisibleText(Select.java:150)
	at com.global.methods.Global_Project_Submissions.MS_ForwardTo_CP(Global_Project_Submissions.java:956)
	at com.create4.scenarios.TS_88.CRe4_1741_44_46_48(TS_88.java:469)
	at com.create4.execution.Saefllw_docstat_msdcsn_TS_88.CRe4_1741_44_46_48(Saefllw_docstat_msdcsn_TS_88.java:38)
</failure>
    <system-out>1
Hello
1
null
1
null
Pharma *
First document title
1
10/04/2018
110-04-2018
210-04-2018
110-04-2018
210-04-2018
Submission has been forwarded to Member Secretary Ankita B Bhaumik
110-04-2018
210-04-2018
1Under IEC Review
2Under IEC Review
110-04-2018
210-04-2018
</system-out>
  </testcase>
  <testcase classname="com.create4.execution.Saeothr_docstat_msdcsn_TS_89" name="CRe4_1820_23_25_27" time="86.98">
    <failure message="Cannot locate element with text: Member Six
For documentation on this error, please visit: http://seleniumhq.org/exceptions/no_such_element.html
Build info: version: &apos;2.53.1&apos;, revision: &apos;a36b8b1cd5757287168e54b817830adce9b0158d&apos;, time: &apos;2016-06-30 19:26:09&apos;
System info: host: &apos;Rajitha&apos;, ip: &apos;192.168.56.1&apos;, os.name: &apos;Windows 10&apos;, os.arch: &apos;amd64&apos;, os.version: &apos;10.0&apos;, java.version: &apos;1.8.0_111&apos;
Driver info: driver.version: unknown" type="org.openqa.selenium.NoSuchElementException">org.openqa.selenium.NoSuchElementException: Cannot locate element with text: Member Six
For documentation on this error, please visit: http://seleniumhq.org/exceptions/no_such_element.html
Build info: version: &apos;2.53.1&apos;, revision: &apos;a36b8b1cd5757287168e54b817830adce9b0158d&apos;, time: &apos;2016-06-30 19:26:09&apos;
System info: host: &apos;Rajitha&apos;, ip: &apos;192.168.56.1&apos;, os.name: &apos;Windows 10&apos;, os.arch: &apos;amd64&apos;, os.version: &apos;10.0&apos;, java.version: &apos;1.8.0_111&apos;
Driver info: driver.version: unknown
	at org.openqa.selenium.support.ui.Select.selectByVisibleText(Select.java:150)
	at com.global.methods.Global_Project_Submissions.MS_ForwardTo_CP(Global_Project_Submissions.java:956)
	at com.create4.scenarios.TS_89.CRe4_1820_23_25_27(TS_89.java:468)
	at com.create4.execution.Saeothr_docstat_msdcsn_TS_89.CRe4_1820_23_25_27(Saeothr_docstat_msdcsn_TS_89.java:38)
</failure>
    <system-out>1
Hello
1
null
1
null
Pharma *
First document title
1
10/04/2018
110-04-2018
210-04-2018
110-04-2018
210-04-2018
Submission has been forwarded to Member Secretary Ankita B Bhaumik
110-04-2018
210-04-2018
1Under IEC Review
2Under IEC Review
110-04-2018
210-04-2018
</system-out>
  </testcase>
  <testcase classname="com.create4.execution.With_docstat_msdcsn_TS_90" name="CRe4_1891_94_96_98" time="124.292">
    <failure message="Cannot locate element with text: Member Six
For documentation on this error, please visit: http://seleniumhq.org/exceptions/no_such_element.html
Build info: version: &apos;2.53.1&apos;, revision: &apos;a36b8b1cd5757287168e54b817830adce9b0158d&apos;, time: &apos;2016-06-30 19:26:09&apos;
System info: host: &apos;Rajitha&apos;, ip: &apos;192.168.56.1&apos;, os.name: &apos;Windows 10&apos;, os.arch: &apos;amd64&apos;, os.version: &apos;10.0&apos;, java.version: &apos;1.8.0_111&apos;
Driver info: driver.version: unknown" type="org.openqa.selenium.NoSuchElementException">org.openqa.selenium.NoSuchElementException: Cannot locate element with text: Member Six
For documentation on this error, please visit: http://seleniumhq.org/exceptions/no_such_element.html
Build info: version: &apos;2.53.1&apos;, revision: &apos;a36b8b1cd5757287168e54b817830adce9b0158d&apos;, time: &apos;2016-06-30 19:26:09&apos;
System info: host: &apos;Rajitha&apos;, ip: &apos;192.168.56.1&apos;, os.name: &apos;Windows 10&apos;, os.arch: &apos;amd64&apos;, os.version: &apos;10.0&apos;, java.version: &apos;1.8.0_111&apos;
Driver info: driver.version: unknown
	at org.openqa.selenium.support.ui.Select.selectByVisibleText(Select.java:150)
	at com.global.methods.Global_Project_Submissions.MS_ForwardTo_CP(Global_Project_Submissions.java:956)
	at com.create4.scenarios.TS_90.CRe4_1891_94_96_98(TS_90.java:548)
	at com.create4.execution.With_docstat_msdcsn_TS_90.CRe4_1891_94_96_98(With_docstat_msdcsn_TS_90.java:37)
</failure>
    <system-out>1
Hello
1
null
1
null
Pharma *
First document title
1
10/04/2018
110-04-2018
210-04-2018
110-04-2018
210-04-2018
1
1
null
1
null
Submission has been forwarded to Member Secretary Ankita B Bhaumik
</system-out>
  </testcase>
  <testcase classname="com.create4.execution.Withexp_prjctstatus4_msdcsn_TS_51" name="CRe4_1221" time="81.959">
    <failure message="Cannot locate element with text: Member Six
For documentation on this error, please visit: http://seleniumhq.org/exceptions/no_such_element.html
Build info: version: &apos;2.53.1&apos;, revision: &apos;a36b8b1cd5757287168e54b817830adce9b0158d&apos;, time: &apos;2016-06-30 19:26:09&apos;
System info: host: &apos;Rajitha&apos;, ip: &apos;192.168.56.1&apos;, os.name: &apos;Windows 10&apos;, os.arch: &apos;amd64&apos;, os.version: &apos;10.0&apos;, java.version: &apos;1.8.0_111&apos;
Driver info: driver.version: unknown" type="org.openqa.selenium.NoSuchElementException">org.openqa.selenium.NoSuchElementException: Cannot locate element with text: Member Six
For documentation on this error, please visit: http://seleniumhq.org/exceptions/no_such_element.html
Build info: version: &apos;2.53.1&apos;, revision: &apos;a36b8b1cd5757287168e54b817830adce9b0158d&apos;, time: &apos;2016-06-30 19:26:09&apos;
System info: host: &apos;Rajitha&apos;, ip: &apos;192.168.56.1&apos;, os.name: &apos;Windows 10&apos;, os.arch: &apos;amd64&apos;, os.version: &apos;10.0&apos;, java.version: &apos;1.8.0_111&apos;
Driver info: driver.version: unknown
	at org.openqa.selenium.support.ui.Select.selectByVisibleText(Select.java:150)
	at com.global.methods.Global_Project_Submissions.MS_ForwardTo_CP(Global_Project_Submissions.java:956)
	at com.create4.scenarios.TS_51.CRe4_1221(TS_51.java:423)
	at com.create4.execution.Withexp_prjctstatus4_msdcsn_TS_51.CRe4_1221(Withexp_prjctstatus4_msdcsn_TS_51.java:35)
</failure>
    <system-out>1
Hello
1
null
1
null
Pharma *
First document title
1
10/04/2018
110-04-2018
210-04-2018
110-04-2018
210-04-2018
Submission has been forwarded to Member Secretary Ankita B Bhaumik
110-04-2018
210-04-2018
1Under IEC Review
2Under IEC Review
110-04-2018
210-04-2018
</system-out>
  </testcase>
  <testcase classname="com.create4.execution.Withexp_prjctstatus4_msdcsn_TS_51" name="CRe4_1226" time="79.619">
    <failure message="Cannot locate element with text: Member Six
For documentation on this error, please visit: http://seleniumhq.org/exceptions/no_such_element.html
Build info: version: &apos;2.53.1&apos;, revision: &apos;a36b8b1cd5757287168e54b817830adce9b0158d&apos;, time: &apos;2016-06-30 19:26:09&apos;
System info: host: &apos;Rajitha&apos;, ip: &apos;192.168.56.1&apos;, os.name: &apos;Windows 10&apos;, os.arch: &apos;amd64&apos;, os.version: &apos;10.0&apos;, java.version: &apos;1.8.0_111&apos;
Driver info: driver.version: unknown" type="org.openqa.selenium.NoSuchElementException">org.openqa.selenium.NoSuchElementException: Cannot locate element with text: Member Six
For documentation on this error, please visit: http://seleniumhq.org/exceptions/no_such_element.html
Build info: version: &apos;2.53.1&apos;, revision: &apos;a36b8b1cd5757287168e54b817830adce9b0158d&apos;, time: &apos;2016-06-30 19:26:09&apos;
System info: host: &apos;Rajitha&apos;, ip: &apos;192.168.56.1&apos;, os.name: &apos;Windows 10&apos;, os.arch: &apos;amd64&apos;, os.version: &apos;10.0&apos;, java.version: &apos;1.8.0_111&apos;
Driver info: driver.version: unknown
	at org.openqa.selenium.support.ui.Select.selectByVisibleText(Select.java:150)
	at com.global.methods.Global_Project_Submissions.MS_ForwardTo_CP(Global_Project_Submissions.java:956)
	at com.create4.scenarios.TS_51.CRe4_1226(TS_51.java:511)
	at com.create4.execution.Withexp_prjctstatus4_msdcsn_TS_51.CRe4_1226(Withexp_prjctstatus4_msdcsn_TS_51.java:43)
</failure>
    <system-out>1
Hello
1
null
1
null
Pharma *
First document title
1
10/04/2018
110-04-2018
210-04-2018
110-04-2018
210-04-2018
Submission has been forwarded to Member Secretary Ankita B Bhaumik
110-04-2018
210-04-2018
1Under IEC Review
2Under IEC Review
110-04-2018
210-04-2018
</system-out>
  </testcase>
  <testcase classname="com.create4.execution.Withexp_prjctstatus4_msdcsn_TS_51" name="CRe4_1231" time="78.66">
    <failure message="Cannot locate element with text: Member Six
For documentation on this error, please visit: http://seleniumhq.org/exceptions/no_such_element.html
Build info: version: &apos;2.53.1&apos;, revision: &apos;a36b8b1cd5757287168e54b817830adce9b0158d&apos;, time: &apos;2016-06-30 19:26:09&apos;
System info: host: &apos;Rajitha&apos;, ip: &apos;192.168.56.1&apos;, os.name: &apos;Windows 10&apos;, os.arch: &apos;amd64&apos;, os.version: &apos;10.0&apos;, java.version: &apos;1.8.0_111&apos;
Driver info: driver.version: unknown" type="org.openqa.selenium.NoSuchElementException">org.openqa.selenium.NoSuchElementException: Cannot locate element with text: Member Six
For documentation on this error, please visit: http://seleniumhq.org/exceptions/no_such_element.html
Build info: version: &apos;2.53.1&apos;, revision: &apos;a36b8b1cd5757287168e54b817830adce9b0158d&apos;, time: &apos;2016-06-30 19:26:09&apos;
System info: host: &apos;Rajitha&apos;, ip: &apos;192.168.56.1&apos;, os.name: &apos;Windows 10&apos;, os.arch: &apos;amd64&apos;, os.version: &apos;10.0&apos;, java.version: &apos;1.8.0_111&apos;
Driver info: driver.version: unknown
	at org.openqa.selenium.support.ui.Select.selectByVisibleText(Select.java:150)
	at com.global.methods.Global_Project_Submissions.MS_ForwardTo_CP(Global_Project_Submissions.java:956)
	at com.create4.scenarios.TS_51.CRe4_1231(TS_51.java:605)
	at com.create4.execution.Withexp_prjctstatus4_msdcsn_TS_51.CRe4_1231(Withexp_prjctstatus4_msdcsn_TS_51.java:51)
</failure>
    <system-out>1
Hello
1
null
1
null
Pharma *
First document title
1
10/04/2018
110-04-2018
210-04-2018
110-04-2018
210-04-2018
Submission has been forwarded to Member Secretary Ankita B Bhaumik
110-04-2018
210-04-2018
1Under IEC Review
2Under IEC Review
110-04-2018
210-04-2018
</system-out>
  </testcase>
  <testcase classname="com.create4.execution.Withexp_prjctstatus4_msdcsn_TS_51" name="CRe4_1236" time="79.367">
    <failure message="Cannot locate element with text: Member Six
For documentation on this error, please visit: http://seleniumhq.org/exceptions/no_such_element.html
Build info: version: &apos;2.53.1&apos;, revision: &apos;a36b8b1cd5757287168e54b817830adce9b0158d&apos;, time: &apos;2016-06-30 19:26:09&apos;
System info: host: &apos;Rajitha&apos;, ip: &apos;192.168.56.1&apos;, os.name: &apos;Windows 10&apos;, os.arch: &apos;amd64&apos;, os.version: &apos;10.0&apos;, java.version: &apos;1.8.0_111&apos;
Driver info: driver.version: unknown" type="org.openqa.selenium.NoSuchElementException">org.openqa.selenium.NoSuchElementException: Cannot locate element with text: Member Six
For documentation on this error, please visit: http://seleniumhq.org/exceptions/no_such_element.html
Build info: version: &apos;2.53.1&apos;, revision: &apos;a36b8b1cd5757287168e54b817830adce9b0158d&apos;, time: &apos;2016-06-30 19:26:09&apos;
System info: host: &apos;Rajitha&apos;, ip: &apos;192.168.56.1&apos;, os.name: &apos;Windows 10&apos;, os.arch: &apos;amd64&apos;, os.version: &apos;10.0&apos;, java.version: &apos;1.8.0_111&apos;
Driver info: driver.version: unknown
	at org.openqa.selenium.support.ui.Select.selectByVisibleText(Select.java:150)
	at com.global.methods.Global_Project_Submissions.MS_ForwardTo_CP(Global_Project_Submissions.java:956)
	at com.create4.scenarios.TS_51.CRe4_1236(TS_51.java:693)
	at com.create4.execution.Withexp_prjctstatus4_msdcsn_TS_51.CRe4_1236(Withexp_prjctstatus4_msdcsn_TS_51.java:59)
</failure>
    <system-out>1
Hello
1
null
1
null
Pharma *
First document title
1
10/04/2018
110-04-2018
210-04-2018
110-04-2018
210-04-2018
Submission has been forwarded to Member Secretary Ankita B Bhaumik
110-04-2018
210-04-2018
1Under IEC Review
2Under IEC Review
110-04-2018
210-04-2018
</system-out>
  </testcase>
  <testcase classname="com.create4.execution.Withexp_prjctstatus4_msdcsn_TS_51" name="CRe4_1241" time="81.639">
    <failure message="Cannot locate element with text: Member Six
For documentation on this error, please visit: http://seleniumhq.org/exceptions/no_such_element.html
Build info: version: &apos;2.53.1&apos;, revision: &apos;a36b8b1cd5757287168e54b817830adce9b0158d&apos;, time: &apos;2016-06-30 19:26:09&apos;
System info: host: &apos;Rajitha&apos;, ip: &apos;192.168.56.1&apos;, os.name: &apos;Windows 10&apos;, os.arch: &apos;amd64&apos;, os.version: &apos;10.0&apos;, java.version: &apos;1.8.0_111&apos;
Driver info: driver.version: unknown" type="org.openqa.selenium.NoSuchElementException">org.openqa.selenium.NoSuchElementException: Cannot locate element with text: Member Six
For documentation on this error, please visit: http://seleniumhq.org/exceptions/no_such_element.html
Build info: version: &apos;2.53.1&apos;, revision: &apos;a36b8b1cd5757287168e54b817830adce9b0158d&apos;, time: &apos;2016-06-30 19:26:09&apos;
System info: host: &apos;Rajitha&apos;, ip: &apos;192.168.56.1&apos;, os.name: &apos;Windows 10&apos;, os.arch: &apos;amd64&apos;, os.version: &apos;10.0&apos;, java.version: &apos;1.8.0_111&apos;
Driver info: driver.version: unknown
	at org.openqa.selenium.support.ui.Select.selectByVisibleText(Select.java:150)
	at com.global.methods.Global_Project_Submissions.MS_ForwardTo_CP(Global_Project_Submissions.java:956)
	at com.create4.scenarios.TS_51.CRe4_1241(TS_51.java:780)
	at com.create4.execution.Withexp_prjctstatus4_msdcsn_TS_51.CRe4_1241(Withexp_prjctstatus4_msdcsn_TS_51.java:67)
</failure>
    <system-out>1
Hello
1
null
1
null
Pharma *
First document title
1
10/04/2018
110-04-2018
210-04-2018
110-04-2018
210-04-2018
Submission has been forwarded to Member Secretary Ankita B Bhaumik
110-04-2018
210-04-2018
1Under IEC Review
2Under IEC Review
110-04-2018
210-04-2018
</system-out>
  </testcase>
  <testcase classname="com.create4.execution.Withexp_prjctstatus4_msdcsn_TS_51" name="CRe4_1246" time="76.369">
    <failure message="Cannot locate element with text: Member Six
For documentation on this error, please visit: http://seleniumhq.org/exceptions/no_such_element.html
Build info: version: &apos;2.53.1&apos;, revision: &apos;a36b8b1cd5757287168e54b817830adce9b0158d&apos;, time: &apos;2016-06-30 19:26:09&apos;
System info: host: &apos;Rajitha&apos;, ip: &apos;192.168.56.1&apos;, os.name: &apos;Windows 10&apos;, os.arch: &apos;amd64&apos;, os.version: &apos;10.0&apos;, java.version: &apos;1.8.0_111&apos;
Driver info: driver.version: unknown" type="org.openqa.selenium.NoSuchElementException">org.openqa.selenium.NoSuchElementException: Cannot locate element with text: Member Six
For documentation on this error, please visit: http://seleniumhq.org/exceptions/no_such_element.html
Build info: version: &apos;2.53.1&apos;, revision: &apos;a36b8b1cd5757287168e54b817830adce9b0158d&apos;, time: &apos;2016-06-30 19:26:09&apos;
System info: host: &apos;Rajitha&apos;, ip: &apos;192.168.56.1&apos;, os.name: &apos;Windows 10&apos;, os.arch: &apos;amd64&apos;, os.version: &apos;10.0&apos;, java.version: &apos;1.8.0_111&apos;
Driver info: driver.version: unknown
	at org.openqa.selenium.support.ui.Select.selectByVisibleText(Select.java:150)
	at com.global.methods.Global_Project_Submissions.MS_ForwardTo_CP(Global_Project_Submissions.java:956)
	at com.create4.scenarios.TS_51.CRe4_1246(TS_51.java:867)
	at com.create4.execution.Withexp_prjctstatus4_msdcsn_TS_51.CRe4_1246(Withexp_prjctstatus4_msdcsn_TS_51.java:75)
</failure>
    <system-out>1
Hello
1
null
1
null
Pharma *
First document title
1
10/04/2018
110-04-2018
210-04-2018
110-04-2018
210-04-2018
Submission has been forwarded to Member Secretary Ankita B Bhaumik
110-04-2018
210-04-2018
1Under IEC Review
2Under IEC Review
110-04-2018
210-04-2018
</system-out>
  </testcase>
  <testcase classname="com.create4.execution.Withexp_prjctstatus4_msdcsn_TS_51" name="CRe4_1251" time="79.919">
    <failure message="Cannot locate element with text: Member Six
For documentation on this error, please visit: http://seleniumhq.org/exceptions/no_such_element.html
Build info: version: &apos;2.53.1&apos;, revision: &apos;a36b8b1cd5757287168e54b817830adce9b0158d&apos;, time: &apos;2016-06-30 19:26:09&apos;
System info: host: &apos;Rajitha&apos;, ip: &apos;192.168.56.1&apos;, os.name: &apos;Windows 10&apos;, os.arch: &apos;amd64&apos;, os.version: &apos;10.0&apos;, java.version: &apos;1.8.0_111&apos;
Driver info: driver.version: unknown" type="org.openqa.selenium.NoSuchElementException">org.openqa.selenium.NoSuchElementException: Cannot locate element with text: Member Six
For documentation on this error, please visit: http://seleniumhq.org/exceptions/no_such_element.html
Build info: version: &apos;2.53.1&apos;, revision: &apos;a36b8b1cd5757287168e54b817830adce9b0158d&apos;, time: &apos;2016-06-30 19:26:09&apos;
System info: host: &apos;Rajitha&apos;, ip: &apos;192.168.56.1&apos;, os.name: &apos;Windows 10&apos;, os.arch: &apos;amd64&apos;, os.version: &apos;10.0&apos;, java.version: &apos;1.8.0_111&apos;
Driver info: driver.version: unknown
	at org.openqa.selenium.support.ui.Select.selectByVisibleText(Select.java:150)
	at com.global.methods.Global_Project_Submissions.MS_ForwardTo_CP(Global_Project_Submissions.java:956)
	at com.create4.scenarios.TS_51.CRe4_1251(TS_51.java:956)
	at com.create4.execution.Withexp_prjctstatus4_msdcsn_TS_51.CRe4_1251(Withexp_prjctstatus4_msdcsn_TS_51.java:83)
</failure>
    <system-out>1
Hello
1
null
1
null
Pharma *
First document title
1
10/04/2018
110-04-2018
210-04-2018
110-04-2018
210-04-2018
Submission has been forwarded to Member Secretary Ankita B Bhaumik
110-04-2018
210-04-2018
1Under IEC Review
2Under IEC Review
110-04-2018
210-04-2018
</system-out>
  </testcase>
  <testcase classname="com.create4.execution.Amndexp_prjctstatus4_msdcsn_TS_52" name="CRe4_1310" time="66.295">
    <failure message="Cannot locate element with text: Member Six
For documentation on this error, please visit: http://seleniumhq.org/exceptions/no_such_element.html
Build info: version: &apos;2.53.1&apos;, revision: &apos;a36b8b1cd5757287168e54b817830adce9b0158d&apos;, time: &apos;2016-06-30 19:26:09&apos;
System info: host: &apos;Rajitha&apos;, ip: &apos;192.168.56.1&apos;, os.name: &apos;Windows 10&apos;, os.arch: &apos;amd64&apos;, os.version: &apos;10.0&apos;, java.version: &apos;1.8.0_111&apos;
Driver info: driver.version: unknown" type="org.openqa.selenium.NoSuchElementException">org.openqa.selenium.NoSuchElementException: Cannot locate element with text: Member Six
For documentation on this error, please visit: http://seleniumhq.org/exceptions/no_such_element.html
Build info: version: &apos;2.53.1&apos;, revision: &apos;a36b8b1cd5757287168e54b817830adce9b0158d&apos;, time: &apos;2016-06-30 19:26:09&apos;
System info: host: &apos;Rajitha&apos;, ip: &apos;192.168.56.1&apos;, os.name: &apos;Windows 10&apos;, os.arch: &apos;amd64&apos;, os.version: &apos;10.0&apos;, java.version: &apos;1.8.0_111&apos;
Driver info: driver.version: unknown
	at org.openqa.selenium.support.ui.Select.selectByVisibleText(Select.java:150)
	at com.global.methods.Global_Project_Submissions.MS_ForwardTo_CP(Global_Project_Submissions.java:956)
	at com.create4.scenarios.TS_52.CRe4_1310(TS_52.java:429)
	at com.create4.execution.Amndexp_prjctstatus4_msdcsn_TS_52.CRe4_1310(Amndexp_prjctstatus4_msdcsn_TS_52.java:38)
</failure>
    <system-out>1
Hello
1
null
1
null
Pharma *
First document title
1
10/04/2018
Submission has been forwarded to Member Secretary Ankita B Bhaumik
</system-out>
  </testcase>
  <testcase classname="com.create4.execution.Amndexp_prjctstatus4_msdcsn_TS_52" name="CRe4_1315" time="66.257">
    <failure message="Cannot locate element with text: Member Six
For documentation on this error, please visit: http://seleniumhq.org/exceptions/no_such_element.html
Build info: version: &apos;2.53.1&apos;, revision: &apos;a36b8b1cd5757287168e54b817830adce9b0158d&apos;, time: &apos;2016-06-30 19:26:09&apos;
System info: host: &apos;Rajitha&apos;, ip: &apos;192.168.56.1&apos;, os.name: &apos;Windows 10&apos;, os.arch: &apos;amd64&apos;, os.version: &apos;10.0&apos;, java.version: &apos;1.8.0_111&apos;
Driver info: driver.version: unknown" type="org.openqa.selenium.NoSuchElementException">org.openqa.selenium.NoSuchElementException: Cannot locate element with text: Member Six
For documentation on this error, please visit: http://seleniumhq.org/exceptions/no_such_element.html
Build info: version: &apos;2.53.1&apos;, revision: &apos;a36b8b1cd5757287168e54b817830adce9b0158d&apos;, time: &apos;2016-06-30 19:26:09&apos;
System info: host: &apos;Rajitha&apos;, ip: &apos;192.168.56.1&apos;, os.name: &apos;Windows 10&apos;, os.arch: &apos;amd64&apos;, os.version: &apos;10.0&apos;, java.version: &apos;1.8.0_111&apos;
Driver info: driver.version: unknown
	at org.openqa.selenium.support.ui.Select.selectByVisibleText(Select.java:150)
	at com.global.methods.Global_Project_Submissions.MS_ForwardTo_CP(Global_Project_Submissions.java:956)
	at com.create4.scenarios.TS_52.CRe4_1315(TS_52.java:723)
	at com.create4.execution.Amndexp_prjctstatus4_msdcsn_TS_52.CRe4_1315(Amndexp_prjctstatus4_msdcsn_TS_52.java:46)
</failure>
    <system-out>1
Hello
1
null
1
null
Pharma *
First document title
1
10/04/2018
Submission has been forwarded to Member Secretary Ankita B Bhaumik
</system-out>
  </testcase>
  <testcase classname="com.create4.execution.Amndexp_prjctstatus4_msdcsn_TS_52" name="CRe4_1320" time="67.446">
    <failure message="Cannot locate element with text: Member Six
For documentation on this error, please visit: http://seleniumhq.org/exceptions/no_such_element.html
Build info: version: &apos;2.53.1&apos;, revision: &apos;a36b8b1cd5757287168e54b817830adce9b0158d&apos;, time: &apos;2016-06-30 19:26:09&apos;
System info: host: &apos;Rajitha&apos;, ip: &apos;192.168.56.1&apos;, os.name: &apos;Windows 10&apos;, os.arch: &apos;amd64&apos;, os.version: &apos;10.0&apos;, java.version: &apos;1.8.0_111&apos;
Driver info: driver.version: unknown" type="org.openqa.selenium.NoSuchElementException">org.openqa.selenium.NoSuchElementException: Cannot locate element with text: Member Six
For documentation on this error, please visit: http://seleniumhq.org/exceptions/no_such_element.html
Build info: version: &apos;2.53.1&apos;, revision: &apos;a36b8b1cd5757287168e54b817830adce9b0158d&apos;, time: &apos;2016-06-30 19:26:09&apos;
System info: host: &apos;Rajitha&apos;, ip: &apos;192.168.56.1&apos;, os.name: &apos;Windows 10&apos;, os.arch: &apos;amd64&apos;, os.version: &apos;10.0&apos;, java.version: &apos;1.8.0_111&apos;
Driver info: driver.version: unknown
	at org.openqa.selenium.support.ui.Select.selectByVisibleText(Select.java:150)
	at com.global.methods.Global_Project_Submissions.MS_ForwardTo_CP(Global_Project_Submissions.java:956)
	at com.create4.scenarios.TS_52.CRe4_1320(TS_52.java:1017)
	at com.create4.execution.Amndexp_prjctstatus4_msdcsn_TS_52.CRe4_1320(Amndexp_prjctstatus4_msdcsn_TS_52.java:55)
</failure>
    <system-out>1
Hello
1
null
1
null
Pharma *
First document title
1
10/04/2018
Submission has been forwarded to Member Secretary Ankita B Bhaumik
</system-out>
  </testcase>
  <testcase classname="com.create4.execution.Amndexp_prjctstatus4_msdcsn_TS_52" name="CRe4_1325" time="65.374">
    <failure message="Cannot locate element with text: Member Six
For documentation on this error, please visit: http://seleniumhq.org/exceptions/no_such_element.html
Build info: version: &apos;2.53.1&apos;, revision: &apos;a36b8b1cd5757287168e54b817830adce9b0158d&apos;, time: &apos;2016-06-30 19:26:09&apos;
System info: host: &apos;Rajitha&apos;, ip: &apos;192.168.56.1&apos;, os.name: &apos;Windows 10&apos;, os.arch: &apos;amd64&apos;, os.version: &apos;10.0&apos;, java.version: &apos;1.8.0_111&apos;
Driver info: driver.version: unknown" type="org.openqa.selenium.NoSuchElementException">org.openqa.selenium.NoSuchElementException: Cannot locate element with text: Member Six
For documentation on this error, please visit: http://seleniumhq.org/exceptions/no_such_element.html
Build info: version: &apos;2.53.1&apos;, revision: &apos;a36b8b1cd5757287168e54b817830adce9b0158d&apos;, time: &apos;2016-06-30 19:26:09&apos;
System info: host: &apos;Rajitha&apos;, ip: &apos;192.168.56.1&apos;, os.name: &apos;Windows 10&apos;, os.arch: &apos;amd64&apos;, os.version: &apos;10.0&apos;, java.version: &apos;1.8.0_111&apos;
Driver info: driver.version: unknown
	at org.openqa.selenium.support.ui.Select.selectByVisibleText(Select.java:150)
	at com.global.methods.Global_Project_Submissions.MS_ForwardTo_CP(Global_Project_Submissions.java:956)
	at com.create4.scenarios.TS_52.CRe4_1325(TS_52.java:1316)
	at com.create4.execution.Amndexp_prjctstatus4_msdcsn_TS_52.CRe4_1325(Amndexp_prjctstatus4_msdcsn_TS_52.java:63)
</failure>
    <system-out>1
Hello
1
null
1
null
Pharma *
First document title
1
10/04/2018
Submission has been forwarded to Member Secretary Ankita B Bhaumik
</system-out>
  </testcase>
  <testcase classname="com.create4.execution.Amndexp_prjctstatus4_msdcsn_TS_52" name="CRe4_1330" time="74.72">
    <failure message="Cannot locate element with text: Member Six
For documentation on this error, please visit: http://seleniumhq.org/exceptions/no_such_element.html
Build info: version: &apos;2.53.1&apos;, revision: &apos;a36b8b1cd5757287168e54b817830adce9b0158d&apos;, time: &apos;2016-06-30 19:26:09&apos;
System info: host: &apos;Rajitha&apos;, ip: &apos;192.168.56.1&apos;, os.name: &apos;Windows 10&apos;, os.arch: &apos;amd64&apos;, os.version: &apos;10.0&apos;, java.version: &apos;1.8.0_111&apos;
Driver info: driver.version: unknown" type="org.openqa.selenium.NoSuchElementException">org.openqa.selenium.NoSuchElementException: Cannot locate element with text: Member Six
For documentation on this error, please visit: http://seleniumhq.org/exceptions/no_such_element.html
Build info: version: &apos;2.53.1&apos;, revision: &apos;a36b8b1cd5757287168e54b817830adce9b0158d&apos;, time: &apos;2016-06-30 19:26:09&apos;
System info: host: &apos;Rajitha&apos;, ip: &apos;192.168.56.1&apos;, os.name: &apos;Windows 10&apos;, os.arch: &apos;amd64&apos;, os.version: &apos;10.0&apos;, java.version: &apos;1.8.0_111&apos;
Driver info: driver.version: unknown
	at org.openqa.selenium.support.ui.Select.selectByVisibleText(Select.java:150)
	at com.global.methods.Global_Project_Submissions.MS_ForwardTo_CP(Global_Project_Submissions.java:956)
	at com.create4.scenarios.TS_52.CRe4_1330(TS_52.java:1612)
	at com.create4.execution.Amndexp_prjctstatus4_msdcsn_TS_52.CRe4_1330(Amndexp_prjctstatus4_msdcsn_TS_52.java:71)
</failure>
    <system-out>1
Hello
1
null
1
null
Pharma *
First document title
1
10/04/2018
Submission has been forwarded to Member Secretary Ankita B Bhaumik
</system-out>
  </testcase>
  <testcase classname="com.create4.execution.Devexp_prjctstatus4_msdcsn_TS_53" name="CRe4_1389" time="66.351">
    <failure message="Cannot locate element with text: Member Six
For documentation on this error, please visit: http://seleniumhq.org/exceptions/no_such_element.html
Build info: version: &apos;2.53.1&apos;, revision: &apos;a36b8b1cd5757287168e54b817830adce9b0158d&apos;, time: &apos;2016-06-30 19:26:09&apos;
System info: host: &apos;Rajitha&apos;, ip: &apos;192.168.56.1&apos;, os.name: &apos;Windows 10&apos;, os.arch: &apos;amd64&apos;, os.version: &apos;10.0&apos;, java.version: &apos;1.8.0_111&apos;
Driver info: driver.version: unknown" type="org.openqa.selenium.NoSuchElementException">org.openqa.selenium.NoSuchElementException: Cannot locate element with text: Member Six
For documentation on this error, please visit: http://seleniumhq.org/exceptions/no_such_element.html
Build info: version: &apos;2.53.1&apos;, revision: &apos;a36b8b1cd5757287168e54b817830adce9b0158d&apos;, time: &apos;2016-06-30 19:26:09&apos;
System info: host: &apos;Rajitha&apos;, ip: &apos;192.168.56.1&apos;, os.name: &apos;Windows 10&apos;, os.arch: &apos;amd64&apos;, os.version: &apos;10.0&apos;, java.version: &apos;1.8.0_111&apos;
Driver info: driver.version: unknown
	at org.openqa.selenium.support.ui.Select.selectByVisibleText(Select.java:150)
	at com.global.methods.Global_Project_Submissions.MS_ForwardTo_CP(Global_Project_Submissions.java:956)
	at com.create4.scenarios.TS_53.CRe4_1389(TS_53.java:429)
	at com.create4.execution.Devexp_prjctstatus4_msdcsn_TS_53.CRe4_1389(Devexp_prjctstatus4_msdcsn_TS_53.java:38)
</failure>
    <system-out>1
Hello
1
null
1
null
Pharma *
First document title
1
10/04/2018
Submission has been forwarded to Member Secretary Ankita B Bhaumik
</system-out>
  </testcase>
  <testcase classname="com.create4.execution.Devexp_prjctstatus4_msdcsn_TS_53" name="CRe4_1394" time="75.314">
    <failure message="Cannot locate element with text: Member Six
For documentation on this error, please visit: http://seleniumhq.org/exceptions/no_such_element.html
Build info: version: &apos;2.53.1&apos;, revision: &apos;a36b8b1cd5757287168e54b817830adce9b0158d&apos;, time: &apos;2016-06-30 19:26:09&apos;
System info: host: &apos;Rajitha&apos;, ip: &apos;192.168.56.1&apos;, os.name: &apos;Windows 10&apos;, os.arch: &apos;amd64&apos;, os.version: &apos;10.0&apos;, java.version: &apos;1.8.0_111&apos;
Driver info: driver.version: unknown" type="org.openqa.selenium.NoSuchElementException">org.openqa.selenium.NoSuchElementException: Cannot locate element with text: Member Six
For documentation on this error, please visit: http://seleniumhq.org/exceptions/no_such_element.html
Build info: version: &apos;2.53.1&apos;, revision: &apos;a36b8b1cd5757287168e54b817830adce9b0158d&apos;, time: &apos;2016-06-30 19:26:09&apos;
System info: host: &apos;Rajitha&apos;, ip: &apos;192.168.56.1&apos;, os.name: &apos;Windows 10&apos;, os.arch: &apos;amd64&apos;, os.version: &apos;10.0&apos;, java.version: &apos;1.8.0_111&apos;
Driver info: driver.version: unknown
	at org.openqa.selenium.support.ui.Select.selectByVisibleText(Select.java:150)
	at com.global.methods.Global_Project_Submissions.MS_ForwardTo_CP(Global_Project_Submissions.java:956)
	at com.create4.scenarios.TS_53.CRe4_1394(TS_53.java:718)
	at com.create4.execution.Devexp_prjctstatus4_msdcsn_TS_53.CRe4_1394(Devexp_prjctstatus4_msdcsn_TS_53.java:46)
</failure>
    <system-out>1
Hello
1
null
1
null
Pharma *
First document title
1
10/04/2018
Submission has been forwarded to Member Secretary Ankita B Bhaumik
</system-out>
  </testcase>
  <testcase classname="com.create4.execution.Devexp_prjctstatus4_msdcsn_TS_53" name="CRe4_1399" time="66.196">
    <failure message="Cannot locate element with text: Member Six
For documentation on this error, please visit: http://seleniumhq.org/exceptions/no_such_element.html
Build info: version: &apos;2.53.1&apos;, revision: &apos;a36b8b1cd5757287168e54b817830adce9b0158d&apos;, time: &apos;2016-06-30 19:26:09&apos;
System info: host: &apos;Rajitha&apos;, ip: &apos;192.168.56.1&apos;, os.name: &apos;Windows 10&apos;, os.arch: &apos;amd64&apos;, os.version: &apos;10.0&apos;, java.version: &apos;1.8.0_111&apos;
Driver info: driver.version: unknown" type="org.openqa.selenium.NoSuchElementException">org.openqa.selenium.NoSuchElementException: Cannot locate element with text: Member Six
For documentation on this error, please visit: http://seleniumhq.org/exceptions/no_such_element.html
Build info: version: &apos;2.53.1&apos;, revision: &apos;a36b8b1cd5757287168e54b817830adce9b0158d&apos;, time: &apos;2016-06-30 19:26:09&apos;
System info: host: &apos;Rajitha&apos;, ip: &apos;192.168.56.1&apos;, os.name: &apos;Windows 10&apos;, os.arch: &apos;amd64&apos;, os.version: &apos;10.0&apos;, java.version: &apos;1.8.0_111&apos;
Driver info: driver.version: unknown
	at org.openqa.selenium.support.ui.Select.selectByVisibleText(Select.java:150)
	at com.global.methods.Global_Project_Submissions.MS_ForwardTo_CP(Global_Project_Submissions.java:956)
	at com.create4.scenarios.TS_53.CRe4_1399(TS_53.java:1006)
	at com.create4.execution.Devexp_prjctstatus4_msdcsn_TS_53.CRe4_1399(Devexp_prjctstatus4_msdcsn_TS_53.java:54)
</failure>
    <system-out>1
Hello
1
null
1
null
Pharma *
First document title
1
10/04/2018
Submission has been forwarded to Member Secretary Ankita B Bhaumik
</system-out>
  </testcase>
  <testcase classname="com.create4.execution.Devexp_prjctstatus4_msdcsn_TS_53" name="CRe4_1404" time="64.962">
    <failure message="Cannot locate element with text: Member Six
For documentation on this error, please visit: http://seleniumhq.org/exceptions/no_such_element.html
Build info: version: &apos;2.53.1&apos;, revision: &apos;a36b8b1cd5757287168e54b817830adce9b0158d&apos;, time: &apos;2016-06-30 19:26:09&apos;
System info: host: &apos;Rajitha&apos;, ip: &apos;192.168.56.1&apos;, os.name: &apos;Windows 10&apos;, os.arch: &apos;amd64&apos;, os.version: &apos;10.0&apos;, java.version: &apos;1.8.0_111&apos;
Driver info: driver.version: unknown" type="org.openqa.selenium.NoSuchElementException">org.openqa.selenium.NoSuchElementException: Cannot locate element with text: Member Six
For documentation on this error, please visit: http://seleniumhq.org/exceptions/no_such_element.html
Build info: version: &apos;2.53.1&apos;, revision: &apos;a36b8b1cd5757287168e54b817830adce9b0158d&apos;, time: &apos;2016-06-30 19:26:09&apos;
System info: host: &apos;Rajitha&apos;, ip: &apos;192.168.56.1&apos;, os.name: &apos;Windows 10&apos;, os.arch: &apos;amd64&apos;, os.version: &apos;10.0&apos;, java.version: &apos;1.8.0_111&apos;
Driver info: driver.version: unknown
	at org.openqa.selenium.support.ui.Select.selectByVisibleText(Select.java:150)
	at com.global.methods.Global_Project_Submissions.MS_ForwardTo_CP(Global_Project_Submissions.java:956)
	at com.create4.scenarios.TS_53.CRe4_1404(TS_53.java:1293)
	at com.create4.execution.Devexp_prjctstatus4_msdcsn_TS_53.CRe4_1404(Devexp_prjctstatus4_msdcsn_TS_53.java:62)
</failure>
    <system-out>1
Hello
1
null
1
null
Pharma *
First document title
1
10/04/2018
Submission has been forwarded to Member Secretary Ankita B Bhaumik
</system-out>
  </testcase>
  <testcase classname="com.create4.execution.Devexp_prjctstatus4_msdcsn_TS_53" name="CRe4_1409" time="66.246">
    <failure message="Cannot locate element with text: Member Six
For documentation on this error, please visit: http://seleniumhq.org/exceptions/no_such_element.html
Build info: version: &apos;2.53.1&apos;, revision: &apos;a36b8b1cd5757287168e54b817830adce9b0158d&apos;, time: &apos;2016-06-30 19:26:09&apos;
System info: host: &apos;Rajitha&apos;, ip: &apos;192.168.56.1&apos;, os.name: &apos;Windows 10&apos;, os.arch: &apos;amd64&apos;, os.version: &apos;10.0&apos;, java.version: &apos;1.8.0_111&apos;
Driver info: driver.version: unknown" type="org.openqa.selenium.NoSuchElementException">org.openqa.selenium.NoSuchElementException: Cannot locate element with text: Member Six
For documentation on this error, please visit: http://seleniumhq.org/exceptions/no_such_element.html
Build info: version: &apos;2.53.1&apos;, revision: &apos;a36b8b1cd5757287168e54b817830adce9b0158d&apos;, time: &apos;2016-06-30 19:26:09&apos;
System info: host: &apos;Rajitha&apos;, ip: &apos;192.168.56.1&apos;, os.name: &apos;Windows 10&apos;, os.arch: &apos;amd64&apos;, os.version: &apos;10.0&apos;, java.version: &apos;1.8.0_111&apos;
Driver info: driver.version: unknown
	at org.openqa.selenium.support.ui.Select.selectByVisibleText(Select.java:150)
	at com.global.methods.Global_Project_Submissions.MS_ForwardTo_CP(Global_Project_Submissions.java:956)
	at com.create4.scenarios.TS_53.CRe4_1409(TS_53.java:1581)
	at com.create4.execution.Devexp_prjctstatus4_msdcsn_TS_53.CRe4_1409(Devexp_prjctstatus4_msdcsn_TS_53.java:70)
</failure>
    <system-out>1
Hello
1
null
1
null
Pharma *
First document title
1
10/04/2018
Submission has been forwarded to Member Secretary Ankita B Bhaumik
</system-out>
  </testcase>
  <testcase classname="com.create4.execution.Conexp_prjctstatus4_msdcsn_TS_54" name="CRe4_1443" time="67.711">
    <failure message="Cannot locate element with text: Member Six
For documentation on this error, please visit: http://seleniumhq.org/exceptions/no_such_element.html
Build info: version: &apos;2.53.1&apos;, revision: &apos;a36b8b1cd5757287168e54b817830adce9b0158d&apos;, time: &apos;2016-06-30 19:26:09&apos;
System info: host: &apos;Rajitha&apos;, ip: &apos;192.168.56.1&apos;, os.name: &apos;Windows 10&apos;, os.arch: &apos;amd64&apos;, os.version: &apos;10.0&apos;, java.version: &apos;1.8.0_111&apos;
Driver info: driver.version: unknown" type="org.openqa.selenium.NoSuchElementException">org.openqa.selenium.NoSuchElementException: Cannot locate element with text: Member Six
For documentation on this error, please visit: http://seleniumhq.org/exceptions/no_such_element.html
Build info: version: &apos;2.53.1&apos;, revision: &apos;a36b8b1cd5757287168e54b817830adce9b0158d&apos;, time: &apos;2016-06-30 19:26:09&apos;
System info: host: &apos;Rajitha&apos;, ip: &apos;192.168.56.1&apos;, os.name: &apos;Windows 10&apos;, os.arch: &apos;amd64&apos;, os.version: &apos;10.0&apos;, java.version: &apos;1.8.0_111&apos;
Driver info: driver.version: unknown
	at org.openqa.selenium.support.ui.Select.selectByVisibleText(Select.java:150)
	at com.global.methods.Global_Project_Submissions.MS_ForwardTo_CP(Global_Project_Submissions.java:956)
	at com.create4.scenarios.TS_54.CRe4_1443(TS_54.java:429)
	at com.create4.execution.Conexp_prjctstatus4_msdcsn_TS_54.CRe4_1443(Conexp_prjctstatus4_msdcsn_TS_54.java:38)
</failure>
    <system-out>1
Hello
1
null
1
null
Pharma *
First document title
1
10/04/2018
Submission has been forwarded to Member Secretary Ankita B Bhaumik
</system-out>
  </testcase>
  <testcase classname="com.create4.execution.Conexp_prjctstatus4_msdcsn_TS_54" name="CRe4_1448" time="78.999">
    <failure message="Cannot locate element with text: Member Six
For documentation on this error, please visit: http://seleniumhq.org/exceptions/no_such_element.html
Build info: version: &apos;2.53.1&apos;, revision: &apos;a36b8b1cd5757287168e54b817830adce9b0158d&apos;, time: &apos;2016-06-30 19:26:09&apos;
System info: host: &apos;Rajitha&apos;, ip: &apos;192.168.56.1&apos;, os.name: &apos;Windows 10&apos;, os.arch: &apos;amd64&apos;, os.version: &apos;10.0&apos;, java.version: &apos;1.8.0_111&apos;
Driver info: driver.version: unknown" type="org.openqa.selenium.NoSuchElementException">org.openqa.selenium.NoSuchElementException: Cannot locate element with text: Member Six
For documentation on this error, please visit: http://seleniumhq.org/exceptions/no_such_element.html
Build info: version: &apos;2.53.1&apos;, revision: &apos;a36b8b1cd5757287168e54b817830adce9b0158d&apos;, time: &apos;2016-06-30 19:26:09&apos;
System info: host: &apos;Rajitha&apos;, ip: &apos;192.168.56.1&apos;, os.name: &apos;Windows 10&apos;, os.arch: &apos;amd64&apos;, os.version: &apos;10.0&apos;, java.version: &apos;1.8.0_111&apos;
Driver info: driver.version: unknown
	at org.openqa.selenium.support.ui.Select.selectByVisibleText(Select.java:150)
	at com.global.methods.Global_Project_Submissions.MS_ForwardTo_CP(Global_Project_Submissions.java:956)
	at com.create4.scenarios.TS_54.CRe4_1448(TS_54.java:721)
	at com.create4.execution.Conexp_prjctstatus4_msdcsn_TS_54.CRe4_1448(Conexp_prjctstatus4_msdcsn_TS_54.java:46)
</failure>
    <system-out>1
Hello
1
null
1
null
Pharma *
First document title
1
10/04/2018
Submission has been forwarded to Member Secretary Ankita B Bhaumik
</system-out>
  </testcase>
  <testcase classname="com.create4.execution.Conexp_prjctstatus4_msdcsn_TS_54" name="CRe4_1453" time="65.312">
    <failure message="Cannot locate element with text: Member Six
For documentation on this error, please visit: http://seleniumhq.org/exceptions/no_such_element.html
Build info: version: &apos;2.53.1&apos;, revision: &apos;a36b8b1cd5757287168e54b817830adce9b0158d&apos;, time: &apos;2016-06-30 19:26:09&apos;
System info: host: &apos;Rajitha&apos;, ip: &apos;192.168.56.1&apos;, os.name: &apos;Windows 10&apos;, os.arch: &apos;amd64&apos;, os.version: &apos;10.0&apos;, java.version: &apos;1.8.0_111&apos;
Driver info: driver.version: unknown" type="org.openqa.selenium.NoSuchElementException">org.openqa.selenium.NoSuchElementException: Cannot locate element with text: Member Six
For documentation on this error, please visit: http://seleniumhq.org/exceptions/no_such_element.html
Build info: version: &apos;2.53.1&apos;, revision: &apos;a36b8b1cd5757287168e54b817830adce9b0158d&apos;, time: &apos;2016-06-30 19:26:09&apos;
System info: host: &apos;Rajitha&apos;, ip: &apos;192.168.56.1&apos;, os.name: &apos;Windows 10&apos;, os.arch: &apos;amd64&apos;, os.version: &apos;10.0&apos;, java.version: &apos;1.8.0_111&apos;
Driver info: driver.version: unknown
	at org.openqa.selenium.support.ui.Select.selectByVisibleText(Select.java:150)
	at com.global.methods.Global_Project_Submissions.MS_ForwardTo_CP(Global_Project_Submissions.java:956)
	at com.create4.scenarios.TS_54.CRe4_1453(TS_54.java:1013)
	at com.create4.execution.Conexp_prjctstatus4_msdcsn_TS_54.CRe4_1453(Conexp_prjctstatus4_msdcsn_TS_54.java:54)
</failure>
    <system-out>1
Hello
1
null
1
null
Pharma *
First document title
1
10/04/2018
Submission has been forwarded to Member Secretary Ankita B Bhaumik
</system-out>
  </testcase>
  <testcase classname="com.create4.execution.Conexp_prjctstatus4_msdcsn_TS_54" name="CRe4_1458" time="66.974">
    <failure message="Cannot locate element with text: Member Six
For documentation on this error, please visit: http://seleniumhq.org/exceptions/no_such_element.html
Build info: version: &apos;2.53.1&apos;, revision: &apos;a36b8b1cd5757287168e54b817830adce9b0158d&apos;, time: &apos;2016-06-30 19:26:09&apos;
System info: host: &apos;Rajitha&apos;, ip: &apos;192.168.56.1&apos;, os.name: &apos;Windows 10&apos;, os.arch: &apos;amd64&apos;, os.version: &apos;10.0&apos;, java.version: &apos;1.8.0_111&apos;
Driver info: driver.version: unknown" type="org.openqa.selenium.NoSuchElementException">org.openqa.selenium.NoSuchElementException: Cannot locate element with text: Member Six
For documentation on this error, please visit: http://seleniumhq.org/exceptions/no_such_element.html
Build info: version: &apos;2.53.1&apos;, revision: &apos;a36b8b1cd5757287168e54b817830adce9b0158d&apos;, time: &apos;2016-06-30 19:26:09&apos;
System info: host: &apos;Rajitha&apos;, ip: &apos;192.168.56.1&apos;, os.name: &apos;Windows 10&apos;, os.arch: &apos;amd64&apos;, os.version: &apos;10.0&apos;, java.version: &apos;1.8.0_111&apos;
Driver info: driver.version: unknown
	at org.openqa.selenium.support.ui.Select.selectByVisibleText(Select.java:150)
	at com.global.methods.Global_Project_Submissions.MS_ForwardTo_CP(Global_Project_Submissions.java:956)
	at com.create4.scenarios.TS_54.CRe4_1458(TS_54.java:1304)
	at com.create4.execution.Conexp_prjctstatus4_msdcsn_TS_54.CRe4_1458(Conexp_prjctstatus4_msdcsn_TS_54.java:62)
</failure>
    <system-out>1
Hello
1
null
1
null
Pharma *
First document title
1
10/04/2018
Submission has been forwarded to Member Secretary Ankita B Bhaumik
</system-out>
  </testcase>
  <testcase classname="com.create4.execution.Compexp_prjctstatus4_msdcsn_TS_55" name="CRe4_1522" time="66.775">
    <failure message="Cannot locate element with text: Member Six
For documentation on this error, please visit: http://seleniumhq.org/exceptions/no_such_element.html
Build info: version: &apos;2.53.1&apos;, revision: &apos;a36b8b1cd5757287168e54b817830adce9b0158d&apos;, time: &apos;2016-06-30 19:26:09&apos;
System info: host: &apos;Rajitha&apos;, ip: &apos;192.168.56.1&apos;, os.name: &apos;Windows 10&apos;, os.arch: &apos;amd64&apos;, os.version: &apos;10.0&apos;, java.version: &apos;1.8.0_111&apos;
Driver info: driver.version: unknown" type="org.openqa.selenium.NoSuchElementException">org.openqa.selenium.NoSuchElementException: Cannot locate element with text: Member Six
For documentation on this error, please visit: http://seleniumhq.org/exceptions/no_such_element.html
Build info: version: &apos;2.53.1&apos;, revision: &apos;a36b8b1cd5757287168e54b817830adce9b0158d&apos;, time: &apos;2016-06-30 19:26:09&apos;
System info: host: &apos;Rajitha&apos;, ip: &apos;192.168.56.1&apos;, os.name: &apos;Windows 10&apos;, os.arch: &apos;amd64&apos;, os.version: &apos;10.0&apos;, java.version: &apos;1.8.0_111&apos;
Driver info: driver.version: unknown
	at org.openqa.selenium.support.ui.Select.selectByVisibleText(Select.java:150)
	at com.global.methods.Global_Project_Submissions.MS_ForwardTo_CP(Global_Project_Submissions.java:956)
	at com.create4.scenarios.TS_55.CRe4_1522(TS_55.java:425)
	at com.create4.execution.Compexp_prjctstatus4_msdcsn_TS_55.CRe4_1522(Compexp_prjctstatus4_msdcsn_TS_55.java:38)
</failure>
    <system-out>1
Hello
1
null
1
null
Pharma *
First document title
1
10/04/2018
Submission has been forwarded to Member Secretary Ankita B Bhaumik
</system-out>
  </testcase>
  <testcase classname="com.create4.execution.Compexp_prjctstatus4_msdcsn_TS_55" name="CRe4_1527" time="66.075">
    <failure message="Cannot locate element with text: Member Six
For documentation on this error, please visit: http://seleniumhq.org/exceptions/no_such_element.html
Build info: version: &apos;2.53.1&apos;, revision: &apos;a36b8b1cd5757287168e54b817830adce9b0158d&apos;, time: &apos;2016-06-30 19:26:09&apos;
System info: host: &apos;Rajitha&apos;, ip: &apos;192.168.56.1&apos;, os.name: &apos;Windows 10&apos;, os.arch: &apos;amd64&apos;, os.version: &apos;10.0&apos;, java.version: &apos;1.8.0_111&apos;
Driver info: driver.version: unknown" type="org.openqa.selenium.NoSuchElementException">org.openqa.selenium.NoSuchElementException: Cannot locate element with text: Member Six
For documentation on this error, please visit: http://seleniumhq.org/exceptions/no_such_element.html
Build info: version: &apos;2.53.1&apos;, revision: &apos;a36b8b1cd5757287168e54b817830adce9b0158d&apos;, time: &apos;2016-06-30 19:26:09&apos;
System info: host: &apos;Rajitha&apos;, ip: &apos;192.168.56.1&apos;, os.name: &apos;Windows 10&apos;, os.arch: &apos;amd64&apos;, os.version: &apos;10.0&apos;, java.version: &apos;1.8.0_111&apos;
Driver info: driver.version: unknown
	at org.openqa.selenium.support.ui.Select.selectByVisibleText(Select.java:150)
	at com.global.methods.Global_Project_Submissions.MS_ForwardTo_CP(Global_Project_Submissions.java:956)
	at com.create4.scenarios.TS_55.CRe4_1527(TS_55.java:718)
	at com.create4.execution.Compexp_prjctstatus4_msdcsn_TS_55.CRe4_1527(Compexp_prjctstatus4_msdcsn_TS_55.java:46)
</failure>
    <system-out>1
Hello
1
null
1
null
Pharma *
First document title
1
10/04/2018
Submission has been forwarded to Member Secretary Ankita B Bhaumik
</system-out>
  </testcase>
  <testcase classname="com.create4.execution.Compexp_prjctstatus4_msdcsn_TS_55" name="CRe4_1532" time="67.749">
    <failure message="Cannot locate element with text: Member Six
For documentation on this error, please visit: http://seleniumhq.org/exceptions/no_such_element.html
Build info: version: &apos;2.53.1&apos;, revision: &apos;a36b8b1cd5757287168e54b817830adce9b0158d&apos;, time: &apos;2016-06-30 19:26:09&apos;
System info: host: &apos;Rajitha&apos;, ip: &apos;192.168.56.1&apos;, os.name: &apos;Windows 10&apos;, os.arch: &apos;amd64&apos;, os.version: &apos;10.0&apos;, java.version: &apos;1.8.0_111&apos;
Driver info: driver.version: unknown" type="org.openqa.selenium.NoSuchElementException">org.openqa.selenium.NoSuchElementException: Cannot locate element with text: Member Six
For documentation on this error, please visit: http://seleniumhq.org/exceptions/no_such_element.html
Build info: version: &apos;2.53.1&apos;, revision: &apos;a36b8b1cd5757287168e54b817830adce9b0158d&apos;, time: &apos;2016-06-30 19:26:09&apos;
System info: host: &apos;Rajitha&apos;, ip: &apos;192.168.56.1&apos;, os.name: &apos;Windows 10&apos;, os.arch: &apos;amd64&apos;, os.version: &apos;10.0&apos;, java.version: &apos;1.8.0_111&apos;
Driver info: driver.version: unknown
	at org.openqa.selenium.support.ui.Select.selectByVisibleText(Select.java:150)
	at com.global.methods.Global_Project_Submissions.MS_ForwardTo_CP(Global_Project_Submissions.java:956)
	at com.create4.scenarios.TS_55.CRe4_1532(TS_55.java:1008)
	at com.create4.execution.Compexp_prjctstatus4_msdcsn_TS_55.CRe4_1532(Compexp_prjctstatus4_msdcsn_TS_55.java:54)
</failure>
    <system-out>1
Hello
1
null
1
null
Pharma *
First document title
1
10/04/2018
Submission has been forwarded to Member Secretary Ankita B Bhaumik
</system-out>
  </testcase>
  <testcase classname="com.create4.execution.Compexp_prjctstatus4_msdcsn_TS_55" name="CRe4_1537" time="66.835">
    <failure message="Cannot locate element with text: Member Six
For documentation on this error, please visit: http://seleniumhq.org/exceptions/no_such_element.html
Build info: version: &apos;2.53.1&apos;, revision: &apos;a36b8b1cd5757287168e54b817830adce9b0158d&apos;, time: &apos;2016-06-30 19:26:09&apos;
System info: host: &apos;Rajitha&apos;, ip: &apos;192.168.56.1&apos;, os.name: &apos;Windows 10&apos;, os.arch: &apos;amd64&apos;, os.version: &apos;10.0&apos;, java.version: &apos;1.8.0_111&apos;
Driver info: driver.version: unknown" type="org.openqa.selenium.NoSuchElementException">org.openqa.selenium.NoSuchElementException: Cannot locate element with text: Member Six
For documentation on this error, please visit: http://seleniumhq.org/exceptions/no_such_element.html
Build info: version: &apos;2.53.1&apos;, revision: &apos;a36b8b1cd5757287168e54b817830adce9b0158d&apos;, time: &apos;2016-06-30 19:26:09&apos;
System info: host: &apos;Rajitha&apos;, ip: &apos;192.168.56.1&apos;, os.name: &apos;Windows 10&apos;, os.arch: &apos;amd64&apos;, os.version: &apos;10.0&apos;, java.version: &apos;1.8.0_111&apos;
Driver info: driver.version: unknown
	at org.openqa.selenium.support.ui.Select.selectByVisibleText(Select.java:150)
	at com.global.methods.Global_Project_Submissions.MS_ForwardTo_CP(Global_Project_Submissions.java:956)
	at com.create4.scenarios.TS_55.CRe4_1537(TS_55.java:1300)
	at com.create4.execution.Compexp_prjctstatus4_msdcsn_TS_55.CRe4_1537(Compexp_prjctstatus4_msdcsn_TS_55.java:62)
</failure>
    <system-out>1
Hello
1
null
1
null
Pharma *
First document title
1
10/04/2018
Submission has been forwarded to Member Secretary Ankita B Bhaumik
</system-out>
  </testcase>
  <testcase classname="com.create4.execution.Termexp_prjctstatus4_msdcsn_TS_56" name="CRe4_1601" time="70.892">
    <failure message="Cannot locate element with text: Member Six
For documentation on this error, please visit: http://seleniumhq.org/exceptions/no_such_element.html
Build info: version: &apos;2.53.1&apos;, revision: &apos;a36b8b1cd5757287168e54b817830adce9b0158d&apos;, time: &apos;2016-06-30 19:26:09&apos;
System info: host: &apos;Rajitha&apos;, ip: &apos;192.168.56.1&apos;, os.name: &apos;Windows 10&apos;, os.arch: &apos;amd64&apos;, os.version: &apos;10.0&apos;, java.version: &apos;1.8.0_111&apos;
Driver info: driver.version: unknown" type="org.openqa.selenium.NoSuchElementException">org.openqa.selenium.NoSuchElementException: Cannot locate element with text: Member Six
For documentation on this error, please visit: http://seleniumhq.org/exceptions/no_such_element.html
Build info: version: &apos;2.53.1&apos;, revision: &apos;a36b8b1cd5757287168e54b817830adce9b0158d&apos;, time: &apos;2016-06-30 19:26:09&apos;
System info: host: &apos;Rajitha&apos;, ip: &apos;192.168.56.1&apos;, os.name: &apos;Windows 10&apos;, os.arch: &apos;amd64&apos;, os.version: &apos;10.0&apos;, java.version: &apos;1.8.0_111&apos;
Driver info: driver.version: unknown
	at org.openqa.selenium.support.ui.Select.selectByVisibleText(Select.java:150)
	at com.global.methods.Global_Project_Submissions.MS_ForwardTo_CP(Global_Project_Submissions.java:956)
	at com.create4.scenarios.TS_56.CRe4_1601(TS_56.java:427)
	at com.create4.execution.Termexp_prjctstatus4_msdcsn_TS_56.CRe4_1601(Termexp_prjctstatus4_msdcsn_TS_56.java:38)
</failure>
    <system-out>1
Hello
1
null
1
null
Pharma *
First document title
1
10/04/2018
Submission has been forwarded to Member Secretary Ankita B Bhaumik
</system-out>
  </testcase>
  <testcase classname="com.create4.execution.Termexp_prjctstatus4_msdcsn_TS_56" name="CRe4_1606" time="65.188">
    <failure message="Cannot locate element with text: Member Six
For documentation on this error, please visit: http://seleniumhq.org/exceptions/no_such_element.html
Build info: version: &apos;2.53.1&apos;, revision: &apos;a36b8b1cd5757287168e54b817830adce9b0158d&apos;, time: &apos;2016-06-30 19:26:09&apos;
System info: host: &apos;Rajitha&apos;, ip: &apos;192.168.56.1&apos;, os.name: &apos;Windows 10&apos;, os.arch: &apos;amd64&apos;, os.version: &apos;10.0&apos;, java.version: &apos;1.8.0_111&apos;
Driver info: driver.version: unknown" type="org.openqa.selenium.NoSuchElementException">org.openqa.selenium.NoSuchElementException: Cannot locate element with text: Member Six
For documentation on this error, please visit: http://seleniumhq.org/exceptions/no_such_element.html
Build info: version: &apos;2.53.1&apos;, revision: &apos;a36b8b1cd5757287168e54b817830adce9b0158d&apos;, time: &apos;2016-06-30 19:26:09&apos;
System info: host: &apos;Rajitha&apos;, ip: &apos;192.168.56.1&apos;, os.name: &apos;Windows 10&apos;, os.arch: &apos;amd64&apos;, os.version: &apos;10.0&apos;, java.version: &apos;1.8.0_111&apos;
Driver info: driver.version: unknown
	at org.openqa.selenium.support.ui.Select.selectByVisibleText(Select.java:150)
	at com.global.methods.Global_Project_Submissions.MS_ForwardTo_CP(Global_Project_Submissions.java:956)
	at com.create4.scenarios.TS_56.CRe4_1606(TS_56.java:719)
	at com.create4.execution.Termexp_prjctstatus4_msdcsn_TS_56.CRe4_1606(Termexp_prjctstatus4_msdcsn_TS_56.java:46)
</failure>
    <system-out>1
Hello
1
null
1
null
Pharma *
First document title
1
10/04/2018
Submission has been forwarded to Member Secretary Ankita B Bhaumik
</system-out>
  </testcase>
  <testcase classname="com.create4.execution.Termexp_prjctstatus4_msdcsn_TS_56" name="CRe4_1611" time="66.993">
    <failure message="Cannot locate element with text: Member Six
For documentation on this error, please visit: http://seleniumhq.org/exceptions/no_such_element.html
Build info: version: &apos;2.53.1&apos;, revision: &apos;a36b8b1cd5757287168e54b817830adce9b0158d&apos;, time: &apos;2016-06-30 19:26:09&apos;
System info: host: &apos;Rajitha&apos;, ip: &apos;192.168.56.1&apos;, os.name: &apos;Windows 10&apos;, os.arch: &apos;amd64&apos;, os.version: &apos;10.0&apos;, java.version: &apos;1.8.0_111&apos;
Driver info: driver.version: unknown" type="org.openqa.selenium.NoSuchElementException">org.openqa.selenium.NoSuchElementException: Cannot locate element with text: Member Six
For documentation on this error, please visit: http://seleniumhq.org/exceptions/no_such_element.html
Build info: version: &apos;2.53.1&apos;, revision: &apos;a36b8b1cd5757287168e54b817830adce9b0158d&apos;, time: &apos;2016-06-30 19:26:09&apos;
System info: host: &apos;Rajitha&apos;, ip: &apos;192.168.56.1&apos;, os.name: &apos;Windows 10&apos;, os.arch: &apos;amd64&apos;, os.version: &apos;10.0&apos;, java.version: &apos;1.8.0_111&apos;
Driver info: driver.version: unknown
	at org.openqa.selenium.support.ui.Select.selectByVisibleText(Select.java:150)
	at com.global.methods.Global_Project_Submissions.MS_ForwardTo_CP(Global_Project_Submissions.java:956)
	at com.create4.scenarios.TS_56.CRe4_1611(TS_56.java:1009)
	at com.create4.execution.Termexp_prjctstatus4_msdcsn_TS_56.CRe4_1611(Termexp_prjctstatus4_msdcsn_TS_56.java:54)
</failure>
    <system-out>1
Hello
1
null
1
null
Pharma *
First document title
1
10/04/2018
Submission has been forwarded to Member Secretary Ankita B Bhaumik
</system-out>
  </testcase>
  <testcase classname="com.create4.execution.Termexp_prjctstatus4_msdcsn_TS_56" name="CRe4_1616" time="66.511">
    <failure message="Cannot locate element with text: Member Six
For documentation on this error, please visit: http://seleniumhq.org/exceptions/no_such_element.html
Build info: version: &apos;2.53.1&apos;, revision: &apos;a36b8b1cd5757287168e54b817830adce9b0158d&apos;, time: &apos;2016-06-30 19:26:09&apos;
System info: host: &apos;Rajitha&apos;, ip: &apos;192.168.56.1&apos;, os.name: &apos;Windows 10&apos;, os.arch: &apos;amd64&apos;, os.version: &apos;10.0&apos;, java.version: &apos;1.8.0_111&apos;
Driver info: driver.version: unknown" type="org.openqa.selenium.NoSuchElementException">org.openqa.selenium.NoSuchElementException: Cannot locate element with text: Member Six
For documentation on this error, please visit: http://seleniumhq.org/exceptions/no_such_element.html
Build info: version: &apos;2.53.1&apos;, revision: &apos;a36b8b1cd5757287168e54b817830adce9b0158d&apos;, time: &apos;2016-06-30 19:26:09&apos;
System info: host: &apos;Rajitha&apos;, ip: &apos;192.168.56.1&apos;, os.name: &apos;Windows 10&apos;, os.arch: &apos;amd64&apos;, os.version: &apos;10.0&apos;, java.version: &apos;1.8.0_111&apos;
Driver info: driver.version: unknown
	at org.openqa.selenium.support.ui.Select.selectByVisibleText(Select.java:150)
	at com.global.methods.Global_Project_Submissions.MS_ForwardTo_CP(Global_Project_Submissions.java:956)
	at com.create4.scenarios.TS_56.CRe4_1616(TS_56.java:1299)
	at com.create4.execution.Termexp_prjctstatus4_msdcsn_TS_56.CRe4_1616(Termexp_prjctstatus4_msdcsn_TS_56.java:62)
</failure>
    <system-out>1
Hello
1
null
1
null
Pharma *
First document title
1
10/04/2018
Submission has been forwarded to Member Secretary Ankita B Bhaumik
</system-out>
  </testcase>
  <testcase classname="com.create4.execution.SaeInt_prjctstatus4_msdcsn_TS_57" name="CRe4_1680" time="65.776">
    <failure message="Cannot locate element with text: Member Six
For documentation on this error, please visit: http://seleniumhq.org/exceptions/no_such_element.html
Build info: version: &apos;2.53.1&apos;, revision: &apos;a36b8b1cd5757287168e54b817830adce9b0158d&apos;, time: &apos;2016-06-30 19:26:09&apos;
System info: host: &apos;Rajitha&apos;, ip: &apos;192.168.56.1&apos;, os.name: &apos;Windows 10&apos;, os.arch: &apos;amd64&apos;, os.version: &apos;10.0&apos;, java.version: &apos;1.8.0_111&apos;
Driver info: driver.version: unknown" type="org.openqa.selenium.NoSuchElementException">org.openqa.selenium.NoSuchElementException: Cannot locate element with text: Member Six
For documentation on this error, please visit: http://seleniumhq.org/exceptions/no_such_element.html
Build info: version: &apos;2.53.1&apos;, revision: &apos;a36b8b1cd5757287168e54b817830adce9b0158d&apos;, time: &apos;2016-06-30 19:26:09&apos;
System info: host: &apos;Rajitha&apos;, ip: &apos;192.168.56.1&apos;, os.name: &apos;Windows 10&apos;, os.arch: &apos;amd64&apos;, os.version: &apos;10.0&apos;, java.version: &apos;1.8.0_111&apos;
Driver info: driver.version: unknown
	at org.openqa.selenium.support.ui.Select.selectByVisibleText(Select.java:150)
	at com.global.methods.Global_Project_Submissions.MS_ForwardTo_CP(Global_Project_Submissions.java:956)
	at com.create4.scenarios.TS_57.CRe4_1680(TS_57.java:456)
	at com.create4.execution.SaeInt_prjctstatus4_msdcsn_TS_57.CRe4_1680(SaeInt_prjctstatus4_msdcsn_TS_57.java:36)
</failure>
    <system-out>1
Hello
1
null
1
null
Pharma *
First document title
1
10/04/2018
Submission has been forwarded to Member Secretary Ankita B Bhaumik
</system-out>
  </testcase>
  <testcase classname="com.create4.execution.SaeInt_prjctstatus4_msdcsn_TS_57" name="CRe4_1733" time="68.04">
    <failure message="Cannot locate element with text: Member Six
For documentation on this error, please visit: http://seleniumhq.org/exceptions/no_such_element.html
Build info: version: &apos;2.53.1&apos;, revision: &apos;a36b8b1cd5757287168e54b817830adce9b0158d&apos;, time: &apos;2016-06-30 19:26:09&apos;
System info: host: &apos;Rajitha&apos;, ip: &apos;192.168.56.1&apos;, os.name: &apos;Windows 10&apos;, os.arch: &apos;amd64&apos;, os.version: &apos;10.0&apos;, java.version: &apos;1.8.0_111&apos;
Driver info: driver.version: unknown" type="org.openqa.selenium.NoSuchElementException">org.openqa.selenium.NoSuchElementException: Cannot locate element with text: Member Six
For documentation on this error, please visit: http://seleniumhq.org/exceptions/no_such_element.html
Build info: version: &apos;2.53.1&apos;, revision: &apos;a36b8b1cd5757287168e54b817830adce9b0158d&apos;, time: &apos;2016-06-30 19:26:09&apos;
System info: host: &apos;Rajitha&apos;, ip: &apos;192.168.56.1&apos;, os.name: &apos;Windows 10&apos;, os.arch: &apos;amd64&apos;, os.version: &apos;10.0&apos;, java.version: &apos;1.8.0_111&apos;
Driver info: driver.version: unknown
	at org.openqa.selenium.support.ui.Select.selectByVisibleText(Select.java:150)
	at com.global.methods.Global_Project_Submissions.MS_ForwardTo_CP(Global_Project_Submissions.java:956)
	at com.create4.scenarios.TS_57.CRe4_1733(TS_57.java:800)
	at com.create4.execution.SaeInt_prjctstatus4_msdcsn_TS_57.CRe4_1733(SaeInt_prjctstatus4_msdcsn_TS_57.java:45)
</failure>
    <system-out>1
Hello
1
null
1
null
Pharma *
First document title
1
10/04/2018
Submission has been forwarded to Member Secretary Ankita B Bhaumik
</system-out>
  </testcase>
  <testcase classname="com.create4.execution.Saefllwexp_prjctstatus4_msdcsn_TS_58" name="CRe4_1749" time="64.872">
    <failure message="Cannot locate element with text: Member Six
For documentation on this error, please visit: http://seleniumhq.org/exceptions/no_such_element.html
Build info: version: &apos;2.53.1&apos;, revision: &apos;a36b8b1cd5757287168e54b817830adce9b0158d&apos;, time: &apos;2016-06-30 19:26:09&apos;
System info: host: &apos;Rajitha&apos;, ip: &apos;192.168.56.1&apos;, os.name: &apos;Windows 10&apos;, os.arch: &apos;amd64&apos;, os.version: &apos;10.0&apos;, java.version: &apos;1.8.0_111&apos;
Driver info: driver.version: unknown" type="org.openqa.selenium.NoSuchElementException">org.openqa.selenium.NoSuchElementException: Cannot locate element with text: Member Six
For documentation on this error, please visit: http://seleniumhq.org/exceptions/no_such_element.html
Build info: version: &apos;2.53.1&apos;, revision: &apos;a36b8b1cd5757287168e54b817830adce9b0158d&apos;, time: &apos;2016-06-30 19:26:09&apos;
System info: host: &apos;Rajitha&apos;, ip: &apos;192.168.56.1&apos;, os.name: &apos;Windows 10&apos;, os.arch: &apos;amd64&apos;, os.version: &apos;10.0&apos;, java.version: &apos;1.8.0_111&apos;
Driver info: driver.version: unknown
	at org.openqa.selenium.support.ui.Select.selectByVisibleText(Select.java:150)
	at com.global.methods.Global_Project_Submissions.MS_ForwardTo_CP(Global_Project_Submissions.java:956)
	at com.create4.scenarios.TS_58.CRe4_1749(TS_58.java:463)
	at com.create4.execution.Saefllwexp_prjctstatus4_msdcsn_TS_58.CRe4_1749(Saefllwexp_prjctstatus4_msdcsn_TS_58.java:37)
</failure>
    <system-out>1
Hello
1
null
1
null
Pharma *
First document title
1
10/04/2018
Submission has been forwarded to Member Secretary Ankita B Bhaumik
</system-out>
  </testcase>
  <testcase classname="com.create4.execution.Saefllwexp_prjctstatus4_msdcsn_TS_58" name="CRe4_1754" time="79.849">
    <failure message="Cannot locate element with text: Member Six
For documentation on this error, please visit: http://seleniumhq.org/exceptions/no_such_element.html
Build info: version: &apos;2.53.1&apos;, revision: &apos;a36b8b1cd5757287168e54b817830adce9b0158d&apos;, time: &apos;2016-06-30 19:26:09&apos;
System info: host: &apos;Rajitha&apos;, ip: &apos;192.168.56.1&apos;, os.name: &apos;Windows 10&apos;, os.arch: &apos;amd64&apos;, os.version: &apos;10.0&apos;, java.version: &apos;1.8.0_111&apos;
Driver info: driver.version: unknown" type="org.openqa.selenium.NoSuchElementException">org.openqa.selenium.NoSuchElementException: Cannot locate element with text: Member Six
For documentation on this error, please visit: http://seleniumhq.org/exceptions/no_such_element.html
Build info: version: &apos;2.53.1&apos;, revision: &apos;a36b8b1cd5757287168e54b817830adce9b0158d&apos;, time: &apos;2016-06-30 19:26:09&apos;
System info: host: &apos;Rajitha&apos;, ip: &apos;192.168.56.1&apos;, os.name: &apos;Windows 10&apos;, os.arch: &apos;amd64&apos;, os.version: &apos;10.0&apos;, java.version: &apos;1.8.0_111&apos;
Driver info: driver.version: unknown
	at org.openqa.selenium.support.ui.Select.selectByVisibleText(Select.java:150)
	at com.global.methods.Global_Project_Submissions.MS_ForwardTo_CP(Global_Project_Submissions.java:956)
	at com.create4.scenarios.TS_58.CRe4_1754(TS_58.java:895)
	at com.create4.execution.Saefllwexp_prjctstatus4_msdcsn_TS_58.CRe4_1754(Saefllwexp_prjctstatus4_msdcsn_TS_58.java:46)
</failure>
    <system-out>1
Hello
1
null
1
null
Pharma *
First document title
1
10/04/2018
Submission has been forwarded to Member Secretary Ankita B Bhaumik
</system-out>
  </testcase>
  <testcase classname="com.create4.execution.Saefllwexp_prjctstatus4_msdcsn_TS_58" name="CRe4_1807" time="75.311">
    <failure message="Cannot locate element with text: Member Six
For documentation on this error, please visit: http://seleniumhq.org/exceptions/no_such_element.html
Build info: version: &apos;2.53.1&apos;, revision: &apos;a36b8b1cd5757287168e54b817830adce9b0158d&apos;, time: &apos;2016-06-30 19:26:09&apos;
System info: host: &apos;Rajitha&apos;, ip: &apos;192.168.56.1&apos;, os.name: &apos;Windows 10&apos;, os.arch: &apos;amd64&apos;, os.version: &apos;10.0&apos;, java.version: &apos;1.8.0_111&apos;
Driver info: driver.version: unknown" type="org.openqa.selenium.NoSuchElementException">org.openqa.selenium.NoSuchElementException: Cannot locate element with text: Member Six
For documentation on this error, please visit: http://seleniumhq.org/exceptions/no_such_element.html
Build info: version: &apos;2.53.1&apos;, revision: &apos;a36b8b1cd5757287168e54b817830adce9b0158d&apos;, time: &apos;2016-06-30 19:26:09&apos;
System info: host: &apos;Rajitha&apos;, ip: &apos;192.168.56.1&apos;, os.name: &apos;Windows 10&apos;, os.arch: &apos;amd64&apos;, os.version: &apos;10.0&apos;, java.version: &apos;1.8.0_111&apos;
Driver info: driver.version: unknown
	at org.openqa.selenium.support.ui.Select.selectByVisibleText(Select.java:150)
	at com.global.methods.Global_Project_Submissions.MS_ForwardTo_CP(Global_Project_Submissions.java:956)
	at com.create4.scenarios.TS_58.CRe4_1807(TS_58.java:1328)
	at com.create4.execution.Saefllwexp_prjctstatus4_msdcsn_TS_58.CRe4_1807(Saefllwexp_prjctstatus4_msdcsn_TS_58.java:54)
</failure>
    <system-out>1
Hello
1
null
1
null
Pharma *
First document title
1
10/04/2018
Submission has been forwarded to Member Secretary Ankita B Bhaumik
</system-out>
  </testcase>
  <testcase classname="com.create4.execution.Saefllwexp_prjctstatus4_msdcsn_TS_58" name="CRe4_1812" time="66.364">
    <failure message="Cannot locate element with text: Member Six
For documentation on this error, please visit: http://seleniumhq.org/exceptions/no_such_element.html
Build info: version: &apos;2.53.1&apos;, revision: &apos;a36b8b1cd5757287168e54b817830adce9b0158d&apos;, time: &apos;2016-06-30 19:26:09&apos;
System info: host: &apos;Rajitha&apos;, ip: &apos;192.168.56.1&apos;, os.name: &apos;Windows 10&apos;, os.arch: &apos;amd64&apos;, os.version: &apos;10.0&apos;, java.version: &apos;1.8.0_111&apos;
Driver info: driver.version: unknown" type="org.openqa.selenium.NoSuchElementException">org.openqa.selenium.NoSuchElementException: Cannot locate element with text: Member Six
For documentation on this error, please visit: http://seleniumhq.org/exceptions/no_such_element.html
Build info: version: &apos;2.53.1&apos;, revision: &apos;a36b8b1cd5757287168e54b817830adce9b0158d&apos;, time: &apos;2016-06-30 19:26:09&apos;
System info: host: &apos;Rajitha&apos;, ip: &apos;192.168.56.1&apos;, os.name: &apos;Windows 10&apos;, os.arch: &apos;amd64&apos;, os.version: &apos;10.0&apos;, java.version: &apos;1.8.0_111&apos;
Driver info: driver.version: unknown
	at org.openqa.selenium.support.ui.Select.selectByVisibleText(Select.java:150)
	at com.global.methods.Global_Project_Submissions.MS_ForwardTo_CP(Global_Project_Submissions.java:956)
	at com.create4.scenarios.TS_58.CRe4_1812(TS_58.java:1763)
	at com.create4.execution.Saefllwexp_prjctstatus4_msdcsn_TS_58.CRe4_1812(Saefllwexp_prjctstatus4_msdcsn_TS_58.java:62)
</failure>
    <system-out>1
Hello
1
null
1
null
Pharma *
First document title
1
10/04/2018
Submission has been forwarded to Member Secretary Ankita B Bhaumik
</system-out>
  </testcase>
  <testcase classname="com.create4.execution.Saeothrexp_prjctstatus4_msdcsn_TS_59" name="CRe4_1828" time="66.874">
    <failure message="Cannot locate element with text: Member Six
For documentation on this error, please visit: http://seleniumhq.org/exceptions/no_such_element.html
Build info: version: &apos;2.53.1&apos;, revision: &apos;a36b8b1cd5757287168e54b817830adce9b0158d&apos;, time: &apos;2016-06-30 19:26:09&apos;
System info: host: &apos;Rajitha&apos;, ip: &apos;192.168.56.1&apos;, os.name: &apos;Windows 10&apos;, os.arch: &apos;amd64&apos;, os.version: &apos;10.0&apos;, java.version: &apos;1.8.0_111&apos;
Driver info: driver.version: unknown" type="org.openqa.selenium.NoSuchElementException">org.openqa.selenium.NoSuchElementException: Cannot locate element with text: Member Six
For documentation on this error, please visit: http://seleniumhq.org/exceptions/no_such_element.html
Build info: version: &apos;2.53.1&apos;, revision: &apos;a36b8b1cd5757287168e54b817830adce9b0158d&apos;, time: &apos;2016-06-30 19:26:09&apos;
System info: host: &apos;Rajitha&apos;, ip: &apos;192.168.56.1&apos;, os.name: &apos;Windows 10&apos;, os.arch: &apos;amd64&apos;, os.version: &apos;10.0&apos;, java.version: &apos;1.8.0_111&apos;
Driver info: driver.version: unknown
	at org.openqa.selenium.support.ui.Select.selectByVisibleText(Select.java:150)
	at com.global.methods.Global_Project_Submissions.MS_ForwardTo_CP(Global_Project_Submissions.java:956)
	at com.create4.scenarios.TS_59.CRe4_1828(TS_59.java:462)
	at com.create4.execution.Saeothrexp_prjctstatus4_msdcsn_TS_59.CRe4_1828(Saeothrexp_prjctstatus4_msdcsn_TS_59.java:38)
</failure>
    <system-out>1
Hello
1
null
1
null
Pharma *
First document title
1
10/04/2018
Submission has been forwarded to Member Secretary Ankita B Bhaumik
</system-out>
  </testcase>
  <testcase classname="com.create4.execution.Saeothrexp_prjctstatus4_msdcsn_TS_59" name="CRe4_1833" time="66.282">
    <failure message="Cannot locate element with text: Member Six
For documentation on this error, please visit: http://seleniumhq.org/exceptions/no_such_element.html
Build info: version: &apos;2.53.1&apos;, revision: &apos;a36b8b1cd5757287168e54b817830adce9b0158d&apos;, time: &apos;2016-06-30 19:26:09&apos;
System info: host: &apos;Rajitha&apos;, ip: &apos;192.168.56.1&apos;, os.name: &apos;Windows 10&apos;, os.arch: &apos;amd64&apos;, os.version: &apos;10.0&apos;, java.version: &apos;1.8.0_111&apos;
Driver info: driver.version: unknown" type="org.openqa.selenium.NoSuchElementException">org.openqa.selenium.NoSuchElementException: Cannot locate element with text: Member Six
For documentation on this error, please visit: http://seleniumhq.org/exceptions/no_such_element.html
Build info: version: &apos;2.53.1&apos;, revision: &apos;a36b8b1cd5757287168e54b817830adce9b0158d&apos;, time: &apos;2016-06-30 19:26:09&apos;
System info: host: &apos;Rajitha&apos;, ip: &apos;192.168.56.1&apos;, os.name: &apos;Windows 10&apos;, os.arch: &apos;amd64&apos;, os.version: &apos;10.0&apos;, java.version: &apos;1.8.0_111&apos;
Driver info: driver.version: unknown
	at org.openqa.selenium.support.ui.Select.selectByVisibleText(Select.java:150)
	at com.global.methods.Global_Project_Submissions.MS_ForwardTo_CP(Global_Project_Submissions.java:956)
	at com.create4.scenarios.TS_59.CRe4_1833(TS_59.java:778)
	at com.create4.execution.Saeothrexp_prjctstatus4_msdcsn_TS_59.CRe4_1833(Saeothrexp_prjctstatus4_msdcsn_TS_59.java:47)
</failure>
    <system-out>1
Hello
1
null
1
null
Pharma *
First document title
1
10/04/2018
Submission has been forwarded to Member Secretary Ankita B Bhaumik
</system-out>
  </testcase>
  <testcase classname="com.create4.execution.Saeothrexp_prjctstatus4_msdcsn_TS_59" name="CRe4_1883" time="66.079">
    <failure message="Cannot locate element with text: Member Six
For documentation on this error, please visit: http://seleniumhq.org/exceptions/no_such_element.html
Build info: version: &apos;2.53.1&apos;, revision: &apos;a36b8b1cd5757287168e54b817830adce9b0158d&apos;, time: &apos;2016-06-30 19:26:09&apos;
System info: host: &apos;Rajitha&apos;, ip: &apos;192.168.56.1&apos;, os.name: &apos;Windows 10&apos;, os.arch: &apos;amd64&apos;, os.version: &apos;10.0&apos;, java.version: &apos;1.8.0_111&apos;
Driver info: driver.version: unknown" type="org.openqa.selenium.NoSuchElementException">org.openqa.selenium.NoSuchElementException: Cannot locate element with text: Member Six
For documentation on this error, please visit: http://seleniumhq.org/exceptions/no_such_element.html
Build info: version: &apos;2.53.1&apos;, revision: &apos;a36b8b1cd5757287168e54b817830adce9b0158d&apos;, time: &apos;2016-06-30 19:26:09&apos;
System info: host: &apos;Rajitha&apos;, ip: &apos;192.168.56.1&apos;, os.name: &apos;Windows 10&apos;, os.arch: &apos;amd64&apos;, os.version: &apos;10.0&apos;, java.version: &apos;1.8.0_111&apos;
Driver info: driver.version: unknown
	at org.openqa.selenium.support.ui.Select.selectByVisibleText(Select.java:150)
	at com.global.methods.Global_Project_Submissions.MS_ForwardTo_CP(Global_Project_Submissions.java:956)
	at com.create4.scenarios.TS_59.CRe4_1883(TS_59.java:1095)
	at com.create4.execution.Saeothrexp_prjctstatus4_msdcsn_TS_59.CRe4_1883(Saeothrexp_prjctstatus4_msdcsn_TS_59.java:56)
</failure>
    <system-out>1
Hello
1
null
1
null
Pharma *
First document title
1
10/04/2018
Submission has been forwarded to Member Secretary Ankita B Bhaumik
</system-out>
  </testcase>
  <testcase classname="com.create4.execution.Withdraw_prjctstatus4_msdcsn_TS_60" name="CRe4_1899" time="125.802">
    <failure message="Cannot locate element with text: Member Six
For documentation on this error, please visit: http://seleniumhq.org/exceptions/no_such_element.html
Build info: version: &apos;2.53.1&apos;, revision: &apos;a36b8b1cd5757287168e54b817830adce9b0158d&apos;, time: &apos;2016-06-30 19:26:09&apos;
System info: host: &apos;Rajitha&apos;, ip: &apos;192.168.56.1&apos;, os.name: &apos;Windows 10&apos;, os.arch: &apos;amd64&apos;, os.version: &apos;10.0&apos;, java.version: &apos;1.8.0_111&apos;
Driver info: driver.version: unknown" type="org.openqa.selenium.NoSuchElementException">org.openqa.selenium.NoSuchElementException: Cannot locate element with text: Member Six
For documentation on this error, please visit: http://seleniumhq.org/exceptions/no_such_element.html
Build info: version: &apos;2.53.1&apos;, revision: &apos;a36b8b1cd5757287168e54b817830adce9b0158d&apos;, time: &apos;2016-06-30 19:26:09&apos;
System info: host: &apos;Rajitha&apos;, ip: &apos;192.168.56.1&apos;, os.name: &apos;Windows 10&apos;, os.arch: &apos;amd64&apos;, os.version: &apos;10.0&apos;, java.version: &apos;1.8.0_111&apos;
Driver info: driver.version: unknown
	at org.openqa.selenium.support.ui.Select.selectByVisibleText(Select.java:150)
	at com.global.methods.Global_Project_Submissions.MS_ForwardTo_CP(Global_Project_Submissions.java:956)
	at com.create4.scenarios.TS_60.CRe4_1899(TS_60.java:605)
	at com.create4.execution.Withdraw_prjctstatus4_msdcsn_TS_60.CRe4_1899(Withdraw_prjctstatus4_msdcsn_TS_60.java:38)
</failure>
    <system-out>1
Hello
1
null
1
null
Pharma *
First document title
1
10/04/2018
1
1
null
1
null
Submission has been forwarded to Member Secretary Ankita B Bhaumik
</system-out>
  </testcase>
  <testcase classname="com.create4.execution.Withdraw_prjctstatus4_msdcsn_TS_60" name="CRe4_1904" time="105.945">
    <failure message="Cannot locate element with text: Member Six
For documentation on this error, please visit: http://seleniumhq.org/exceptions/no_such_element.html
Build info: version: &apos;2.53.1&apos;, revision: &apos;a36b8b1cd5757287168e54b817830adce9b0158d&apos;, time: &apos;2016-06-30 19:26:09&apos;
System info: host: &apos;Rajitha&apos;, ip: &apos;192.168.56.1&apos;, os.name: &apos;Windows 10&apos;, os.arch: &apos;amd64&apos;, os.version: &apos;10.0&apos;, java.version: &apos;1.8.0_111&apos;
Driver info: driver.version: unknown" type="org.openqa.selenium.NoSuchElementException">org.openqa.selenium.NoSuchElementException: Cannot locate element with text: Member Six
For documentation on this error, please visit: http://seleniumhq.org/exceptions/no_such_element.html
Build info: version: &apos;2.53.1&apos;, revision: &apos;a36b8b1cd5757287168e54b817830adce9b0158d&apos;, time: &apos;2016-06-30 19:26:09&apos;
System info: host: &apos;Rajitha&apos;, ip: &apos;192.168.56.1&apos;, os.name: &apos;Windows 10&apos;, os.arch: &apos;amd64&apos;, os.version: &apos;10.0&apos;, java.version: &apos;1.8.0_111&apos;
Driver info: driver.version: unknown
	at org.openqa.selenium.support.ui.Select.selectByVisibleText(Select.java:150)
	at com.global.methods.Global_Project_Submissions.MS_ForwardTo_CP(Global_Project_Submissions.java:956)
	at com.create4.scenarios.TS_60.CRe4_1904(TS_60.java:812)
	at com.create4.execution.Withdraw_prjctstatus4_msdcsn_TS_60.CRe4_1904(Withdraw_prjctstatus4_msdcsn_TS_60.java:47)
</failure>
    <system-out>1
Hello
1
null
1
null
Pharma *
First document title
1
10/04/2018
1
1
null
1
null
Submission has been forwarded to Member Secretary Ankita B Bhaumik
</system-out>
  </testcase>
</testsuite>